{"/home/jaimemenendez/Workspace/Master AIDev202410/Ligenia/backend/src/app.ts": {"path":"/home/jaimemenendez/Workspace/Master AIDev202410/Ligenia/backend/src/app.ts","statementMap":{"0":{"start":{"line":1,"column":0},"end":{"line":1,"column":26}},"1":{"start":{"line":2,"column":0},"end":{"line":2,"column":80}},"2":{"start":{"line":3,"column":0},"end":{"line":3,"column":24}},"3":{"start":{"line":4,"column":0},"end":{"line":4,"column":28}},"4":{"start":{"line":5,"column":0},"end":{"line":5,"column":28}},"5":{"start":{"line":6,"column":0},"end":{"line":6,"column":28}},"6":{"start":{"line":10,"column":0},"end":{"line":10,"column":43}},"7":{"start":{"line":13,"column":0},"end":{"line":13,"column":16}},"8":{"start":{"line":16,"column":25},"end":{"line":16,"column":34}},"9":{"start":{"line":17,"column":13},"end":{"line":17,"column":37}},"10":{"start":{"line":20,"column":0},"end":{"line":20,"column":24}},"11":{"start":{"line":21,"column":0},"end":{"line":21,"column":48}},"12":{"start":{"line":22,"column":0},"end":{"line":22,"column":16}},"13":{"start":{"line":23,"column":0},"end":{"line":23,"column":18}},"14":{"start":{"line":24,"column":0},"end":{"line":24,"column":23}},"15":{"start":{"line":27,"column":0},"end":{"line":27,"column":27}},"16":{"start":{"line":30,"column":0},"end":{"line":32,"column":3}},"17":{"start":{"line":31,"column":2},"end":{"line":31,"column":56}},"18":{"start":{"line":35,"column":0},"end":{"line":41,"column":3}},"19":{"start":{"line":36,"column":2},"end":{"line":36,"column":27}},"20":{"start":{"line":37,"column":2},"end":{"line":40,"column":5}},"21":{"start":{"line":44,"column":0},"end":{"line":48,"column":1}},"22":{"start":{"line":45,"column":2},"end":{"line":47,"column":5}},"23":{"start":{"line":46,"column":4},"end":{"line":46,"column":53}},"24":{"start":{"line":50,"column":0},"end":{"line":50,"column":19}}},"fnMap":{"0":{"name":"(anonymous_1)","decl":{"start":{"line":30,"column":19},"end":{"line":30,"column":20}},"loc":{"start":{"line":30,"column":51},"end":{"line":32,"column":1}}},"1":{"name":"(anonymous_2)","decl":{"start":{"line":35,"column":8},"end":{"line":35,"column":9}},"loc":{"start":{"line":35,"column":72},"end":{"line":41,"column":1}}},"2":{"name":"(anonymous_3)","decl":{"start":{"line":45,"column":19},"end":{"line":45,"column":22}},"loc":{"start":{"line":45,"column":24},"end":{"line":47,"column":3}}}},"branchMap":{"0":{"loc":{"start":{"line":17,"column":13},"end":{"line":17,"column":37}},"type":"binary-expr","locations":[{"start":{"line":17,"column":13},"end":{"line":17,"column":29}},{"start":{"line":17,"column":33},"end":{"line":17,"column":37}}]},"1":{"loc":{"start":{"line":39,"column":11},"end":{"line":39,"column":75}},"type":"cond-expr","locations":[{"start":{"line":39,"column":52},"end":{"line":39,"column":63}},{"start":{"line":39,"column":66},"end":{"line":39,"column":75}}]},"2":{"loc":{"start":{"line":44,"column":0},"end":{"line":48,"column":1}},"type":"if","locations":[{"start":{"line":44,"column":0},"end":{"line":48,"column":1}}]}},"s":{"0":4,"1":4,"2":4,"3":4,"4":4,"5":4,"6":4,"7":4,"8":4,"9":4,"10":4,"11":4,"12":4,"13":4,"14":4,"15":4,"16":4,"17":0,"18":4,"19":0,"20":0,"21":4,"22":0,"23":0,"24":4},"f":{"0":0,"1":0,"2":0},"b":{"0":[4,0],"1":[0,0],"2":[0]}}
,"/home/jaimemenendez/Workspace/Master AIDev202410/Ligenia/backend/src/api/controllers/auth.controller.ts": {"path":"/home/jaimemenendez/Workspace/Master AIDev202410/Ligenia/backend/src/api/controllers/auth.controller.ts","statementMap":{"0":{"start":{"line":13,"column":9},"end":{"line":46,"column":4}},"1":{"start":{"line":13,"column":58},"end":{"line":46,"column":4}},"2":{"start":{"line":14,"column":4},"end":{"line":45,"column":5}},"3":{"start":{"line":16,"column":23},"end":{"line":16,"column":31}},"4":{"start":{"line":21,"column":19},"end":{"line":28,"column":8}},"5":{"start":{"line":31,"column":20},"end":{"line":31,"column":41}},"6":{"start":{"line":32,"column":27},"end":{"line":32,"column":52}},"7":{"start":{"line":34,"column":6},"end":{"line":41,"column":9}},"8":{"start":{"line":43,"column":6},"end":{"line":43,"column":54}},"9":{"start":{"line":44,"column":6},"end":{"line":44,"column":89}},"10":{"start":{"line":52,"column":9},"end":{"line":86,"column":4}},"11":{"start":{"line":52,"column":55},"end":{"line":86,"column":4}},"12":{"start":{"line":53,"column":4},"end":{"line":85,"column":5}},"13":{"start":{"line":55,"column":34},"end":{"line":55,"column":42}},"14":{"start":{"line":61,"column":19},"end":{"line":68,"column":8}},"15":{"start":{"line":71,"column":20},"end":{"line":71,"column":41}},"16":{"start":{"line":72,"column":27},"end":{"line":72,"column":52}},"17":{"start":{"line":74,"column":6},"end":{"line":81,"column":9}},"18":{"start":{"line":83,"column":6},"end":{"line":83,"column":48}},"19":{"start":{"line":84,"column":6},"end":{"line":84,"column":89}},"20":{"start":{"line":92,"column":9},"end":{"line":113,"column":4}},"21":{"start":{"line":92,"column":60},"end":{"line":113,"column":4}},"22":{"start":{"line":93,"column":4},"end":{"line":112,"column":5}},"23":{"start":{"line":95,"column":6},"end":{"line":100,"column":7}},"24":{"start":{"line":96,"column":8},"end":{"line":99,"column":11}},"25":{"start":{"line":105,"column":6},"end":{"line":108,"column":9}},"26":{"start":{"line":110,"column":6},"end":{"line":110,"column":49}},"27":{"start":{"line":111,"column":6},"end":{"line":111,"column":89}},"28":{"start":{"line":119,"column":9},"end":{"line":142,"column":4}},"29":{"start":{"line":119,"column":62},"end":{"line":142,"column":4}},"30":{"start":{"line":120,"column":4},"end":{"line":141,"column":5}},"31":{"start":{"line":122,"column":31},"end":{"line":122,"column":39}},"32":{"start":{"line":128,"column":23},"end":{"line":128,"column":48}},"33":{"start":{"line":129,"column":30},"end":{"line":129,"column":59}},"34":{"start":{"line":131,"column":6},"end":{"line":137,"column":9}},"35":{"start":{"line":139,"column":6},"end":{"line":139,"column":54}},"36":{"start":{"line":140,"column":6},"end":{"line":140,"column":89}},"37":{"start":{"line":148,"column":9},"end":{"line":180,"column":4}},"38":{"start":{"line":148,"column":59},"end":{"line":180,"column":4}},"39":{"start":{"line":149,"column":4},"end":{"line":179,"column":5}},"40":{"start":{"line":151,"column":6},"end":{"line":156,"column":7}},"41":{"start":{"line":152,"column":8},"end":{"line":155,"column":11}},"42":{"start":{"line":161,"column":19},"end":{"line":168,"column":8}},"43":{"start":{"line":170,"column":6},"end":{"line":175,"column":9}},"44":{"start":{"line":177,"column":6},"end":{"line":177,"column":58}},"45":{"start":{"line":178,"column":6},"end":{"line":178,"column":89}},"46":{"start":{"line":186,"column":9},"end":{"line":202,"column":4}},"47":{"start":{"line":186,"column":64},"end":{"line":202,"column":4}},"48":{"start":{"line":187,"column":4},"end":{"line":201,"column":5}},"49":{"start":{"line":189,"column":24},"end":{"line":189,"column":32}},"50":{"start":{"line":194,"column":6},"end":{"line":197,"column":9}},"51":{"start":{"line":199,"column":6},"end":{"line":199,"column":63}},"52":{"start":{"line":200,"column":6},"end":{"line":200,"column":89}},"53":{"start":{"line":208,"column":9},"end":{"line":224,"column":4}},"54":{"start":{"line":208,"column":63},"end":{"line":224,"column":4}},"55":{"start":{"line":209,"column":4},"end":{"line":223,"column":5}},"56":{"start":{"line":211,"column":34},"end":{"line":211,"column":42}},"57":{"start":{"line":216,"column":6},"end":{"line":219,"column":9}},"58":{"start":{"line":221,"column":6},"end":{"line":221,"column":56}},"59":{"start":{"line":222,"column":6},"end":{"line":222,"column":89}},"60":{"start":{"line":230,"column":9},"end":{"line":246,"column":4}},"61":{"start":{"line":230,"column":61},"end":{"line":246,"column":4}},"62":{"start":{"line":231,"column":4},"end":{"line":245,"column":5}},"63":{"start":{"line":233,"column":24},"end":{"line":233,"column":32}},"64":{"start":{"line":238,"column":6},"end":{"line":241,"column":9}},"65":{"start":{"line":243,"column":6},"end":{"line":243,"column":53}},"66":{"start":{"line":244,"column":6},"end":{"line":244,"column":89}},"67":{"start":{"line":8,"column":0},"end":{"line":8,"column":13}}},"fnMap":{"0":{"name":"(anonymous_7)","decl":{"start":{"line":8,"column":0},"end":{"line":8,"column":13}},"loc":{"start":{"line":8,"column":0},"end":{"line":247,"column":1}}},"1":{"name":"(anonymous_8)","decl":{"start":{"line":13,"column":20},"end":{"line":13,"column":27}},"loc":{"start":{"line":13,"column":58},"end":{"line":46,"column":4}}},"2":{"name":"(anonymous_9)","decl":{"start":{"line":13,"column":58},"end":{"line":13,"column":null}},"loc":{"start":{"line":13,"column":58},"end":{"line":46,"column":3}}},"3":{"name":"(anonymous_10)","decl":{"start":{"line":52,"column":17},"end":{"line":52,"column":24}},"loc":{"start":{"line":52,"column":55},"end":{"line":86,"column":4}}},"4":{"name":"(anonymous_11)","decl":{"start":{"line":52,"column":55},"end":{"line":52,"column":null}},"loc":{"start":{"line":52,"column":55},"end":{"line":86,"column":3}}},"5":{"name":"(anonymous_12)","decl":{"start":{"line":92,"column":18},"end":{"line":92,"column":25}},"loc":{"start":{"line":92,"column":60},"end":{"line":113,"column":4}}},"6":{"name":"(anonymous_13)","decl":{"start":{"line":92,"column":60},"end":{"line":92,"column":null}},"loc":{"start":{"line":92,"column":60},"end":{"line":113,"column":3}}},"7":{"name":"(anonymous_14)","decl":{"start":{"line":119,"column":24},"end":{"line":119,"column":31}},"loc":{"start":{"line":119,"column":62},"end":{"line":142,"column":4}}},"8":{"name":"(anonymous_15)","decl":{"start":{"line":119,"column":62},"end":{"line":119,"column":null}},"loc":{"start":{"line":119,"column":62},"end":{"line":142,"column":3}}},"9":{"name":"(anonymous_16)","decl":{"start":{"line":148,"column":17},"end":{"line":148,"column":24}},"loc":{"start":{"line":148,"column":59},"end":{"line":180,"column":4}}},"10":{"name":"(anonymous_17)","decl":{"start":{"line":148,"column":59},"end":{"line":148,"column":null}},"loc":{"start":{"line":148,"column":59},"end":{"line":180,"column":3}}},"11":{"name":"(anonymous_18)","decl":{"start":{"line":186,"column":26},"end":{"line":186,"column":33}},"loc":{"start":{"line":186,"column":64},"end":{"line":202,"column":4}}},"12":{"name":"(anonymous_19)","decl":{"start":{"line":186,"column":64},"end":{"line":186,"column":null}},"loc":{"start":{"line":186,"column":64},"end":{"line":202,"column":3}}},"13":{"name":"(anonymous_20)","decl":{"start":{"line":208,"column":25},"end":{"line":208,"column":32}},"loc":{"start":{"line":208,"column":63},"end":{"line":224,"column":4}}},"14":{"name":"(anonymous_21)","decl":{"start":{"line":208,"column":63},"end":{"line":208,"column":null}},"loc":{"start":{"line":208,"column":63},"end":{"line":224,"column":3}}},"15":{"name":"(anonymous_22)","decl":{"start":{"line":230,"column":23},"end":{"line":230,"column":30}},"loc":{"start":{"line":230,"column":61},"end":{"line":246,"column":4}}},"16":{"name":"(anonymous_23)","decl":{"start":{"line":230,"column":61},"end":{"line":230,"column":null}},"loc":{"start":{"line":230,"column":61},"end":{"line":246,"column":3}}}},"branchMap":{"0":{"loc":{"start":{"line":25,"column":14},"end":{"line":25,"column":37}},"type":"binary-expr","locations":[{"start":{"line":25,"column":14},"end":{"line":25,"column":27}},{"start":{"line":25,"column":31},"end":{"line":25,"column":37}}]},"1":{"loc":{"start":{"line":95,"column":6},"end":{"line":100,"column":7}},"type":"if","locations":[{"start":{"line":95,"column":6},"end":{"line":100,"column":7}}]},"2":{"loc":{"start":{"line":151,"column":6},"end":{"line":156,"column":7}},"type":"if","locations":[{"start":{"line":151,"column":6},"end":{"line":156,"column":7}}]}},"s":{"0":4,"1":0,"2":0,"3":0,"4":0,"5":0,"6":0,"7":0,"8":0,"9":0,"10":4,"11":0,"12":0,"13":0,"14":0,"15":0,"16":0,"17":0,"18":0,"19":0,"20":4,"21":0,"22":0,"23":0,"24":0,"25":0,"26":0,"27":0,"28":4,"29":0,"30":0,"31":0,"32":0,"33":0,"34":0,"35":0,"36":0,"37":4,"38":0,"39":0,"40":0,"41":0,"42":0,"43":0,"44":0,"45":0,"46":4,"47":0,"48":0,"49":0,"50":0,"51":0,"52":0,"53":4,"54":0,"55":0,"56":0,"57":0,"58":0,"59":0,"60":4,"61":0,"62":0,"63":0,"64":0,"65":0,"66":0,"67":4},"f":{"0":4,"1":0,"2":0,"3":0,"4":0,"5":0,"6":0,"7":0,"8":0,"9":0,"10":0,"11":0,"12":0,"13":0,"14":0,"15":0,"16":0},"b":{"0":[0,0],"1":[0],"2":[0]}}
,"/home/jaimemenendez/Workspace/Master AIDev202410/Ligenia/backend/src/api/controllers/match.controller.ts": {"path":"/home/jaimemenendez/Workspace/Master AIDev202410/Ligenia/backend/src/api/controllers/match.controller.ts","statementMap":{"0":{"start":{"line":3,"column":0},"end":{"line":3,"column":55}},"1":{"start":{"line":4,"column":0},"end":{"line":4,"column":46}},"2":{"start":{"line":6,"column":15},"end":{"line":6,"column":33}},"3":{"start":{"line":13,"column":9},"end":{"line":85,"column":4}},"4":{"start":{"line":13,"column":60},"end":{"line":85,"column":4}},"5":{"start":{"line":14,"column":4},"end":{"line":84,"column":5}},"6":{"start":{"line":16,"column":39},"end":{"line":16,"column":48}},"7":{"start":{"line":22,"column":20},"end":{"line":55,"column":8}},"8":{"start":{"line":58,"column":6},"end":{"line":60,"column":7}},"9":{"start":{"line":59,"column":8},"end":{"line":59,"column":71}},"10":{"start":{"line":59,"column":38},"end":{"line":59,"column":69}},"11":{"start":{"line":62,"column":6},"end":{"line":64,"column":7}},"12":{"start":{"line":63,"column":8},"end":{"line":63,"column":59}},"13":{"start":{"line":63,"column":38},"end":{"line":63,"column":57}},"14":{"start":{"line":66,"column":6},"end":{"line":73,"column":7}},"15":{"start":{"line":67,"column":8},"end":{"line":72,"column":11}},"16":{"start":{"line":75,"column":6},"end":{"line":80,"column":9}},"17":{"start":{"line":82,"column":6},"end":{"line":82,"column":53}},"18":{"start":{"line":83,"column":6},"end":{"line":83,"column":89}},"19":{"start":{"line":91,"column":9},"end":{"line":134,"column":4}},"20":{"start":{"line":91,"column":62},"end":{"line":134,"column":4}},"21":{"start":{"line":92,"column":4},"end":{"line":133,"column":5}},"22":{"start":{"line":94,"column":21},"end":{"line":94,"column":31}},"23":{"start":{"line":97,"column":6},"end":{"line":102,"column":7}},"24":{"start":{"line":98,"column":8},"end":{"line":101,"column":11}},"25":{"start":{"line":108,"column":20},"end":{"line":122,"column":8}},"26":{"start":{"line":124,"column":6},"end":{"line":129,"column":9}},"27":{"start":{"line":131,"column":6},"end":{"line":131,"column":57}},"28":{"start":{"line":132,"column":6},"end":{"line":132,"column":89}},"29":{"start":{"line":140,"column":9},"end":{"line":179,"column":4}},"30":{"start":{"line":140,"column":65},"end":{"line":179,"column":4}},"31":{"start":{"line":141,"column":4},"end":{"line":178,"column":5}},"32":{"start":{"line":143,"column":24},"end":{"line":143,"column":32}},"33":{"start":{"line":146,"column":6},"end":{"line":151,"column":7}},"34":{"start":{"line":147,"column":8},"end":{"line":150,"column":11}},"35":{"start":{"line":154,"column":6},"end":{"line":166,"column":7}},"36":{"start":{"line":162,"column":8},"end":{"line":165,"column":11}},"37":{"start":{"line":168,"column":20},"end":{"line":173,"column":8}},"38":{"start":{"line":174,"column":6},"end":{"line":174,"column":67}},"39":{"start":{"line":176,"column":6},"end":{"line":176,"column":52}},"40":{"start":{"line":177,"column":6},"end":{"line":177,"column":82}},"41":{"start":{"line":185,"column":9},"end":{"line":243,"column":4}},"42":{"start":{"line":185,"column":65},"end":{"line":243,"column":4}},"43":{"start":{"line":186,"column":4},"end":{"line":242,"column":5}},"44":{"start":{"line":188,"column":21},"end":{"line":188,"column":31}},"45":{"start":{"line":189,"column":24},"end":{"line":189,"column":32}},"46":{"start":{"line":192,"column":6},"end":{"line":197,"column":7}},"47":{"start":{"line":193,"column":8},"end":{"line":196,"column":11}},"48":{"start":{"line":200,"column":6},"end":{"line":205,"column":7}},"49":{"start":{"line":201,"column":8},"end":{"line":204,"column":11}},"50":{"start":{"line":211,"column":28},"end":{"line":224,"column":8}},"51":{"start":{"line":227,"column":24},"end":{"line":230,"column":null}},"52":{"start":{"line":233,"column":6},"end":{"line":238,"column":9}},"53":{"start":{"line":240,"column":6},"end":{"line":240,"column":52}},"54":{"start":{"line":241,"column":6},"end":{"line":241,"column":89}},"55":{"start":{"line":249,"column":9},"end":{"line":304,"column":4}},"56":{"start":{"line":249,"column":65},"end":{"line":304,"column":4}},"57":{"start":{"line":250,"column":4},"end":{"line":303,"column":5}},"58":{"start":{"line":252,"column":21},"end":{"line":252,"column":31}},"59":{"start":{"line":253,"column":24},"end":{"line":253,"column":32}},"60":{"start":{"line":256,"column":6},"end":{"line":261,"column":7}},"61":{"start":{"line":257,"column":8},"end":{"line":260,"column":11}},"62":{"start":{"line":264,"column":6},"end":{"line":269,"column":7}},"63":{"start":{"line":265,"column":8},"end":{"line":268,"column":11}},"64":{"start":{"line":275,"column":28},"end":{"line":285,"column":8}},"65":{"start":{"line":288,"column":17},"end":{"line":291,"column":null}},"66":{"start":{"line":294,"column":6},"end":{"line":299,"column":9}},"67":{"start":{"line":301,"column":6},"end":{"line":301,"column":58}},"68":{"start":{"line":302,"column":6},"end":{"line":302,"column":89}},"69":{"start":{"line":310,"column":9},"end":{"line":342,"column":4}},"70":{"start":{"line":310,"column":65},"end":{"line":342,"column":4}},"71":{"start":{"line":311,"column":4},"end":{"line":341,"column":5}},"72":{"start":{"line":313,"column":21},"end":{"line":313,"column":31}},"73":{"start":{"line":316,"column":6},"end":{"line":321,"column":7}},"74":{"start":{"line":317,"column":8},"end":{"line":320,"column":11}},"75":{"start":{"line":324,"column":6},"end":{"line":329,"column":7}},"76":{"start":{"line":325,"column":8},"end":{"line":328,"column":11}},"77":{"start":{"line":334,"column":6},"end":{"line":337,"column":9}},"78":{"start":{"line":339,"column":6},"end":{"line":339,"column":52}},"79":{"start":{"line":340,"column":6},"end":{"line":340,"column":89}},"80":{"start":{"line":8,"column":0},"end":{"line":8,"column":13}}},"fnMap":{"0":{"name":"(anonymous_7)","decl":{"start":{"line":8,"column":0},"end":{"line":8,"column":13}},"loc":{"start":{"line":8,"column":0},"end":{"line":343,"column":1}}},"1":{"name":"(anonymous_8)","decl":{"start":{"line":13,"column":22},"end":{"line":13,"column":29}},"loc":{"start":{"line":13,"column":60},"end":{"line":85,"column":4}}},"2":{"name":"(anonymous_9)","decl":{"start":{"line":13,"column":60},"end":{"line":13,"column":null}},"loc":{"start":{"line":13,"column":60},"end":{"line":85,"column":3}}},"3":{"name":"(anonymous_10)","decl":{"start":{"line":59,"column":33},"end":{"line":59,"column":34}},"loc":{"start":{"line":59,"column":38},"end":{"line":59,"column":69}}},"4":{"name":"(anonymous_11)","decl":{"start":{"line":63,"column":33},"end":{"line":63,"column":34}},"loc":{"start":{"line":63,"column":38},"end":{"line":63,"column":57}}},"5":{"name":"(anonymous_12)","decl":{"start":{"line":91,"column":24},"end":{"line":91,"column":31}},"loc":{"start":{"line":91,"column":62},"end":{"line":134,"column":4}}},"6":{"name":"(anonymous_13)","decl":{"start":{"line":91,"column":62},"end":{"line":91,"column":null}},"loc":{"start":{"line":91,"column":62},"end":{"line":134,"column":3}}},"7":{"name":"(anonymous_14)","decl":{"start":{"line":140,"column":23},"end":{"line":140,"column":30}},"loc":{"start":{"line":140,"column":65},"end":{"line":179,"column":4}}},"8":{"name":"(anonymous_15)","decl":{"start":{"line":140,"column":65},"end":{"line":140,"column":null}},"loc":{"start":{"line":140,"column":65},"end":{"line":179,"column":3}}},"9":{"name":"(anonymous_16)","decl":{"start":{"line":185,"column":23},"end":{"line":185,"column":30}},"loc":{"start":{"line":185,"column":65},"end":{"line":243,"column":4}}},"10":{"name":"(anonymous_17)","decl":{"start":{"line":185,"column":65},"end":{"line":185,"column":null}},"loc":{"start":{"line":185,"column":65},"end":{"line":243,"column":3}}},"11":{"name":"(anonymous_18)","decl":{"start":{"line":249,"column":23},"end":{"line":249,"column":30}},"loc":{"start":{"line":249,"column":65},"end":{"line":304,"column":4}}},"12":{"name":"(anonymous_19)","decl":{"start":{"line":249,"column":65},"end":{"line":249,"column":null}},"loc":{"start":{"line":249,"column":65},"end":{"line":304,"column":3}}},"13":{"name":"(anonymous_20)","decl":{"start":{"line":310,"column":23},"end":{"line":310,"column":30}},"loc":{"start":{"line":310,"column":65},"end":{"line":342,"column":4}}},"14":{"name":"(anonymous_21)","decl":{"start":{"line":310,"column":65},"end":{"line":310,"column":null}},"loc":{"start":{"line":310,"column":65},"end":{"line":342,"column":3}}}},"branchMap":{"0":{"loc":{"start":{"line":58,"column":6},"end":{"line":60,"column":7}},"type":"if","locations":[{"start":{"line":58,"column":6},"end":{"line":60,"column":7}}]},"1":{"loc":{"start":{"line":62,"column":6},"end":{"line":64,"column":7}},"type":"if","locations":[{"start":{"line":62,"column":6},"end":{"line":64,"column":7}}]},"2":{"loc":{"start":{"line":66,"column":6},"end":{"line":73,"column":7}},"type":"if","locations":[{"start":{"line":66,"column":6},"end":{"line":73,"column":7}}]},"3":{"loc":{"start":{"line":97,"column":6},"end":{"line":102,"column":7}},"type":"if","locations":[{"start":{"line":97,"column":6},"end":{"line":102,"column":7}}]},"4":{"loc":{"start":{"line":146,"column":6},"end":{"line":151,"column":7}},"type":"if","locations":[{"start":{"line":146,"column":6},"end":{"line":151,"column":7}}]},"5":{"loc":{"start":{"line":146,"column":10},"end":{"line":146,"column":55}},"type":"binary-expr","locations":[{"start":{"line":146,"column":10},"end":{"line":146,"column":19}},{"start":{"line":146,"column":23},"end":{"line":146,"column":55}}]},"6":{"loc":{"start":{"line":154,"column":6},"end":{"line":166,"column":7}},"type":"if","locations":[{"start":{"line":154,"column":6},"end":{"line":166,"column":7}}]},"7":{"loc":{"start":{"line":155,"column":8},"end":{"line":160,"column":63}},"type":"binary-expr","locations":[{"start":{"line":155,"column":8},"end":{"line":155,"column":63}},{"start":{"line":156,"column":8},"end":{"line":156,"column":63}},{"start":{"line":157,"column":8},"end":{"line":157,"column":63}},{"start":{"line":158,"column":8},"end":{"line":158,"column":63}},{"start":{"line":159,"column":8},"end":{"line":159,"column":63}},{"start":{"line":160,"column":8},"end":{"line":160,"column":63}}]},"8":{"loc":{"start":{"line":171,"column":18},"end":{"line":171,"column":57}},"type":"binary-expr","locations":[{"start":{"line":171,"column":18},"end":{"line":171,"column":34}},{"start":{"line":171,"column":38},"end":{"line":171,"column":57}}]},"9":{"loc":{"start":{"line":192,"column":6},"end":{"line":197,"column":7}},"type":"if","locations":[{"start":{"line":192,"column":6},"end":{"line":197,"column":7}}]},"10":{"loc":{"start":{"line":192,"column":10},"end":{"line":192,"column":55}},"type":"binary-expr","locations":[{"start":{"line":192,"column":10},"end":{"line":192,"column":19}},{"start":{"line":192,"column":23},"end":{"line":192,"column":55}}]},"11":{"loc":{"start":{"line":200,"column":6},"end":{"line":205,"column":7}},"type":"if","locations":[{"start":{"line":200,"column":6},"end":{"line":205,"column":7}}]},"12":{"loc":{"start":{"line":256,"column":6},"end":{"line":261,"column":7}},"type":"if","locations":[{"start":{"line":256,"column":6},"end":{"line":261,"column":7}}]},"13":{"loc":{"start":{"line":256,"column":10},"end":{"line":256,"column":55}},"type":"binary-expr","locations":[{"start":{"line":256,"column":10},"end":{"line":256,"column":19}},{"start":{"line":256,"column":23},"end":{"line":256,"column":55}}]},"14":{"loc":{"start":{"line":264,"column":6},"end":{"line":269,"column":7}},"type":"if","locations":[{"start":{"line":264,"column":6},"end":{"line":269,"column":7}}]},"15":{"loc":{"start":{"line":316,"column":6},"end":{"line":321,"column":7}},"type":"if","locations":[{"start":{"line":316,"column":6},"end":{"line":321,"column":7}}]},"16":{"loc":{"start":{"line":316,"column":10},"end":{"line":316,"column":55}},"type":"binary-expr","locations":[{"start":{"line":316,"column":10},"end":{"line":316,"column":19}},{"start":{"line":316,"column":23},"end":{"line":316,"column":55}}]},"17":{"loc":{"start":{"line":324,"column":6},"end":{"line":329,"column":7}},"type":"if","locations":[{"start":{"line":324,"column":6},"end":{"line":329,"column":7}}]}},"s":{"0":4,"1":4,"2":4,"3":4,"4":0,"5":0,"6":0,"7":0,"8":0,"9":0,"10":0,"11":0,"12":0,"13":0,"14":0,"15":0,"16":0,"17":0,"18":0,"19":4,"20":0,"21":0,"22":0,"23":0,"24":0,"25":0,"26":0,"27":0,"28":0,"29":4,"30":0,"31":0,"32":0,"33":0,"34":0,"35":0,"36":0,"37":0,"38":0,"39":0,"40":0,"41":4,"42":0,"43":0,"44":0,"45":0,"46":0,"47":0,"48":0,"49":0,"50":0,"51":0,"52":0,"53":0,"54":0,"55":4,"56":0,"57":0,"58":0,"59":0,"60":0,"61":0,"62":0,"63":0,"64":0,"65":0,"66":0,"67":0,"68":0,"69":4,"70":0,"71":0,"72":0,"73":0,"74":0,"75":0,"76":0,"77":0,"78":0,"79":0,"80":4},"f":{"0":4,"1":0,"2":0,"3":0,"4":0,"5":0,"6":0,"7":0,"8":0,"9":0,"10":0,"11":0,"12":0,"13":0,"14":0},"b":{"0":[0],"1":[0],"2":[0],"3":[0],"4":[0],"5":[0,0],"6":[0],"7":[0,0,0,0,0,0],"8":[0,0],"9":[0],"10":[0,0],"11":[0],"12":[0],"13":[0,0],"14":[0],"15":[0],"16":[0,0],"17":[0]}}
,"/home/jaimemenendez/Workspace/Master AIDev202410/Ligenia/backend/src/api/controllers/performance.controller.ts": {"path":"/home/jaimemenendez/Workspace/Master AIDev202410/Ligenia/backend/src/api/controllers/performance.controller.ts","statementMap":{"0":{"start":{"line":3,"column":0},"end":{"line":3,"column":42}},"1":{"start":{"line":11,"column":9},"end":{"line":58,"column":4}},"2":{"start":{"line":11,"column":71},"end":{"line":58,"column":4}},"3":{"start":{"line":12,"column":4},"end":{"line":57,"column":5}},"4":{"start":{"line":14,"column":53},"end":{"line":14,"column":62}},"5":{"start":{"line":19,"column":33},"end":{"line":46,"column":8}},"6":{"start":{"line":48,"column":6},"end":{"line":53,"column":9}},"7":{"start":{"line":55,"column":6},"end":{"line":55,"column":65}},"8":{"start":{"line":56,"column":6},"end":{"line":56,"column":89}},"9":{"start":{"line":64,"column":9},"end":{"line":96,"column":4}},"10":{"start":{"line":64,"column":68},"end":{"line":96,"column":4}},"11":{"start":{"line":65,"column":4},"end":{"line":95,"column":5}},"12":{"start":{"line":67,"column":21},"end":{"line":67,"column":31}},"13":{"start":{"line":72,"column":26},"end":{"line":84,"column":8}},"14":{"start":{"line":86,"column":6},"end":{"line":91,"column":9}},"15":{"start":{"line":93,"column":6},"end":{"line":93,"column":63}},"16":{"start":{"line":94,"column":6},"end":{"line":94,"column":89}},"17":{"start":{"line":102,"column":9},"end":{"line":151,"column":4}},"18":{"start":{"line":102,"column":68},"end":{"line":151,"column":4}},"19":{"start":{"line":103,"column":4},"end":{"line":150,"column":5}},"20":{"start":{"line":105,"column":25},"end":{"line":105,"column":35}},"21":{"start":{"line":107,"column":30},"end":{"line":107,"column":39}},"22":{"start":{"line":112,"column":33},"end":{"line":139,"column":8}},"23":{"start":{"line":141,"column":6},"end":{"line":146,"column":9}},"24":{"start":{"line":148,"column":6},"end":{"line":148,"column":62}},"25":{"start":{"line":149,"column":6},"end":{"line":149,"column":89}},"26":{"start":{"line":157,"column":9},"end":{"line":190,"column":4}},"27":{"start":{"line":157,"column":71},"end":{"line":190,"column":4}},"28":{"start":{"line":158,"column":4},"end":{"line":189,"column":5}},"29":{"start":{"line":160,"column":30},"end":{"line":160,"column":38}},"30":{"start":{"line":163,"column":6},"end":{"line":168,"column":7}},"31":{"start":{"line":164,"column":8},"end":{"line":167,"column":11}},"32":{"start":{"line":173,"column":23},"end":{"line":177,"column":null}},"33":{"start":{"line":180,"column":6},"end":{"line":185,"column":9}},"34":{"start":{"line":187,"column":6},"end":{"line":187,"column":65}},"35":{"start":{"line":188,"column":6},"end":{"line":188,"column":89}},"36":{"start":{"line":196,"column":9},"end":{"line":232,"column":4}},"37":{"start":{"line":196,"column":71},"end":{"line":232,"column":4}},"38":{"start":{"line":197,"column":4},"end":{"line":231,"column":5}},"39":{"start":{"line":199,"column":21},"end":{"line":199,"column":31}},"40":{"start":{"line":200,"column":30},"end":{"line":200,"column":38}},"41":{"start":{"line":203,"column":6},"end":{"line":208,"column":7}},"42":{"start":{"line":204,"column":8},"end":{"line":207,"column":11}},"43":{"start":{"line":213,"column":23},"end":{"line":219,"column":null}},"44":{"start":{"line":222,"column":6},"end":{"line":227,"column":9}},"45":{"start":{"line":229,"column":6},"end":{"line":229,"column":65}},"46":{"start":{"line":230,"column":6},"end":{"line":230,"column":89}},"47":{"start":{"line":238,"column":9},"end":{"line":262,"column":4}},"48":{"start":{"line":238,"column":71},"end":{"line":262,"column":4}},"49":{"start":{"line":239,"column":4},"end":{"line":261,"column":5}},"50":{"start":{"line":241,"column":21},"end":{"line":241,"column":31}},"51":{"start":{"line":244,"column":6},"end":{"line":249,"column":7}},"52":{"start":{"line":245,"column":8},"end":{"line":248,"column":11}},"53":{"start":{"line":254,"column":6},"end":{"line":257,"column":9}},"54":{"start":{"line":259,"column":6},"end":{"line":259,"column":65}},"55":{"start":{"line":260,"column":6},"end":{"line":260,"column":89}},"56":{"start":{"line":268,"column":9},"end":{"line":301,"column":4}},"57":{"start":{"line":268,"column":71},"end":{"line":301,"column":4}},"58":{"start":{"line":269,"column":4},"end":{"line":300,"column":5}},"59":{"start":{"line":271,"column":31},"end":{"line":271,"column":40}},"60":{"start":{"line":276,"column":22},"end":{"line":289,"column":8}},"61":{"start":{"line":291,"column":6},"end":{"line":296,"column":9}},"62":{"start":{"line":298,"column":6},"end":{"line":298,"column":65}},"63":{"start":{"line":299,"column":6},"end":{"line":299,"column":89}},"64":{"start":{"line":307,"column":9},"end":{"line":345,"column":null}},"65":{"start":{"line":307,"column":72},"end":{"line":345,"column":null}},"66":{"start":{"line":308,"column":4},"end":{"line":344,"column":5}},"67":{"start":{"line":310,"column":36},"end":{"line":310,"column":45}},"68":{"start":{"line":313,"column":45},"end":{"line":314,"column":null}},"69":{"start":{"line":318,"column":21},"end":{"line":320,"column":null}},"70":{"start":{"line":323,"column":6},"end":{"line":328,"column":7}},"71":{"start":{"line":324,"column":8},"end":{"line":327,"column":11}},"72":{"start":{"line":330,"column":21},"end":{"line":330,"column":38}},"73":{"start":{"line":332,"column":6},"end":{"line":337,"column":9}},"74":{"start":{"line":339,"column":6},"end":{"line":339,"column":65}},"75":{"start":{"line":340,"column":6},"end":{"line":343,"column":9}},"76":{"start":{"line":6,"column":0},"end":{"line":6,"column":13}}},"fnMap":{"0":{"name":"(anonymous_7)","decl":{"start":{"line":6,"column":0},"end":{"line":6,"column":13}},"loc":{"start":{"line":6,"column":0},"end":{"line":346,"column":1}}},"1":{"name":"(anonymous_8)","decl":{"start":{"line":11,"column":33},"end":{"line":11,"column":40}},"loc":{"start":{"line":11,"column":71},"end":{"line":58,"column":4}}},"2":{"name":"(anonymous_9)","decl":{"start":{"line":11,"column":71},"end":{"line":11,"column":null}},"loc":{"start":{"line":11,"column":71},"end":{"line":58,"column":3}}},"3":{"name":"(anonymous_10)","decl":{"start":{"line":64,"column":30},"end":{"line":64,"column":37}},"loc":{"start":{"line":64,"column":68},"end":{"line":96,"column":4}}},"4":{"name":"(anonymous_11)","decl":{"start":{"line":64,"column":68},"end":{"line":64,"column":null}},"loc":{"start":{"line":64,"column":68},"end":{"line":96,"column":3}}},"5":{"name":"(anonymous_12)","decl":{"start":{"line":102,"column":30},"end":{"line":102,"column":37}},"loc":{"start":{"line":102,"column":68},"end":{"line":151,"column":4}}},"6":{"name":"(anonymous_13)","decl":{"start":{"line":102,"column":68},"end":{"line":102,"column":null}},"loc":{"start":{"line":102,"column":68},"end":{"line":151,"column":3}}},"7":{"name":"(anonymous_14)","decl":{"start":{"line":157,"column":29},"end":{"line":157,"column":36}},"loc":{"start":{"line":157,"column":71},"end":{"line":190,"column":4}}},"8":{"name":"(anonymous_15)","decl":{"start":{"line":157,"column":71},"end":{"line":157,"column":null}},"loc":{"start":{"line":157,"column":71},"end":{"line":190,"column":3}}},"9":{"name":"(anonymous_16)","decl":{"start":{"line":196,"column":29},"end":{"line":196,"column":36}},"loc":{"start":{"line":196,"column":71},"end":{"line":232,"column":4}}},"10":{"name":"(anonymous_17)","decl":{"start":{"line":196,"column":71},"end":{"line":196,"column":null}},"loc":{"start":{"line":196,"column":71},"end":{"line":232,"column":3}}},"11":{"name":"(anonymous_18)","decl":{"start":{"line":238,"column":29},"end":{"line":238,"column":36}},"loc":{"start":{"line":238,"column":71},"end":{"line":262,"column":4}}},"12":{"name":"(anonymous_19)","decl":{"start":{"line":238,"column":71},"end":{"line":238,"column":null}},"loc":{"start":{"line":238,"column":71},"end":{"line":262,"column":3}}},"13":{"name":"(anonymous_20)","decl":{"start":{"line":268,"column":33},"end":{"line":268,"column":40}},"loc":{"start":{"line":268,"column":71},"end":{"line":301,"column":4}}},"14":{"name":"(anonymous_21)","decl":{"start":{"line":268,"column":71},"end":{"line":268,"column":null}},"loc":{"start":{"line":268,"column":71},"end":{"line":301,"column":3}}},"15":{"name":"(anonymous_22)","decl":{"start":{"line":307,"column":34},"end":{"line":307,"column":41}},"loc":{"start":{"line":307,"column":72},"end":{"line":345,"column":null}}},"16":{"name":"(anonymous_23)","decl":{"start":{"line":307,"column":72},"end":{"line":307,"column":null}},"loc":{"start":{"line":307,"column":72},"end":{"line":345,"column":3}}}},"branchMap":{"0":{"loc":{"start":{"line":22,"column":18},"end":{"line":22,"column":35}},"type":"binary-expr","locations":[{"start":{"line":22,"column":18},"end":{"line":22,"column":24}},{"start":{"line":22,"column":28},"end":{"line":22,"column":35}}]},"1":{"loc":{"start":{"line":24,"column":16},"end":{"line":24,"column":28}},"type":"binary-expr","locations":[{"start":{"line":24,"column":16},"end":{"line":24,"column":20}},{"start":{"line":24,"column":24},"end":{"line":24,"column":28}}]},"2":{"loc":{"start":{"line":25,"column":17},"end":{"line":25,"column":27}},"type":"binary-expr","locations":[{"start":{"line":25,"column":17},"end":{"line":25,"column":22}},{"start":{"line":25,"column":26},"end":{"line":25,"column":27}}]},"3":{"loc":{"start":{"line":35,"column":18},"end":{"line":35,"column":35}},"type":"binary-expr","locations":[{"start":{"line":35,"column":18},"end":{"line":35,"column":24}},{"start":{"line":35,"column":28},"end":{"line":35,"column":35}}]},"4":{"loc":{"start":{"line":37,"column":16},"end":{"line":37,"column":28}},"type":"binary-expr","locations":[{"start":{"line":37,"column":16},"end":{"line":37,"column":20}},{"start":{"line":37,"column":24},"end":{"line":37,"column":28}}]},"5":{"loc":{"start":{"line":38,"column":17},"end":{"line":38,"column":27}},"type":"binary-expr","locations":[{"start":{"line":38,"column":17},"end":{"line":38,"column":22}},{"start":{"line":38,"column":26},"end":{"line":38,"column":27}}]},"6":{"loc":{"start":{"line":117,"column":16},"end":{"line":117,"column":28}},"type":"binary-expr","locations":[{"start":{"line":117,"column":16},"end":{"line":117,"column":20}},{"start":{"line":117,"column":24},"end":{"line":117,"column":28}}]},"7":{"loc":{"start":{"line":118,"column":17},"end":{"line":118,"column":27}},"type":"binary-expr","locations":[{"start":{"line":118,"column":17},"end":{"line":118,"column":22}},{"start":{"line":118,"column":26},"end":{"line":118,"column":27}}]},"8":{"loc":{"start":{"line":130,"column":16},"end":{"line":130,"column":28}},"type":"binary-expr","locations":[{"start":{"line":130,"column":16},"end":{"line":130,"column":20}},{"start":{"line":130,"column":24},"end":{"line":130,"column":28}}]},"9":{"loc":{"start":{"line":131,"column":17},"end":{"line":131,"column":27}},"type":"binary-expr","locations":[{"start":{"line":131,"column":17},"end":{"line":131,"column":22}},{"start":{"line":131,"column":26},"end":{"line":131,"column":27}}]},"10":{"loc":{"start":{"line":163,"column":6},"end":{"line":168,"column":7}},"type":"if","locations":[{"start":{"line":163,"column":6},"end":{"line":168,"column":7}}]},"11":{"loc":{"start":{"line":163,"column":10},"end":{"line":163,"column":55}},"type":"binary-expr","locations":[{"start":{"line":163,"column":10},"end":{"line":163,"column":19}},{"start":{"line":163,"column":23},"end":{"line":163,"column":55}}]},"12":{"loc":{"start":{"line":203,"column":6},"end":{"line":208,"column":7}},"type":"if","locations":[{"start":{"line":203,"column":6},"end":{"line":208,"column":7}}]},"13":{"loc":{"start":{"line":203,"column":10},"end":{"line":203,"column":55}},"type":"binary-expr","locations":[{"start":{"line":203,"column":10},"end":{"line":203,"column":19}},{"start":{"line":203,"column":23},"end":{"line":203,"column":55}}]},"14":{"loc":{"start":{"line":244,"column":6},"end":{"line":249,"column":7}},"type":"if","locations":[{"start":{"line":244,"column":6},"end":{"line":249,"column":7}}]},"15":{"loc":{"start":{"line":244,"column":10},"end":{"line":244,"column":55}},"type":"binary-expr","locations":[{"start":{"line":244,"column":10},"end":{"line":244,"column":19}},{"start":{"line":244,"column":23},"end":{"line":244,"column":55}}]},"16":{"loc":{"start":{"line":277,"column":16},"end":{"line":277,"column":31}},"type":"binary-expr","locations":[{"start":{"line":277,"column":16},"end":{"line":277,"column":22}},{"start":{"line":277,"column":26},"end":{"line":277,"column":31}}]},"17":{"loc":{"start":{"line":278,"column":14},"end":{"line":278,"column":27}},"type":"binary-expr","locations":[{"start":{"line":278,"column":14},"end":{"line":278,"column":18}},{"start":{"line":278,"column":22},"end":{"line":278,"column":27}}]},"18":{"loc":{"start":{"line":320,"column":12},"end":{"line":320,"column":81}},"type":"binary-expr","locations":[{"start":{"line":320,"column":12},"end":{"line":320,"column":21}},{"start":{"line":320,"column":25},"end":{"line":320,"column":81}}]},"19":{"loc":{"start":{"line":323,"column":6},"end":{"line":328,"column":7}},"type":"if","locations":[{"start":{"line":323,"column":6},"end":{"line":328,"column":7}}]}},"s":{"0":4,"1":4,"2":0,"3":0,"4":0,"5":0,"6":0,"7":0,"8":0,"9":4,"10":0,"11":0,"12":0,"13":0,"14":0,"15":0,"16":0,"17":4,"18":0,"19":0,"20":0,"21":0,"22":0,"23":0,"24":0,"25":0,"26":4,"27":0,"28":0,"29":0,"30":0,"31":0,"32":0,"33":0,"34":0,"35":0,"36":4,"37":0,"38":0,"39":0,"40":0,"41":0,"42":0,"43":0,"44":0,"45":0,"46":0,"47":4,"48":0,"49":0,"50":0,"51":0,"52":0,"53":0,"54":0,"55":0,"56":4,"57":0,"58":0,"59":0,"60":0,"61":0,"62":0,"63":0,"64":4,"65":0,"66":0,"67":0,"68":0,"69":0,"70":0,"71":0,"72":0,"73":0,"74":0,"75":0,"76":4},"f":{"0":4,"1":0,"2":0,"3":0,"4":0,"5":0,"6":0,"7":0,"8":0,"9":0,"10":0,"11":0,"12":0,"13":0,"14":0,"15":0,"16":0},"b":{"0":[0,0],"1":[0,0],"2":[0,0],"3":[0,0],"4":[0,0],"5":[0,0],"6":[0,0],"7":[0,0],"8":[0,0],"9":[0,0],"10":[0],"11":[0,0],"12":[0],"13":[0,0],"14":[0],"15":[0,0],"16":[0,0],"17":[0,0],"18":[0,0],"19":[0]}}
,"/home/jaimemenendez/Workspace/Master AIDev202410/Ligenia/backend/src/api/controllers/player.controller.ts": {"path":"/home/jaimemenendez/Workspace/Master AIDev202410/Ligenia/backend/src/api/controllers/player.controller.ts","statementMap":{"0":{"start":{"line":3,"column":0},"end":{"line":3,"column":55}},"1":{"start":{"line":10,"column":9},"end":{"line":37,"column":4}},"2":{"start":{"line":10,"column":64},"end":{"line":37,"column":4}},"3":{"start":{"line":11,"column":4},"end":{"line":36,"column":5}},"4":{"start":{"line":16,"column":6},"end":{"line":21,"column":7}},"5":{"start":{"line":17,"column":8},"end":{"line":20,"column":11}},"6":{"start":{"line":24,"column":22},"end":{"line":27,"column":8}},"7":{"start":{"line":29,"column":6},"end":{"line":32,"column":9}},"8":{"start":{"line":34,"column":6},"end":{"line":34,"column":53}},"9":{"start":{"line":35,"column":6},"end":{"line":35,"column":89}},"10":{"start":{"line":43,"column":9},"end":{"line":76,"column":4}},"11":{"start":{"line":43,"column":67},"end":{"line":76,"column":4}},"12":{"start":{"line":44,"column":4},"end":{"line":75,"column":5}},"13":{"start":{"line":46,"column":21},"end":{"line":46,"column":31}},"14":{"start":{"line":49,"column":6},"end":{"line":54,"column":7}},"15":{"start":{"line":50,"column":8},"end":{"line":53,"column":11}},"16":{"start":{"line":60,"column":21},"end":{"line":66,"column":8}},"17":{"start":{"line":68,"column":6},"end":{"line":71,"column":9}},"18":{"start":{"line":73,"column":6},"end":{"line":73,"column":58}},"19":{"start":{"line":74,"column":6},"end":{"line":74,"column":89}},"20":{"start":{"line":82,"column":9},"end":{"line":113,"column":4}},"21":{"start":{"line":82,"column":66},"end":{"line":113,"column":4}},"22":{"start":{"line":83,"column":4},"end":{"line":112,"column":5}},"23":{"start":{"line":85,"column":25},"end":{"line":85,"column":33}},"24":{"start":{"line":88,"column":6},"end":{"line":93,"column":7}},"25":{"start":{"line":89,"column":8},"end":{"line":92,"column":11}},"26":{"start":{"line":99,"column":18},"end":{"line":102,"column":null}},"27":{"start":{"line":105,"column":6},"end":{"line":108,"column":9}},"28":{"start":{"line":110,"column":6},"end":{"line":110,"column":61}},"29":{"start":{"line":111,"column":6},"end":{"line":111,"column":89}},"30":{"start":{"line":119,"column":9},"end":{"line":162,"column":4}},"31":{"start":{"line":119,"column":66},"end":{"line":162,"column":4}},"32":{"start":{"line":120,"column":4},"end":{"line":161,"column":5}},"33":{"start":{"line":122,"column":21},"end":{"line":122,"column":31}},"34":{"start":{"line":123,"column":25},"end":{"line":123,"column":33}},"35":{"start":{"line":126,"column":6},"end":{"line":131,"column":7}},"36":{"start":{"line":127,"column":8},"end":{"line":130,"column":11}},"37":{"start":{"line":137,"column":6},"end":{"line":142,"column":7}},"38":{"start":{"line":138,"column":8},"end":{"line":141,"column":11}},"39":{"start":{"line":148,"column":18},"end":{"line":151,"column":null}},"40":{"start":{"line":154,"column":6},"end":{"line":157,"column":9}},"41":{"start":{"line":159,"column":6},"end":{"line":159,"column":61}},"42":{"start":{"line":160,"column":6},"end":{"line":160,"column":89}},"43":{"start":{"line":168,"column":9},"end":{"line":208,"column":4}},"44":{"start":{"line":168,"column":66},"end":{"line":208,"column":4}},"45":{"start":{"line":169,"column":4},"end":{"line":207,"column":5}},"46":{"start":{"line":171,"column":21},"end":{"line":171,"column":31}},"47":{"start":{"line":174,"column":6},"end":{"line":179,"column":7}},"48":{"start":{"line":175,"column":8},"end":{"line":178,"column":11}},"49":{"start":{"line":182,"column":6},"end":{"line":187,"column":7}},"50":{"start":{"line":183,"column":8},"end":{"line":186,"column":11}},"51":{"start":{"line":190,"column":6},"end":{"line":195,"column":7}},"52":{"start":{"line":191,"column":8},"end":{"line":194,"column":11}},"53":{"start":{"line":200,"column":6},"end":{"line":203,"column":9}},"54":{"start":{"line":205,"column":6},"end":{"line":205,"column":61}},"55":{"start":{"line":206,"column":6},"end":{"line":206,"column":89}},"56":{"start":{"line":214,"column":9},"end":{"line":248,"column":4}},"57":{"start":{"line":214,"column":73},"end":{"line":248,"column":4}},"58":{"start":{"line":215,"column":4},"end":{"line":247,"column":5}},"59":{"start":{"line":217,"column":21},"end":{"line":217,"column":31}},"60":{"start":{"line":220,"column":6},"end":{"line":225,"column":7}},"61":{"start":{"line":221,"column":8},"end":{"line":224,"column":11}},"62":{"start":{"line":231,"column":25},"end":{"line":238,"column":8}},"63":{"start":{"line":240,"column":6},"end":{"line":243,"column":9}},"64":{"start":{"line":245,"column":6},"end":{"line":245,"column":63}},"65":{"start":{"line":246,"column":6},"end":{"line":246,"column":89}},"66":{"start":{"line":254,"column":9},"end":{"line":296,"column":4}},"67":{"start":{"line":254,"column":70},"end":{"line":296,"column":4}},"68":{"start":{"line":255,"column":4},"end":{"line":295,"column":5}},"69":{"start":{"line":257,"column":21},"end":{"line":257,"column":31}},"70":{"start":{"line":260,"column":6},"end":{"line":265,"column":7}},"71":{"start":{"line":261,"column":8},"end":{"line":264,"column":11}},"72":{"start":{"line":271,"column":22},"end":{"line":286,"column":8}},"73":{"start":{"line":288,"column":6},"end":{"line":291,"column":9}},"74":{"start":{"line":293,"column":6},"end":{"line":293,"column":60}},"75":{"start":{"line":294,"column":6},"end":{"line":294,"column":89}},"76":{"start":{"line":302,"column":9},"end":{"line":344,"column":4}},"77":{"start":{"line":302,"column":74},"end":{"line":344,"column":4}},"78":{"start":{"line":303,"column":4},"end":{"line":343,"column":5}},"79":{"start":{"line":305,"column":21},"end":{"line":305,"column":31}},"80":{"start":{"line":308,"column":6},"end":{"line":313,"column":7}},"81":{"start":{"line":309,"column":8},"end":{"line":312,"column":11}},"82":{"start":{"line":319,"column":26},"end":{"line":334,"column":8}},"83":{"start":{"line":336,"column":6},"end":{"line":339,"column":9}},"84":{"start":{"line":341,"column":6},"end":{"line":341,"column":64}},"85":{"start":{"line":342,"column":6},"end":{"line":342,"column":89}},"86":{"start":{"line":5,"column":0},"end":{"line":5,"column":13}}},"fnMap":{"0":{"name":"(anonymous_7)","decl":{"start":{"line":5,"column":0},"end":{"line":5,"column":13}},"loc":{"start":{"line":5,"column":0},"end":{"line":345,"column":1}}},"1":{"name":"(anonymous_8)","decl":{"start":{"line":10,"column":22},"end":{"line":10,"column":29}},"loc":{"start":{"line":10,"column":64},"end":{"line":37,"column":4}}},"2":{"name":"(anonymous_9)","decl":{"start":{"line":10,"column":64},"end":{"line":10,"column":null}},"loc":{"start":{"line":10,"column":64},"end":{"line":37,"column":3}}},"3":{"name":"(anonymous_10)","decl":{"start":{"line":43,"column":25},"end":{"line":43,"column":32}},"loc":{"start":{"line":43,"column":67},"end":{"line":76,"column":4}}},"4":{"name":"(anonymous_11)","decl":{"start":{"line":43,"column":67},"end":{"line":43,"column":null}},"loc":{"start":{"line":43,"column":67},"end":{"line":76,"column":3}}},"5":{"name":"(anonymous_12)","decl":{"start":{"line":82,"column":24},"end":{"line":82,"column":31}},"loc":{"start":{"line":82,"column":66},"end":{"line":113,"column":4}}},"6":{"name":"(anonymous_13)","decl":{"start":{"line":82,"column":66},"end":{"line":82,"column":null}},"loc":{"start":{"line":82,"column":66},"end":{"line":113,"column":3}}},"7":{"name":"(anonymous_14)","decl":{"start":{"line":119,"column":24},"end":{"line":119,"column":31}},"loc":{"start":{"line":119,"column":66},"end":{"line":162,"column":4}}},"8":{"name":"(anonymous_15)","decl":{"start":{"line":119,"column":66},"end":{"line":119,"column":null}},"loc":{"start":{"line":119,"column":66},"end":{"line":162,"column":3}}},"9":{"name":"(anonymous_16)","decl":{"start":{"line":168,"column":24},"end":{"line":168,"column":31}},"loc":{"start":{"line":168,"column":66},"end":{"line":208,"column":4}}},"10":{"name":"(anonymous_17)","decl":{"start":{"line":168,"column":66},"end":{"line":168,"column":null}},"loc":{"start":{"line":168,"column":66},"end":{"line":208,"column":3}}},"11":{"name":"(anonymous_18)","decl":{"start":{"line":214,"column":31},"end":{"line":214,"column":38}},"loc":{"start":{"line":214,"column":73},"end":{"line":248,"column":4}}},"12":{"name":"(anonymous_19)","decl":{"start":{"line":214,"column":73},"end":{"line":214,"column":null}},"loc":{"start":{"line":214,"column":73},"end":{"line":248,"column":3}}},"13":{"name":"(anonymous_20)","decl":{"start":{"line":254,"column":28},"end":{"line":254,"column":35}},"loc":{"start":{"line":254,"column":70},"end":{"line":296,"column":4}}},"14":{"name":"(anonymous_21)","decl":{"start":{"line":254,"column":70},"end":{"line":254,"column":null}},"loc":{"start":{"line":254,"column":70},"end":{"line":296,"column":3}}},"15":{"name":"(anonymous_22)","decl":{"start":{"line":302,"column":32},"end":{"line":302,"column":39}},"loc":{"start":{"line":302,"column":74},"end":{"line":344,"column":4}}},"16":{"name":"(anonymous_23)","decl":{"start":{"line":302,"column":74},"end":{"line":302,"column":null}},"loc":{"start":{"line":302,"column":74},"end":{"line":344,"column":3}}}},"branchMap":{"0":{"loc":{"start":{"line":16,"column":6},"end":{"line":21,"column":7}},"type":"if","locations":[{"start":{"line":16,"column":6},"end":{"line":21,"column":7}}]},"1":{"loc":{"start":{"line":16,"column":10},"end":{"line":16,"column":55}},"type":"binary-expr","locations":[{"start":{"line":16,"column":10},"end":{"line":16,"column":19}},{"start":{"line":16,"column":23},"end":{"line":16,"column":55}}]},"2":{"loc":{"start":{"line":49,"column":6},"end":{"line":54,"column":7}},"type":"if","locations":[{"start":{"line":49,"column":6},"end":{"line":54,"column":7}}]},"3":{"loc":{"start":{"line":65,"column":16},"end":{"line":65,"column":28}},"type":"cond-expr","locations":[{"start":{"line":65,"column":24},"end":{"line":65,"column":26}},{"start":{"line":65,"column":24},"end":{"line":65,"column":28}}]},"4":{"loc":{"start":{"line":65,"column":16},"end":{"line":65,"column":26}},"type":"binary-expr","locations":[{"start":{"line":65,"column":16},"end":{"line":65,"column":26}},{"start":{"line":65,"column":24},"end":{"line":65,"column":26}}]},"5":{"loc":{"start":{"line":88,"column":6},"end":{"line":93,"column":7}},"type":"if","locations":[{"start":{"line":88,"column":6},"end":{"line":93,"column":7}}]},"6":{"loc":{"start":{"line":126,"column":6},"end":{"line":131,"column":7}},"type":"if","locations":[{"start":{"line":126,"column":6},"end":{"line":131,"column":7}}]},"7":{"loc":{"start":{"line":137,"column":6},"end":{"line":142,"column":7}},"type":"if","locations":[{"start":{"line":137,"column":6},"end":{"line":142,"column":7}}]},"8":{"loc":{"start":{"line":137,"column":10},"end":{"line":137,"column":75}},"type":"binary-expr","locations":[{"start":{"line":137,"column":10},"end":{"line":137,"column":42}},{"start":{"line":137,"column":46},"end":{"line":137,"column":75}}]},"9":{"loc":{"start":{"line":174,"column":6},"end":{"line":179,"column":7}},"type":"if","locations":[{"start":{"line":174,"column":6},"end":{"line":179,"column":7}}]},"10":{"loc":{"start":{"line":182,"column":6},"end":{"line":187,"column":7}},"type":"if","locations":[{"start":{"line":182,"column":6},"end":{"line":187,"column":7}}]},"11":{"loc":{"start":{"line":190,"column":6},"end":{"line":195,"column":7}},"type":"if","locations":[{"start":{"line":190,"column":6},"end":{"line":195,"column":7}}]},"12":{"loc":{"start":{"line":190,"column":10},"end":{"line":190,"column":77}},"type":"binary-expr","locations":[{"start":{"line":190,"column":10},"end":{"line":190,"column":55}},{"start":{"line":190,"column":59},"end":{"line":190,"column":77}}]},"13":{"loc":{"start":{"line":220,"column":6},"end":{"line":225,"column":7}},"type":"if","locations":[{"start":{"line":220,"column":6},"end":{"line":225,"column":7}}]},"14":{"loc":{"start":{"line":260,"column":6},"end":{"line":265,"column":7}},"type":"if","locations":[{"start":{"line":260,"column":6},"end":{"line":265,"column":7}}]},"15":{"loc":{"start":{"line":308,"column":6},"end":{"line":313,"column":7}},"type":"if","locations":[{"start":{"line":308,"column":6},"end":{"line":313,"column":7}}]}},"s":{"0":4,"1":4,"2":0,"3":0,"4":0,"5":0,"6":0,"7":0,"8":0,"9":0,"10":4,"11":0,"12":0,"13":0,"14":0,"15":0,"16":0,"17":0,"18":0,"19":0,"20":4,"21":0,"22":0,"23":0,"24":0,"25":0,"26":0,"27":0,"28":0,"29":0,"30":4,"31":0,"32":0,"33":0,"34":0,"35":0,"36":0,"37":0,"38":0,"39":0,"40":0,"41":0,"42":0,"43":4,"44":0,"45":0,"46":0,"47":0,"48":0,"49":0,"50":0,"51":0,"52":0,"53":0,"54":0,"55":0,"56":4,"57":0,"58":0,"59":0,"60":0,"61":0,"62":0,"63":0,"64":0,"65":0,"66":4,"67":0,"68":0,"69":0,"70":0,"71":0,"72":0,"73":0,"74":0,"75":0,"76":4,"77":0,"78":0,"79":0,"80":0,"81":0,"82":0,"83":0,"84":0,"85":0,"86":4},"f":{"0":4,"1":0,"2":0,"3":0,"4":0,"5":0,"6":0,"7":0,"8":0,"9":0,"10":0,"11":0,"12":0,"13":0,"14":0,"15":0,"16":0},"b":{"0":[0],"1":[0,0],"2":[0],"3":[0,0],"4":[0,0],"5":[0],"6":[0],"7":[0],"8":[0,0],"9":[0],"10":[0],"11":[0],"12":[0,0],"13":[0],"14":[0],"15":[0]}}
,"/home/jaimemenendez/Workspace/Master AIDev202410/Ligenia/backend/src/api/controllers/preference.controller.ts": {"path":"/home/jaimemenendez/Workspace/Master AIDev202410/Ligenia/backend/src/api/controllers/preference.controller.ts","statementMap":{"0":{"start":{"line":9,"column":9},"end":{"line":41,"column":4}},"1":{"start":{"line":9,"column":68},"end":{"line":41,"column":4}},"2":{"start":{"line":10,"column":4},"end":{"line":40,"column":5}},"3":{"start":{"line":12,"column":6},"end":{"line":17,"column":7}},"4":{"start":{"line":13,"column":8},"end":{"line":16,"column":11}},"5":{"start":{"line":22,"column":26},"end":{"line":29,"column":8}},"6":{"start":{"line":31,"column":6},"end":{"line":36,"column":9}},"7":{"start":{"line":38,"column":6},"end":{"line":38,"column":57}},"8":{"start":{"line":39,"column":6},"end":{"line":39,"column":89}},"9":{"start":{"line":47,"column":9},"end":{"line":91,"column":4}},"10":{"start":{"line":47,"column":71},"end":{"line":91,"column":4}},"11":{"start":{"line":48,"column":4},"end":{"line":90,"column":5}},"12":{"start":{"line":50,"column":21},"end":{"line":50,"column":31}},"13":{"start":{"line":53,"column":6},"end":{"line":58,"column":7}},"14":{"start":{"line":54,"column":8},"end":{"line":57,"column":11}},"15":{"start":{"line":64,"column":25},"end":{"line":71,"column":8}},"16":{"start":{"line":74,"column":6},"end":{"line":79,"column":7}},"17":{"start":{"line":75,"column":8},"end":{"line":78,"column":11}},"18":{"start":{"line":81,"column":6},"end":{"line":86,"column":9}},"19":{"start":{"line":88,"column":6},"end":{"line":88,"column":62}},"20":{"start":{"line":89,"column":6},"end":{"line":89,"column":89}},"21":{"start":{"line":97,"column":9},"end":{"line":139,"column":4}},"22":{"start":{"line":97,"column":70},"end":{"line":139,"column":4}},"23":{"start":{"line":98,"column":4},"end":{"line":138,"column":5}},"24":{"start":{"line":100,"column":29},"end":{"line":100,"column":37}},"25":{"start":{"line":103,"column":6},"end":{"line":108,"column":7}},"26":{"start":{"line":104,"column":8},"end":{"line":107,"column":11}},"27":{"start":{"line":111,"column":6},"end":{"line":116,"column":7}},"28":{"start":{"line":112,"column":8},"end":{"line":115,"column":11}},"29":{"start":{"line":121,"column":22},"end":{"line":126,"column":null}},"30":{"start":{"line":129,"column":6},"end":{"line":134,"column":9}},"31":{"start":{"line":136,"column":6},"end":{"line":136,"column":57}},"32":{"start":{"line":137,"column":6},"end":{"line":137,"column":89}},"33":{"start":{"line":145,"column":9},"end":{"line":195,"column":4}},"34":{"start":{"line":145,"column":70},"end":{"line":195,"column":4}},"35":{"start":{"line":146,"column":4},"end":{"line":194,"column":5}},"36":{"start":{"line":148,"column":21},"end":{"line":148,"column":31}},"37":{"start":{"line":149,"column":29},"end":{"line":149,"column":37}},"38":{"start":{"line":152,"column":6},"end":{"line":157,"column":7}},"39":{"start":{"line":153,"column":8},"end":{"line":156,"column":11}},"40":{"start":{"line":161,"column":33},"end":{"line":166,"column":8}},"41":{"start":{"line":169,"column":6},"end":{"line":174,"column":7}},"42":{"start":{"line":170,"column":8},"end":{"line":173,"column":11}},"43":{"start":{"line":179,"column":22},"end":{"line":182,"column":null}},"44":{"start":{"line":185,"column":6},"end":{"line":190,"column":9}},"45":{"start":{"line":192,"column":6},"end":{"line":192,"column":57}},"46":{"start":{"line":193,"column":6},"end":{"line":193,"column":89}},"47":{"start":{"line":201,"column":9},"end":{"line":243,"column":4}},"48":{"start":{"line":201,"column":70},"end":{"line":243,"column":4}},"49":{"start":{"line":202,"column":4},"end":{"line":242,"column":5}},"50":{"start":{"line":204,"column":27},"end":{"line":204,"column":35}},"51":{"start":{"line":207,"column":6},"end":{"line":212,"column":7}},"52":{"start":{"line":208,"column":8},"end":{"line":211,"column":11}},"53":{"start":{"line":218,"column":33},"end":{"line":221,"column":8}},"54":{"start":{"line":224,"column":25},"end":{"line":230,"column":8}},"55":{"start":{"line":232,"column":6},"end":{"line":238,"column":9}},"56":{"start":{"line":240,"column":6},"end":{"line":240,"column":59}},"57":{"start":{"line":241,"column":6},"end":{"line":241,"column":89}},"58":{"start":{"line":4,"column":0},"end":{"line":4,"column":13}}},"fnMap":{"0":{"name":"(anonymous_7)","decl":{"start":{"line":4,"column":0},"end":{"line":4,"column":13}},"loc":{"start":{"line":4,"column":0},"end":{"line":244,"column":1}}},"1":{"name":"(anonymous_8)","decl":{"start":{"line":9,"column":26},"end":{"line":9,"column":33}},"loc":{"start":{"line":9,"column":68},"end":{"line":41,"column":4}}},"2":{"name":"(anonymous_9)","decl":{"start":{"line":9,"column":68},"end":{"line":9,"column":null}},"loc":{"start":{"line":9,"column":68},"end":{"line":41,"column":3}}},"3":{"name":"(anonymous_10)","decl":{"start":{"line":47,"column":29},"end":{"line":47,"column":36}},"loc":{"start":{"line":47,"column":71},"end":{"line":91,"column":4}}},"4":{"name":"(anonymous_11)","decl":{"start":{"line":47,"column":71},"end":{"line":47,"column":null}},"loc":{"start":{"line":47,"column":71},"end":{"line":91,"column":3}}},"5":{"name":"(anonymous_12)","decl":{"start":{"line":97,"column":28},"end":{"line":97,"column":35}},"loc":{"start":{"line":97,"column":70},"end":{"line":139,"column":4}}},"6":{"name":"(anonymous_13)","decl":{"start":{"line":97,"column":70},"end":{"line":97,"column":null}},"loc":{"start":{"line":97,"column":70},"end":{"line":139,"column":3}}},"7":{"name":"(anonymous_14)","decl":{"start":{"line":145,"column":28},"end":{"line":145,"column":35}},"loc":{"start":{"line":145,"column":70},"end":{"line":195,"column":4}}},"8":{"name":"(anonymous_15)","decl":{"start":{"line":145,"column":70},"end":{"line":145,"column":null}},"loc":{"start":{"line":145,"column":70},"end":{"line":195,"column":3}}},"9":{"name":"(anonymous_16)","decl":{"start":{"line":201,"column":28},"end":{"line":201,"column":35}},"loc":{"start":{"line":201,"column":70},"end":{"line":243,"column":4}}},"10":{"name":"(anonymous_17)","decl":{"start":{"line":201,"column":70},"end":{"line":201,"column":null}},"loc":{"start":{"line":201,"column":70},"end":{"line":243,"column":3}}}},"branchMap":{"0":{"loc":{"start":{"line":12,"column":6},"end":{"line":17,"column":7}},"type":"if","locations":[{"start":{"line":12,"column":6},"end":{"line":17,"column":7}}]},"1":{"loc":{"start":{"line":53,"column":6},"end":{"line":58,"column":7}},"type":"if","locations":[{"start":{"line":53,"column":6},"end":{"line":58,"column":7}}]},"2":{"loc":{"start":{"line":74,"column":6},"end":{"line":79,"column":7}},"type":"if","locations":[{"start":{"line":74,"column":6},"end":{"line":79,"column":7}}]},"3":{"loc":{"start":{"line":103,"column":6},"end":{"line":108,"column":7}},"type":"if","locations":[{"start":{"line":103,"column":6},"end":{"line":108,"column":7}}]},"4":{"loc":{"start":{"line":111,"column":6},"end":{"line":116,"column":7}},"type":"if","locations":[{"start":{"line":111,"column":6},"end":{"line":116,"column":7}}]},"5":{"loc":{"start":{"line":111,"column":10},"end":{"line":111,"column":72}},"type":"binary-expr","locations":[{"start":{"line":111,"column":10},"end":{"line":111,"column":31}},{"start":{"line":111,"column":35},"end":{"line":111,"column":72}}]},"6":{"loc":{"start":{"line":152,"column":6},"end":{"line":157,"column":7}},"type":"if","locations":[{"start":{"line":152,"column":6},"end":{"line":157,"column":7}}]},"7":{"loc":{"start":{"line":169,"column":6},"end":{"line":174,"column":7}},"type":"if","locations":[{"start":{"line":169,"column":6},"end":{"line":174,"column":7}}]},"8":{"loc":{"start":{"line":207,"column":6},"end":{"line":212,"column":7}},"type":"if","locations":[{"start":{"line":207,"column":6},"end":{"line":212,"column":7}}]},"9":{"loc":{"start":{"line":227,"column":15},"end":{"line":227,"column":99}},"type":"cond-expr","locations":[{"start":{"line":227,"column":66},"end":{"line":227,"column":90}},{"start":{"line":227,"column":93},"end":{"line":227,"column":99}}]},"10":{"loc":{"start":{"line":227,"column":15},"end":{"line":227,"column":63}},"type":"binary-expr","locations":[{"start":{"line":227,"column":15},"end":{"line":227,"column":36}},{"start":{"line":227,"column":40},"end":{"line":227,"column":63}}]},"11":{"loc":{"start":{"line":228,"column":18},"end":{"line":228,"column":109}},"type":"cond-expr","locations":[{"start":{"line":228,"column":72},"end":{"line":228,"column":99}},{"start":{"line":228,"column":102},"end":{"line":228,"column":109}}]},"12":{"loc":{"start":{"line":228,"column":18},"end":{"line":228,"column":69}},"type":"binary-expr","locations":[{"start":{"line":228,"column":18},"end":{"line":228,"column":39}},{"start":{"line":228,"column":43},"end":{"line":228,"column":69}}]}},"s":{"0":4,"1":0,"2":0,"3":0,"4":0,"5":0,"6":0,"7":0,"8":0,"9":4,"10":0,"11":0,"12":0,"13":0,"14":0,"15":0,"16":0,"17":0,"18":0,"19":0,"20":0,"21":4,"22":0,"23":0,"24":0,"25":0,"26":0,"27":0,"28":0,"29":0,"30":0,"31":0,"32":0,"33":4,"34":0,"35":0,"36":0,"37":0,"38":0,"39":0,"40":0,"41":0,"42":0,"43":0,"44":0,"45":0,"46":0,"47":4,"48":0,"49":0,"50":0,"51":0,"52":0,"53":0,"54":0,"55":0,"56":0,"57":0,"58":4},"f":{"0":4,"1":0,"2":0,"3":0,"4":0,"5":0,"6":0,"7":0,"8":0,"9":0,"10":0},"b":{"0":[0],"1":[0],"2":[0],"3":[0],"4":[0],"5":[0,0],"6":[0],"7":[0],"8":[0],"9":[0,0],"10":[0,0],"11":[0,0],"12":[0,0]}}
,"/home/jaimemenendez/Workspace/Master AIDev202410/Ligenia/backend/src/api/controllers/statistic.controller.ts": {"path":"/home/jaimemenendez/Workspace/Master AIDev202410/Ligenia/backend/src/api/controllers/statistic.controller.ts","statementMap":{"0":{"start":{"line":3,"column":0},"end":{"line":3,"column":69}},"1":{"start":{"line":5,"column":15},"end":{"line":5,"column":33}},"2":{"start":{"line":12,"column":9},"end":{"line":57,"column":4}},"3":{"start":{"line":12,"column":63},"end":{"line":57,"column":4}},"4":{"start":{"line":13,"column":4},"end":{"line":56,"column":5}},"5":{"start":{"line":15,"column":60},"end":{"line":15,"column":69}},"6":{"start":{"line":20,"column":25},"end":{"line":45,"column":8}},"7":{"start":{"line":47,"column":6},"end":{"line":52,"column":9}},"8":{"start":{"line":54,"column":6},"end":{"line":54,"column":56}},"9":{"start":{"line":55,"column":6},"end":{"line":55,"column":89}},"10":{"start":{"line":63,"column":9},"end":{"line":94,"column":4}},"11":{"start":{"line":63,"column":66},"end":{"line":94,"column":4}},"12":{"start":{"line":64,"column":4},"end":{"line":93,"column":5}},"13":{"start":{"line":66,"column":21},"end":{"line":66,"column":31}},"14":{"start":{"line":71,"column":24},"end":{"line":82,"column":8}},"15":{"start":{"line":84,"column":6},"end":{"line":89,"column":9}},"16":{"start":{"line":91,"column":6},"end":{"line":91,"column":61}},"17":{"start":{"line":92,"column":6},"end":{"line":92,"column":89}},"18":{"start":{"line":100,"column":9},"end":{"line":133,"column":4}},"19":{"start":{"line":100,"column":69},"end":{"line":133,"column":4}},"20":{"start":{"line":101,"column":4},"end":{"line":132,"column":5}},"21":{"start":{"line":103,"column":28},"end":{"line":103,"column":36}},"22":{"start":{"line":106,"column":6},"end":{"line":111,"column":7}},"23":{"start":{"line":107,"column":8},"end":{"line":110,"column":11}},"24":{"start":{"line":116,"column":21},"end":{"line":120,"column":null}},"25":{"start":{"line":123,"column":6},"end":{"line":128,"column":9}},"26":{"start":{"line":130,"column":6},"end":{"line":130,"column":56}},"27":{"start":{"line":131,"column":6},"end":{"line":131,"column":89}},"28":{"start":{"line":139,"column":9},"end":{"line":174,"column":4}},"29":{"start":{"line":139,"column":69},"end":{"line":174,"column":4}},"30":{"start":{"line":140,"column":4},"end":{"line":173,"column":5}},"31":{"start":{"line":142,"column":21},"end":{"line":142,"column":31}},"32":{"start":{"line":143,"column":28},"end":{"line":143,"column":36}},"33":{"start":{"line":146,"column":6},"end":{"line":151,"column":7}},"34":{"start":{"line":147,"column":8},"end":{"line":150,"column":11}},"35":{"start":{"line":156,"column":21},"end":{"line":161,"column":null}},"36":{"start":{"line":164,"column":6},"end":{"line":169,"column":9}},"37":{"start":{"line":171,"column":6},"end":{"line":171,"column":56}},"38":{"start":{"line":172,"column":6},"end":{"line":172,"column":89}},"39":{"start":{"line":180,"column":9},"end":{"line":204,"column":4}},"40":{"start":{"line":180,"column":69},"end":{"line":204,"column":4}},"41":{"start":{"line":181,"column":4},"end":{"line":203,"column":5}},"42":{"start":{"line":183,"column":21},"end":{"line":183,"column":31}},"43":{"start":{"line":186,"column":6},"end":{"line":191,"column":7}},"44":{"start":{"line":187,"column":8},"end":{"line":190,"column":11}},"45":{"start":{"line":196,"column":6},"end":{"line":199,"column":9}},"46":{"start":{"line":201,"column":6},"end":{"line":201,"column":56}},"47":{"start":{"line":202,"column":6},"end":{"line":202,"column":89}},"48":{"start":{"line":210,"column":9},"end":{"line":253,"column":4}},"49":{"start":{"line":210,"column":67},"end":{"line":253,"column":4}},"50":{"start":{"line":211,"column":4},"end":{"line":252,"column":5}},"51":{"start":{"line":213,"column":25},"end":{"line":213,"column":35}},"52":{"start":{"line":218,"column":25},"end":{"line":241,"column":8}},"53":{"start":{"line":243,"column":6},"end":{"line":248,"column":9}},"54":{"start":{"line":250,"column":6},"end":{"line":250,"column":61}},"55":{"start":{"line":251,"column":6},"end":{"line":251,"column":89}},"56":{"start":{"line":259,"column":9},"end":{"line":302,"column":4}},"57":{"start":{"line":259,"column":73},"end":{"line":302,"column":4}},"58":{"start":{"line":260,"column":4},"end":{"line":301,"column":5}},"59":{"start":{"line":262,"column":31},"end":{"line":262,"column":41}},"60":{"start":{"line":267,"column":25},"end":{"line":290,"column":8}},"61":{"start":{"line":292,"column":6},"end":{"line":297,"column":9}},"62":{"start":{"line":299,"column":6},"end":{"line":299,"column":67}},"63":{"start":{"line":300,"column":6},"end":{"line":300,"column":89}},"64":{"start":{"line":7,"column":0},"end":{"line":7,"column":13}},"65":{"start":{"line":326,"column":9},"end":{"line":368,"column":4}},"66":{"start":{"line":326,"column":61},"end":{"line":368,"column":4}},"67":{"start":{"line":327,"column":4},"end":{"line":367,"column":5}},"68":{"start":{"line":329,"column":20},"end":{"line":329,"column":82}},"69":{"start":{"line":330,"column":21},"end":{"line":330,"column":84}},"70":{"start":{"line":333,"column":32},"end":{"line":350,"column":8}},"71":{"start":{"line":353,"column":29},"end":{"line":353,"column":85}},"72":{"start":{"line":355,"column":6},"end":{"line":360,"column":9}},"73":{"start":{"line":362,"column":6},"end":{"line":362,"column":54}},"74":{"start":{"line":363,"column":6},"end":{"line":366,"column":9}},"75":{"start":{"line":374,"column":9},"end":{"line":426,"column":4}},"76":{"start":{"line":374,"column":71},"end":{"line":426,"column":4}},"77":{"start":{"line":375,"column":4},"end":{"line":425,"column":5}},"78":{"start":{"line":376,"column":29},"end":{"line":376,"column":39}},"79":{"start":{"line":377,"column":20},"end":{"line":377,"column":82}},"80":{"start":{"line":378,"column":21},"end":{"line":378,"column":84}},"81":{"start":{"line":381,"column":6},"end":{"line":386,"column":7}},"82":{"start":{"line":382,"column":8},"end":{"line":385,"column":11}},"83":{"start":{"line":389,"column":32},"end":{"line":408,"column":8}},"84":{"start":{"line":411,"column":29},"end":{"line":411,"column":85}},"85":{"start":{"line":413,"column":6},"end":{"line":418,"column":9}},"86":{"start":{"line":420,"column":6},"end":{"line":420,"column":66}},"87":{"start":{"line":421,"column":6},"end":{"line":424,"column":9}},"88":{"start":{"line":308,"column":4},"end":{"line":319,"column":7}},"89":{"start":{"line":309,"column":47},"end":{"line":309,"column":49}},"90":{"start":{"line":310,"column":6},"end":{"line":317,"column":7}},"91":{"start":{"line":312,"column":8},"end":{"line":316,"column":9}},"92":{"start":{"line":313,"column":10},"end":{"line":313,"column":47}},"93":{"start":{"line":315,"column":10},"end":{"line":315,"column":39}},"94":{"start":{"line":318,"column":6},"end":{"line":318,"column":25}},"95":{"start":{"line":305,"column":0},"end":{"line":305,"column":13}}},"fnMap":{"0":{"name":"(anonymous_7)","decl":{"start":{"line":7,"column":0},"end":{"line":7,"column":13}},"loc":{"start":{"line":7,"column":0},"end":{"line":303,"column":1}}},"1":{"name":"(anonymous_8)","decl":{"start":{"line":12,"column":25},"end":{"line":12,"column":32}},"loc":{"start":{"line":12,"column":63},"end":{"line":57,"column":4}}},"2":{"name":"(anonymous_9)","decl":{"start":{"line":12,"column":63},"end":{"line":12,"column":null}},"loc":{"start":{"line":12,"column":63},"end":{"line":57,"column":3}}},"3":{"name":"(anonymous_10)","decl":{"start":{"line":63,"column":28},"end":{"line":63,"column":35}},"loc":{"start":{"line":63,"column":66},"end":{"line":94,"column":4}}},"4":{"name":"(anonymous_11)","decl":{"start":{"line":63,"column":66},"end":{"line":63,"column":null}},"loc":{"start":{"line":63,"column":66},"end":{"line":94,"column":3}}},"5":{"name":"(anonymous_12)","decl":{"start":{"line":100,"column":27},"end":{"line":100,"column":34}},"loc":{"start":{"line":100,"column":69},"end":{"line":133,"column":4}}},"6":{"name":"(anonymous_13)","decl":{"start":{"line":100,"column":69},"end":{"line":100,"column":null}},"loc":{"start":{"line":100,"column":69},"end":{"line":133,"column":3}}},"7":{"name":"(anonymous_14)","decl":{"start":{"line":139,"column":27},"end":{"line":139,"column":34}},"loc":{"start":{"line":139,"column":69},"end":{"line":174,"column":4}}},"8":{"name":"(anonymous_15)","decl":{"start":{"line":139,"column":69},"end":{"line":139,"column":null}},"loc":{"start":{"line":139,"column":69},"end":{"line":174,"column":3}}},"9":{"name":"(anonymous_16)","decl":{"start":{"line":180,"column":27},"end":{"line":180,"column":34}},"loc":{"start":{"line":180,"column":69},"end":{"line":204,"column":4}}},"10":{"name":"(anonymous_17)","decl":{"start":{"line":180,"column":69},"end":{"line":180,"column":null}},"loc":{"start":{"line":180,"column":69},"end":{"line":204,"column":3}}},"11":{"name":"(anonymous_18)","decl":{"start":{"line":210,"column":29},"end":{"line":210,"column":36}},"loc":{"start":{"line":210,"column":67},"end":{"line":253,"column":4}}},"12":{"name":"(anonymous_19)","decl":{"start":{"line":210,"column":67},"end":{"line":210,"column":null}},"loc":{"start":{"line":210,"column":67},"end":{"line":253,"column":3}}},"13":{"name":"(anonymous_20)","decl":{"start":{"line":259,"column":35},"end":{"line":259,"column":42}},"loc":{"start":{"line":259,"column":73},"end":{"line":302,"column":4}}},"14":{"name":"(anonymous_21)","decl":{"start":{"line":259,"column":73},"end":{"line":259,"column":null}},"loc":{"start":{"line":259,"column":73},"end":{"line":302,"column":3}}},"15":{"name":"(anonymous_22)","decl":{"start":{"line":305,"column":0},"end":{"line":305,"column":13}},"loc":{"start":{"line":305,"column":0},"end":{"line":427,"column":1}}},"16":{"name":"(anonymous_23)","decl":{"start":{"line":326,"column":23},"end":{"line":326,"column":30}},"loc":{"start":{"line":326,"column":61},"end":{"line":368,"column":4}}},"17":{"name":"(anonymous_24)","decl":{"start":{"line":326,"column":61},"end":{"line":326,"column":null}},"loc":{"start":{"line":326,"column":61},"end":{"line":368,"column":3}}},"18":{"name":"(anonymous_25)","decl":{"start":{"line":374,"column":33},"end":{"line":374,"column":40}},"loc":{"start":{"line":374,"column":71},"end":{"line":426,"column":4}}},"19":{"name":"(anonymous_26)","decl":{"start":{"line":374,"column":71},"end":{"line":374,"column":null}},"loc":{"start":{"line":374,"column":71},"end":{"line":426,"column":3}}},"20":{"name":"(anonymous_27)","decl":{"start":{"line":307,"column":10},"end":{"line":307,"column":33}},"loc":{"start":{"line":307,"column":48},"end":{"line":320,"column":3}}},"21":{"name":"(anonymous_28)","decl":{"start":{"line":308,"column":23},"end":{"line":308,"column":27}},"loc":{"start":{"line":308,"column":30},"end":{"line":319,"column":5}}}},"branchMap":{"0":{"loc":{"start":{"line":106,"column":6},"end":{"line":111,"column":7}},"type":"if","locations":[{"start":{"line":106,"column":6},"end":{"line":111,"column":7}}]},"1":{"loc":{"start":{"line":106,"column":10},"end":{"line":106,"column":55}},"type":"binary-expr","locations":[{"start":{"line":106,"column":10},"end":{"line":106,"column":19}},{"start":{"line":106,"column":23},"end":{"line":106,"column":55}}]},"2":{"loc":{"start":{"line":146,"column":6},"end":{"line":151,"column":7}},"type":"if","locations":[{"start":{"line":146,"column":6},"end":{"line":151,"column":7}}]},"3":{"loc":{"start":{"line":146,"column":10},"end":{"line":146,"column":55}},"type":"binary-expr","locations":[{"start":{"line":146,"column":10},"end":{"line":146,"column":19}},{"start":{"line":146,"column":23},"end":{"line":146,"column":55}}]},"4":{"loc":{"start":{"line":186,"column":6},"end":{"line":191,"column":7}},"type":"if","locations":[{"start":{"line":186,"column":6},"end":{"line":191,"column":7}}]},"5":{"loc":{"start":{"line":186,"column":10},"end":{"line":186,"column":55}},"type":"binary-expr","locations":[{"start":{"line":186,"column":10},"end":{"line":186,"column":19}},{"start":{"line":186,"column":23},"end":{"line":186,"column":55}}]},"6":{"loc":{"start":{"line":329,"column":20},"end":{"line":329,"column":82}},"type":"cond-expr","locations":[{"start":{"line":329,"column":38},"end":{"line":329,"column":77}},{"start":{"line":329,"column":80},"end":{"line":329,"column":82}}]},"7":{"loc":{"start":{"line":330,"column":21},"end":{"line":330,"column":84}},"type":"cond-expr","locations":[{"start":{"line":330,"column":40},"end":{"line":330,"column":80}},{"start":{"line":330,"column":83},"end":{"line":330,"column":84}}]},"8":{"loc":{"start":{"line":377,"column":20},"end":{"line":377,"column":82}},"type":"cond-expr","locations":[{"start":{"line":377,"column":38},"end":{"line":377,"column":77}},{"start":{"line":377,"column":80},"end":{"line":377,"column":82}}]},"9":{"loc":{"start":{"line":378,"column":21},"end":{"line":378,"column":84}},"type":"cond-expr","locations":[{"start":{"line":378,"column":40},"end":{"line":378,"column":80}},{"start":{"line":378,"column":83},"end":{"line":378,"column":84}}]},"10":{"loc":{"start":{"line":381,"column":6},"end":{"line":386,"column":7}},"type":"if","locations":[{"start":{"line":381,"column":6},"end":{"line":386,"column":7}}]},"11":{"loc":{"start":{"line":312,"column":8},"end":{"line":316,"column":9}},"type":"if","locations":[{"start":{"line":312,"column":8},"end":{"line":316,"column":9}},{"start":{"line":314,"column":15},"end":{"line":316,"column":9}}]}},"s":{"0":4,"1":4,"2":4,"3":0,"4":0,"5":0,"6":0,"7":0,"8":0,"9":0,"10":4,"11":0,"12":0,"13":0,"14":0,"15":0,"16":0,"17":0,"18":4,"19":0,"20":0,"21":0,"22":0,"23":0,"24":0,"25":0,"26":0,"27":0,"28":4,"29":0,"30":0,"31":0,"32":0,"33":0,"34":0,"35":0,"36":0,"37":0,"38":0,"39":4,"40":0,"41":0,"42":0,"43":0,"44":0,"45":0,"46":0,"47":0,"48":4,"49":0,"50":0,"51":0,"52":0,"53":0,"54":0,"55":0,"56":4,"57":0,"58":0,"59":0,"60":0,"61":0,"62":0,"63":0,"64":4,"65":8,"66":0,"67":0,"68":0,"69":0,"70":0,"71":0,"72":0,"73":0,"74":0,"75":8,"76":0,"77":0,"78":0,"79":0,"80":0,"81":0,"82":0,"83":0,"84":0,"85":0,"86":0,"87":0,"88":0,"89":0,"90":0,"91":0,"92":0,"93":0,"94":0,"95":4},"f":{"0":4,"1":0,"2":0,"3":0,"4":0,"5":0,"6":0,"7":0,"8":0,"9":0,"10":0,"11":0,"12":0,"13":0,"14":0,"15":8,"16":0,"17":0,"18":0,"19":0,"20":0,"21":0},"b":{"0":[0],"1":[0,0],"2":[0],"3":[0,0],"4":[0],"5":[0,0],"6":[0,0],"7":[0,0],"8":[0,0],"9":[0,0],"10":[0],"11":[0,0]}}
,"/home/jaimemenendez/Workspace/Master AIDev202410/Ligenia/backend/src/api/controllers/tournament.controller.ts": {"path":"/home/jaimemenendez/Workspace/Master AIDev202410/Ligenia/backend/src/api/controllers/tournament.controller.ts","statementMap":{"0":{"start":{"line":3,"column":0},"end":{"line":3,"column":91}},"1":{"start":{"line":10,"column":9},"end":{"line":57,"column":4}},"2":{"start":{"line":10,"column":64},"end":{"line":57,"column":4}},"3":{"start":{"line":11,"column":4},"end":{"line":56,"column":5}},"4":{"start":{"line":13,"column":35},"end":{"line":13,"column":44}},"5":{"start":{"line":19,"column":24},"end":{"line":36,"column":8}},"6":{"start":{"line":39,"column":6},"end":{"line":41,"column":7}},"7":{"start":{"line":40,"column":8},"end":{"line":40,"column":67}},"8":{"start":{"line":40,"column":46},"end":{"line":40,"column":65}},"9":{"start":{"line":43,"column":6},"end":{"line":45,"column":7}},"10":{"start":{"line":44,"column":8},"end":{"line":44,"column":71}},"11":{"start":{"line":44,"column":46},"end":{"line":44,"column":69}},"12":{"start":{"line":47,"column":6},"end":{"line":52,"column":9}},"13":{"start":{"line":54,"column":6},"end":{"line":54,"column":57}},"14":{"start":{"line":55,"column":6},"end":{"line":55,"column":89}},"15":{"start":{"line":63,"column":9},"end":{"line":106,"column":4}},"16":{"start":{"line":63,"column":67},"end":{"line":106,"column":4}},"17":{"start":{"line":64,"column":4},"end":{"line":105,"column":5}},"18":{"start":{"line":66,"column":21},"end":{"line":66,"column":31}},"19":{"start":{"line":69,"column":6},"end":{"line":74,"column":7}},"20":{"start":{"line":70,"column":8},"end":{"line":73,"column":11}},"21":{"start":{"line":80,"column":25},"end":{"line":94,"column":8}},"22":{"start":{"line":96,"column":6},"end":{"line":101,"column":9}},"23":{"start":{"line":103,"column":6},"end":{"line":103,"column":62}},"24":{"start":{"line":104,"column":6},"end":{"line":104,"column":89}},"25":{"start":{"line":112,"column":9},"end":{"line":147,"column":4}},"26":{"start":{"line":112,"column":70},"end":{"line":147,"column":4}},"27":{"start":{"line":113,"column":4},"end":{"line":146,"column":5}},"28":{"start":{"line":115,"column":29},"end":{"line":115,"column":37}},"29":{"start":{"line":118,"column":6},"end":{"line":123,"column":7}},"30":{"start":{"line":119,"column":8},"end":{"line":122,"column":11}},"31":{"start":{"line":129,"column":22},"end":{"line":134,"column":null}},"32":{"start":{"line":137,"column":6},"end":{"line":142,"column":9}},"33":{"start":{"line":144,"column":6},"end":{"line":144,"column":57}},"34":{"start":{"line":145,"column":6},"end":{"line":145,"column":89}},"35":{"start":{"line":153,"column":9},"end":{"line":195,"column":4}},"36":{"start":{"line":153,"column":70},"end":{"line":195,"column":4}},"37":{"start":{"line":154,"column":4},"end":{"line":194,"column":5}},"38":{"start":{"line":156,"column":21},"end":{"line":156,"column":31}},"39":{"start":{"line":157,"column":29},"end":{"line":157,"column":37}},"40":{"start":{"line":160,"column":6},"end":{"line":165,"column":7}},"41":{"start":{"line":161,"column":8},"end":{"line":164,"column":11}},"42":{"start":{"line":168,"column":6},"end":{"line":173,"column":7}},"43":{"start":{"line":169,"column":8},"end":{"line":172,"column":11}},"44":{"start":{"line":179,"column":22},"end":{"line":182,"column":null}},"45":{"start":{"line":185,"column":6},"end":{"line":190,"column":9}},"46":{"start":{"line":192,"column":6},"end":{"line":192,"column":57}},"47":{"start":{"line":193,"column":6},"end":{"line":193,"column":89}},"48":{"start":{"line":201,"column":9},"end":{"line":233,"column":4}},"49":{"start":{"line":201,"column":70},"end":{"line":233,"column":4}},"50":{"start":{"line":202,"column":4},"end":{"line":232,"column":5}},"51":{"start":{"line":204,"column":21},"end":{"line":204,"column":31}},"52":{"start":{"line":207,"column":6},"end":{"l
[...]
,"end":{"line":173,"column":59}},"38":{"start":{"line":175,"column":6},"end":{"line":177,"column":7}},"39":{"start":{"line":176,"column":8},"end":{"line":176,"column":43}},"40":{"start":{"line":180,"column":32},"end":{"line":180,"column":68}},"41":{"start":{"line":181,"column":6},"end":{"line":183,"column":7}},"42":{"start":{"line":182,"column":8},"end":{"line":182,"column":43}},"43":{"start":{"line":185,"column":26},"end":{"line":185,"column":54}},"44":{"start":{"line":187,"column":6},"end":{"line":196,"column":9}},"45":{"start":{"line":198,"column":6},"end":{"line":198,"column":50}},"46":{"start":{"line":208,"column":4},"end":{"line":229,"column":5}},"47":{"start":{"line":210,"column":30},"end":{"line":214,"column":17}},"48":{"start":{"line":216,"column":6},"end":{"line":218,"column":7}},"49":{"start":{"line":217,"column":8},"end":{"line":217,"column":52}},"50":{"start":{"line":220,"column":6},"end":{"line":226,"column":9}},"51":{"start":{"line":228,"column":6},"end":{"line":228,"column":66}},"52":{"start":{"line":239,"column":4},"end":{"line":281,"column":5}},"53":{"start":{"line":241,"column":25},"end":{"line":241,"column":55}},"54":{"start":{"line":242,"column":6},"end":{"line":244,"column":7}},"55":{"start":{"line":243,"column":8},"end":{"line":243,"column":50}},"56":{"start":{"line":247,"column":43},"end":{"line":255,"column":17}},"57":{"start":{"line":257,"column":6},"end":{"line":259,"column":7}},"58":{"start":{"line":258,"column":8},"end":{"line":258,"column":67}},"59":{"start":{"line":262,"column":6},"end":{"line":270,"column":7}},"60":{"start":{"line":263,"column":37},"end":{"line":265,"column":10}},"61":{"start":{"line":267,"column":8},"end":{"line":269,"column":9}},"62":{"start":{"line":268,"column":10},"end":{"line":268,"column":63}},"63":{"start":{"line":272,"column":6},"end":{"line":278,"column":9}},"64":{"start":{"line":280,"column":6},"end":{"line":280,"column":66}},"65":{"start":{"line":290,"column":4},"end":{"line":320,"column":5}},"66":{"start":{"line":291,"column":30},"end":{"line":293,"column":8}},"67":{"start":{"line":295,"column":6},"end":{"line":297,"column":7}},"68":{"start":{"line":296,"column":8},"end":{"line":296,"column":52}},"69":{"start":{"line":300,"column":32},"end":{"line":300,"column":68}},"70":{"start":{"line":301,"column":6},"end":{"line":303,"column":7}},"71":{"start":{"line":302,"column":8},"end":{"line":302,"column":57}},"72":{"start":{"line":305,"column":26},"end":{"line":305,"column":54}},"73":{"start":{"line":307,"column":6},"end":{"line":317,"column":9}},"74":{"start":{"line":319,"column":6},"end":{"line":319,"column":50}},"75":{"start":{"line":325,"column":4},"end":{"line":325,"column":16}},"76":{"start":{"line":330,"column":4},"end":{"line":330,"column":38}},"77":{"start":{"line":26,"column":13},"end":{"line":26,"column":32}},"78":{"start":{"line":26,"column":13},"end":{"line":332,"column":null}}},"fnMap":{"0":{"name":"(anonymous_9)","decl":{"start":{"line":29,"column":2},"end":{"line":29,"column":null}},"loc":{"start":{"line":29,"column":2},"end":{"line":38,"column":3}}},"1":{"name":"(anonymous_10)","decl":{"start":{"line":45,"column":8},"end":{"line":45,"column":13}},"loc":{"start":{"line":45,"column":44},"end":{"line":78,"column":null}}},"2":{"name":"(anonymous_12)","decl":{"start":{"line":85,"column":8},"end":{"line":85,"column":16}},"loc":{"start":{"line":85,"column":40},"end":{"line":146,"column":null}}},"3":{"name":"(anonymous_14)","decl":{"start":{"line":153,"column":8},"end":{"line":153,"column":21}},"loc":{"start":{"line":153,"column":35},"end":{"line":200,"column":null}}},"4":{"name":"(anonymous_16)","decl":{"start":{"line":207,"column":8},"end":{"line":207,"column":19}},"loc":{"start":{"line":207,"column":34},"end":{"line":230,"column":null}}},"5":{"name":"(anonymous_18)","decl":{"start":{"line":238,"column":8},"end":{"line":238,"column":18}},"loc":{"start":{"line":238,"column":59},"end":{"line":282,"column":null}}},"6":{"name":"(anonymous_20)","decl":{"start":{"line":289,"column":8},"end":{"line":289,"column":20}},"loc":{"start":{"line":289,"column":41},"end":{"line":321,"column":null}}},"7":{"name":"(anonymous_22)","decl":{"start":{"line":323,"column":8},"end":{"line":323,"column":22}},"loc":{"start":{"line":323,"column":68},"end":{"line":326,"column":null}}},"8":{"name":"(anonymous_24)","decl":{"start":{"line":328,"column":8},"end":{"line":328,"column":21}},"loc":{"start":{"line":328,"column":37},"end":{"line":331,"column":null}}}},"branchMap":{"0":{"loc":{"start":{"line":33,"column":4},"end":{"line":35,"column":5}},"type":"if","locations":[{"start":{"line":33,"column":4},"end":{"line":35,"column":5}}]},"1":{"loc":{"start":{"line":33,"column":8},"end":{"line":33,"column":36}},"type":"binary-expr","locations":[{"start":{"line":33,"column":8},"end":{"line":33,"column":20}},{"start":{"line":33,"column":24},"end":{"line":33,"column":36}}]},"2":{"loc":{"start":{"line":52,"column":6},"end":{"line":54,"column":7}},"type":"if","locations":[{"start":{"line":52,"column":6},"end":{"line":54,"column":7}}]},"3":{"loc":{"start":{"line":58,"column":6},"end":{"line":60,"column":7}},"type":"if","locations":[{"start":{"line":58,"column":6},"end":{"line":60,"column":7}}]},"4":{"loc":{"start":{"line":69,"column":17},"end":{"line":69,"column":38}},"type":"cond-expr","locations":[{"start":{"line":69,"column":32},"end":{"line":69,"column":36}},{"start":{"line":69,"column":36},"end":{"line":69,"column":38}}]},"5":{"loc":{"start":{"line":69,"column":17},"end":{"line":69,"column":36}},"type":"binary-expr","locations":[{"start":{"line":69,"column":17},"end":{"line":69,"column":36}},{"start":{"line":69,"column":32},"end":{"line":69,"column":36}}]},"6":{"loc":{"start":{"line":94,"column":6},"end":{"line":96,"column":7}},"type":"if","locations":[{"start":{"line":94,"column":6},"end":{"line":96,"column":7}}]},"7":{"loc":{"start":{"line":104,"column":6},"end":{"line":106,"column":7}},"type":"if","locations":[{"start":{"line":104,"column":6},"end":{"line":106,"column":7}}]},"8":{"loc":{"start":{"line":108,"column":6},"end":{"line":110,"column":7}},"type":"if","locations":[{"start":{"line":108,"column":6},"end":{"line":110,"column":7}}]},"9":{"loc":{"start":{"line":119,"column":14},"end":{"line":119,"column":35}},"type":"binary-expr","locations":[{"start":{"line":119,"column":14},"end":{"line":119,"column":23}},{"start":{"line":119,"column":27},"end":{"line":119,"column":35}}]},"10":{"loc":{"start":{"line":126,"column":6},"end":{"line":130,"column":7}},"type":"if","locations":[{"start":{"line":126,"column":6},"end":{"line":130,"column":7}}]},"11":{"loc":{"start":{"line":133,"column":21},"end":{"line":133,"column":57}},"type":"cond-expr","locations":[{"start":{"line":133,"column":51},"end":{"line":133,"column":55}},{"start":{"line":133,"column":55},"end":{"line":133,"column":57}}]},"12":{"loc":{"start":{"line":133,"column":21},"end":{"line":133,"column":55}},"type":"binary-expr","locations":[{"start":{"line":133,"column":21},"end":{"line":133,"column":55}},{"start":{"line":133,"column":51},"end":{"line":133,"column":55}}]},"13":{"loc":{"start":{"line":133,"column":21},"end":{"line":133,"column":51}},"type":"cond-expr","locations":[{"start":{"line":133,"column":37},"end":{"line":133,"column":39}},{"start":{"line":133,"column":37},"end":{"line":133,"column":51}}]},"14":{"loc":{"start":{"line":133,"column":21},"end":{"line":133,"column":39}},"type":"binary-expr","locations":[{"start":{"line":133,"column":21},"end":{"line":133,"column":39}},{"start":{"line":133,"column":37},"end":{"line":133,"column":39}}]},"15":{"loc":{"start":{"line":134,"column":22},"end":{"line":134,"column":59}},"type":"cond-expr","locations":[{"start":{"line":134,"column":53},"end":{"line":134,"column":57}},{"start":{"line":134,"column":57},"end":{"line":134,"column":59}}]},"16":{"loc":{"start":{"line":134,"column":22},"end":{"line":134,"column":57}},"type":"binary-expr","locations":[{"start":{"line":134,"column":22},"end":{"line":134,"column":57}},{"start":{"line":134,"column":53},"end":{"line":134,"column":57}}]},"17":{"loc":{"start":{"line":134,"column":22},"end":{"line":134,"column":53}},"type":"cond-expr","locations":[{"start":{"line":134,"column":38},"end":{"line":134,"column":40}},{"start":{"line":134,"column":38},"end":{"line":134,"column":53}}]},"18":{"loc":{"start":{"line":134,"column":22},"end":{"line":134,"column":40}},"type":"binary-expr","locations":[{"start":{"line":134,"column":22},"end":{"line":134,"column":40}},{"start":{"line":134,"column":38},"end":{"line":134,"column":40}}]},"19":{"loc":{"start":{"line":137,"column":17},"end":{"line":137,"column":42}},"type":"cond-expr","locations":[{"start":{"line":137,"column":36},"end":{"line":137,"column":40}},{"start":{"line":137,"column":40},"end":{"line":137,"column":42}}]},"20":{"loc":{"start":{"line":137,"column":17},"end":{"line":137,"column":40}},"type":"binary-expr","locations":[{"start":{"line":137,"column":17},"end":{"line":137,"column":40}},{"start":{"line":137,"column":36},"end":{"line":137,"column":40}}]},"21":{"loc":{"start":{"line":139,"column":16},"end":{"line":139,"column":37}},"type":"binary-expr","locations":[{"start":{"line":139,"column":16},"end":{"line":139,"column":25}},{"start":{"line":139,"column":29},"end":{"line":139,"column":37}}]},"22":{"loc":{"start":{"line":175,"column":6},"end":{"line":177,"column":7}},"type":"if","locations":[{"start":{"line":175,"column":6},"end":{"line":177,"column":7}}]},"23":{"loc":{"start":{"line":175,"column":10},"end":{"line":175,"column":29}},"type":"binary-expr","locations":[{"start":{"line":175,"column":10},"end":{"line":175,"column":15}},{"start":{"line":175,"column":19},"end":{"line":175,"column":29}}]},"24":{"loc":{"start":{"line":181,"column":6},"end":{"line":183,"column":7}},"type":"if","locations":[{"start":{"line":181,"column":6},"end":{"line":183,"column":7}}]},"25":{"loc":{"start":{"line":191,"column":17},"end":{"line":191,"column":38}},"type":"cond-expr","locations":[{"start":{"line":191,"column":32},"end":{"line":191,"column":36}},{"start":{"line":191,"column":36},"end":{"line":191,"column":38}}]},"26":{"loc":{"start":{"line":191,"column":17},"end":{"line":191,"column":36}},"type":"binary-expr","locations":[{"start":{"line":191,"column":17},"end":{"line":191,"column":36}},{"start":{"line":191,"column":32},"end":{"line":191,"column":36}}]},"27":{"loc":{"start":{"line":216,"column":6},"end":{"line":218,"column":7}},"type":"if","locations":[{"start":{"line":216,"column":6},"end":{"line":218,"column":7}}]},"28":{"loc":{"start":{"line":216,"column":10},"end":{"line":216,"column":24}},"type":"binary-expr","locations":[{"start":{"line":216,"column":10},"end":{"line":216,"column":15}},{"start":{"line":216,"column":19},"end":{"line":216,"column":24}}]},"29":{"loc":{"start":{"line":242,"column":6},"end":{"line":244,"column":7}},"type":"if","locations":[{"start":{"line":242,"column":6},"end":{"line":244,"column":7}}]},"30":{"loc":{"start":{"line":257,"column":6},"end":{"line":259,"column":7}},"type":"if","locations":[{"start":{"line":257,"column":6},"end":{"line":259,"column":7}}]},"31":{"loc":{"start":{"line":257,"column":10},"end":{"line":257,"column":31}},"type":"binary-expr","locations":[{"start":{"line":257,"column":10},"end":{"line":257,"column":15}},{"start":{"line":257,"column":19},"end":{"line":257,"column":31}}]},"32":{"loc":{"start":{"line":262,"column":6},"end":{"line":270,"column":7}},"type":"if","locations":[{"start":{"line":262,"column":6},"end":{"line":270,"column":7}}]},"33":{"loc":{"start":{"line":267,"column":8},"end":{"line":269,"column":9}},"type":"if","locations":[{"start":{"line":267,"column":8},"end":{"line":269,"column":9}}]},"34":{"loc":{"start":{"line":295,"column":6},"end":{"line":297,"column":7}},"type":"if","locations":[{"start":{"line":295,"column":6},"end":{"line":297,"column":7}}]},"35":{"loc":{"start":{"line":295,"column":10},"end":{"line":295,"column":32}},"type":"binary-expr","locations":[{"start":{"line":295,"column":10},"end":{"line":295,"column":15}},{"start":{"line":295,"column":19},"end":{"line":295,"column":32}}]},"36":{"loc":{"start":{"line":301,"column":6},"end":{"line":303,"column":7}},"type":"if","locations":[{"start":{"line":301,"column":6},"end":{"line":303,"column":7}}]},"37":{"loc":{"start":{"line":312,"column":17},"end":{"line":312,"column":38}},"type":"cond-expr","locations":[{"start":{"line":312,"column":32},"end":{"line":312,"column":36}},{"start":{"line":312,"column":36},"end":{"line":312,"column":38}}]},"38":{"loc":{"start":{"line":312,"column":17},"end":{"line":312,"column":36}},"type":"binary-expr","locations":[{"start":{"line":312,"column":17},"end":{"line":312,"column":36}},{"start":{"line":312,"column":32},"end":{"line":312,"column":36}}]}},"s":{"0":4,"1":4,"2":4,"3":4,"4":4,"5":0,"6":0,"7":0,"8":0,"9":0,"10":0,"11":0,"12":0,"13":0,"14":0,"15":0,"16":0,"17":0,"18":0,"19":0,"20":0,"21":0,"22":0,"23":0,"24":0,"25":0,"26":0,"27":0,"28":0,"29":0,"30":0,"31":0,"32":0,"33":0,"34":0,"35":0,"36":0,"37":0,"38":0,"39":0,"40":0,"41":0,"42":0,"43":0,"44":0,"45":0,"46":0,"47":0,"48":0,"49":0,"50":0,"51":0,"52":0,"53":0,"54":0,"55":0,"56":0,"57":0,"58":0,"59":0,"60":0,"61":0,"62":0,"63":0,"64":0,"65":0,"66":0,"67":0,"68":0,"69":0,"70":0,"71":0,"72":0,"73":0,"74":0,"75":0,"76":0,"77":4,"78":4},"f":{"0":0,"1":0,"2":0,"3":0,"4":0,"5":0,"6":0,"7":0,"8":0},"b":{"0":[0],"1":[0,0],"2":[0],"3":[0],"4":[0,0],"5":[0,0],"6":[0],"7":[0],"8":[0],"9":[0,0],"10":[0],"11":[0,0],"12":[0,0],"13":[0,0],"14":[0,0],"15":[0,0],"16":[0,0],"17":[0,0],"18":[0,0],"19":[0,0],"20":[0,0],"21":[0,0],"22":[0],"23":[0,0],"24":[0],"25":[0,0],"26":[0,0],"27":[0],"28":[0,0],"29":[0],"30":[0],"31":[0,0],"32":[0],"33":[0],"34":[0],"35":[0,0],"36":[0],"37":[0,0],"38":[0,0]}}
,"/home/jaimemenendez/Workspace/Master AIDev202410/Ligenia/backend/src/shared/result.ts": {"path":"/home/jaimemenendez/Workspace/Master AIDev202410/Ligenia/backend/src/shared/result.ts","statementMap":{"0":{"start":{"line":7,"column":21},"end":{"line":7,"column":42}},"1":{"start":{"line":8,"column":21},"end":{"line":8,"column":43}},"2":{"start":{"line":9,"column":21},"end":{"line":9,"column":39}},"3":{"start":{"line":16,"column":4},"end":{"line":16,"column":29}},"4":{"start":{"line":23,"column":4},"end":{"line":23,"column":30}},"5":{"start":{"line":31,"column":4},"end":{"line":33,"column":5}},"6":{"start":{"line":32,"column":6},"end":{"line":32,"column":63}},"7":{"start":{"line":34,"column":4},"end":{"line":34,"column":27}},"8":{"start":{"line":42,"column":4},"end":{"line":44,"column":5}},"9":{"start":{"line":43,"column":6},"end":{"line":43,"column":67}},"10":{"start":{"line":45,"column":4},"end":{"line":45,"column":22}},"11":{"start":{"line":53,"column":4},"end":{"line":53,"column":44}},"12":{"start":{"line":61,"column":4},"end":{"line":61,"column":39}},"13":{"start":{"line":5,"column":0},"end":{"line":5,"column":13}}},"fnMap":{"0":{"name":"(anonymous_0)","decl":{"start":{"line":6,"column":2},"end":{"line":6,"column":null}},"loc":{"start":{"line":9,"column":43},"end":{"line":10,"column":6}}},"1":{"name":"(anonymous_1)","decl":{"start":{"line":15,"column":2},"end":{"line":15,"column":6}},"loc":{"start":{"line":15,"column":15},"end":{"line":17,"column":3}}},"2":{"name":"(anonymous_2)","decl":{"start":{"line":22,"column":2},"end":{"line":22,"column":6}},"loc":{"start":{"line":22,"column":15},"end":{"line":24,"column":3}}},"3":{"name":"(anonymous_3)","decl":{"start":{"line":30,"column":2},"end":{"line":30,"column":10}},"loc":{"start":{"line":30,"column":10},"end":{"line":35,"column":3}}},"4":{"name":"(anonymous_4)","decl":{"start":{"line":41,"column":2},"end":{"line":41,"column":10}},"loc":{"start":{"line":41,"column":10},"end":{"line":46,"column":3}}},"5":{"name":"(anonymous_5)","decl":{"start":{"line":52,"column":2},"end":{"line":52,"column":8}},"loc":{"start":{"line":52,"column":23},"end":{"line":54,"column":3}}},"6":{"name":"(anonymous_6)","decl":{"start":{"line":60,"column":2},"end":{"line":60,"column":8}},"loc":{"start":{"line":60,"column":29},"end":{"line":62,"column":3}}}},"branchMap":{"0":{"loc":{"start":{"line":8,"column":21},"end":{"line":8,"column":47}},"type":"default-arg","locations":[{"start":{"line":8,"column":43},"end":{"line":8,"column":47}}]},"1":{"loc":{"start":{"line":9,"column":21},"end":{"line":9,"column":43}},"type":"default-arg","locations":[{"start":{"line":9,"column":39},"end":{"line":9,"column":43}}]},"2":{"loc":{"start":{"line":31,"column":4},"end":{"line":33,"column":5}},"type":"if","locations":[{"start":{"line":31,"column":4},"end":{"line":33,"column":5}}]},"3":{"loc":{"start":{"line":42,"column":4},"end":{"line":44,"column":5}},"type":"if","locations":[{"start":{"line":42,"column":4},"end":{"line":44,"column":5}}]}},"s":{"0":31,"1":31,"2":31,"3":28,"4":17,"5":14,"6":0,"7":14,"8":8,"9":0,"10":8,"11":14,"12":17,"13":4},"f":{"0":31,"1":28,"2":17,"3":14,"4":8,"5":14,"6":17},"b":{"0":[0],"1":[17],"2":[0],"3":[0]}}
,"/home/jaimemenendez/Workspace/Master AIDev202410/Ligenia/backend/src/shared/errors/auth.error.ts": {"path":"/home/jaimemenendez/Workspace/Master AIDev202410/Ligenia/backend/src/shared/errors/auth.error.ts","statementMap":{"0":{"start":{"line":6,"column":4},"end":{"line":6,"column":19}},"1":{"start":{"line":7,"column":4},"end":{"line":7,"column":28}},"2":{"start":{"line":4,"column":0},"end":{"line":4,"column":13}},"3":{"start":{"line":16,"column":4},"end":{"line":16,"column":39}},"4":{"start":{"line":17,"column":4},"end":{"line":17,"column":42}},"5":{"start":{"line":14,"column":0},"end":{"line":14,"column":13}},"6":{"start":{"line":26,"column":4},"end":{"line":26,"column":34}},"7":{"start":{"line":27,"column":4},"end":{"line":27,"column":41}},"8":{"start":{"line":24,"column":0},"end":{"line":24,"column":13}},"9":{"start":{"line":36,"column":4},"end":{"line":36,"column":38}},"10":{"start":{"line":37,"column":4},"end":{"line":37,"column":36}},"11":{"start":{"line":34,"column":0},"end":{"line":34,"column":13}},"12":{"start":{"line":46,"column":4},"end":{"line":46,"column":28}},"13":{"start":{"line":47,"column":4},"end":{"line":47,"column":36}},"14":{"start":{"line":44,"column":0},"end":{"line":44,"column":13}},"15":{"start":{"line":56,"column":4},"end":{"line":56,"column":33}},"16":{"start":{"line":57,"column":4},"end":{"line":57,"column":36}},"17":{"start":{"line":54,"column":0},"end":{"line":54,"column":13}},"18":{"start":{"line":66,"column":4},"end":{"line":66,"column":32}},"19":{"start":{"line":67,"column":4},"end":{"line":67,"column":40}},"20":{"start":{"line":64,"column":0},"end":{"line":64,"column":13}}},"fnMap":{"0":{"name":"(anonymous_0)","decl":{"start":{"line":5,"column":2},"end":{"line":5,"column":14}},"loc":{"start":{"line":5,"column":29},"end":{"line":8,"column":3}}},"1":{"name":"(anonymous_1)","decl":{"start":{"line":15,"column":2},"end":{"line":15,"column":null}},"loc":{"start":{"line":15,"column":2},"end":{"line":18,"column":3}}},"2":{"name":"(anonymous_2)","decl":{"start":{"line":25,"column":2},"end":{"line":25,"column":null}},"loc":{"start":{"line":25,"column":2},"end":{"line":28,"column":3}}},"3":{"name":"(anonymous_3)","decl":{"start":{"line":35,"column":2},"end":{"line":35,"column":null}},"loc":{"start":{"line":35,"column":2},"end":{"line":38,"column":3}}},"4":{"name":"(anonymous_4)","decl":{"start":{"line":45,"column":2},"end":{"line":45,"column":null}},"loc":{"start":{"line":45,"column":2},"end":{"line":48,"column":3}}},"5":{"name":"(anonymous_5)","decl":{"start":{"line":55,"column":2},"end":{"line":55,"column":null}},"loc":{"start":{"line":55,"column":2},"end":{"line":58,"column":3}}},"6":{"name":"(anonymous_6)","decl":{"start":{"line":65,"column":2},"end":{"line":65,"column":null}},"loc":{"start":{"line":65,"column":2},"end":{"line":68,"column":3}}}},"branchMap":{},"s":{"0":0,"1":0,"2":4,"3":0,"4":0,"5":4,"6":0,"7":0,"8":4,"9":0,"10":0,"11":4,"12":0,"13":0,"14":4,"15":0,"16":0,"17":4,"18":0,"19":0,"20":4},"f":{"0":0,"1":0,"2":0,"3":0,"4":0,"5":0,"6":0},"b":{}}
}
