TN:
SF:src/app.ts
FN:30,(anonymous_1)
FN:35,(anonymous_2)
FN:45,(anonymous_3)
FNF:3
FNH:0
FNDA:0,(anonymous_1)
FNDA:0,(anonymous_2)
FNDA:0,(anonymous_3)
DA:1,1
DA:2,1
DA:3,1
DA:4,1
DA:5,1
DA:6,1
DA:10,1
DA:13,1
DA:16,1
DA:17,1
DA:20,1
DA:21,1
DA:22,1
DA:23,1
DA:24,1
DA:27,1
DA:30,1
DA:31,0
DA:35,1
DA:36,0
DA:37,0
DA:44,1
DA:45,0
DA:46,0
DA:50,1
LF:25
LH:20
BRDA:17,0,0,1
BRDA:17,0,1,0
BRDA:39,1,0,0
BRDA:39,1,1,0
BRDA:44,2,0,0
BRF:5
BRH:1
end_of_record
TN:
SF:src/api/controllers/auth.controller.ts
FN:8,(anonymous_7)
FN:13,(anonymous_8)
FN:13,(anonymous_9)
FN:52,(anonymous_10)
FN:52,(anonymous_11)
FN:92,(anonymous_12)
FN:92,(anonymous_13)
FN:119,(anonymous_14)
FN:119,(anonymous_15)
FN:148,(anonymous_16)
FN:148,(anonymous_17)
FN:186,(anonymous_18)
FN:186,(anonymous_19)
FN:208,(anonymous_20)
FN:208,(anonymous_21)
FN:230,(anonymous_22)
FN:230,(anonymous_23)
FNF:17
FNH:1
FNDA:1,(anonymous_7)
FNDA:0,(anonymous_8)
FNDA:0,(anonymous_9)
FNDA:0,(anonymous_10)
FNDA:0,(anonymous_11)
FNDA:0,(anonymous_12)
FNDA:0,(anonymous_13)
FNDA:0,(anonymous_14)
FNDA:0,(anonymous_15)
FNDA:0,(anonymous_16)
FNDA:0,(anonymous_17)
FNDA:0,(anonymous_18)
FNDA:0,(anonymous_19)
FNDA:0,(anonymous_20)
FNDA:0,(anonymous_21)
FNDA:0,(anonymous_22)
FNDA:0,(anonymous_23)
DA:8,1
DA:13,1
DA:14,0
DA:16,0
DA:21,0
DA:31,0
DA:32,0
DA:34,0
DA:43,0
DA:44,0
DA:52,1
DA:53,0
DA:55,0
DA:61,0
DA:71,0
DA:72,0
DA:74,0
DA:83,0
DA:84,0
DA:92,1
DA:93,0
DA:95,0
DA:96,0
DA:105,0
DA:110,0
DA:111,0
DA:119,1
DA:120,0
DA:122,0
DA:128,0
DA:129,0
DA:131,0
DA:139,0
DA:140,0
DA:148,1
DA:149,0
DA:151,0
DA:152,0
DA:161,0
DA:170,0
DA:177,0
DA:178,0
DA:186,1
DA:187,0
DA:189,0
DA:194,0
DA:199,0
DA:200,0
DA:208,1
DA:209,0
DA:211,0
DA:216,0
DA:221,0
DA:222,0
DA:230,1
DA:231,0
DA:233,0
DA:238,0
DA:243,0
DA:244,0
LF:60
LH:9
BRDA:25,0,0,0
BRDA:25,0,1,0
BRDA:95,1,0,0
BRDA:151,2,0,0
BRF:4
BRH:0
end_of_record
TN:
SF:src/api/controllers/match.controller.ts
FN:8,(anonymous_7)
FN:13,(anonymous_8)
FN:13,(anonymous_9)
FN:59,(anonymous_10)
FN:63,(anonymous_11)
FN:91,(anonymous_12)
FN:91,(anonymous_13)
FN:140,(anonymous_14)
FN:140,(anonymous_15)
FN:185,(anonymous_16)
FN:185,(anonymous_17)
FN:249,(anonymous_18)
FN:249,(anonymous_19)
FN:310,(anonymous_20)
FN:310,(anonymous_21)
FNF:15
FNH:13
FNDA:1,(anonymous_7)
FNDA:3,(anonymous_8)
FNDA:3,(anonymous_9)
FNDA:2,(anonymous_10)
FNDA:2,(anonymous_11)
FNDA:2,(anonymous_12)
FNDA:2,(anonymous_13)
FNDA:0,(anonymous_14)
FNDA:0,(anonymous_15)
FNDA:2,(anonymous_16)
FNDA:2,(anonymous_17)
FNDA:2,(anonymous_18)
FNDA:2,(anonymous_19)
FNDA:2,(anonymous_20)
FNDA:2,(anonymous_21)
DA:3,1
DA:4,1
DA:6,1
DA:8,1
DA:13,3
DA:14,3
DA:16,3
DA:22,3
DA:58,3
DA:59,2
DA:62,3
DA:63,2
DA:66,3
DA:67,1
DA:75,2
DA:82,0
DA:83,0
DA:91,2
DA:92,2
DA:94,2
DA:97,2
DA:98,1
DA:108,1
DA:124,1
DA:131,0
DA:132,0
DA:140,1
DA:141,0
DA:143,0
DA:146,0
DA:147,0
DA:154,0
DA:162,0
DA:168,0
DA:174,0
DA:176,0
DA:177,0
DA:185,2
DA:186,2
DA:188,2
DA:189,2
DA:192,2
DA:193,0
DA:200,2
DA:201,1
DA:211,1
DA:227,1
DA:233,1
DA:240,0
DA:241,0
DA:249,2
DA:250,2
DA:252,2
DA:253,2
DA:256,2
DA:257,0
DA:264,2
DA:265,1
DA:275,1
DA:288,1
DA:294,1
DA:301,0
DA:302,0
DA:310,2
DA:311,2
DA:313,2
DA:316,2
DA:317,0
DA:324,2
DA:325,1
DA:334,1
DA:339,0
DA:340,0
LF:73
LH:50
BRDA:58,0,0,1
BRDA:62,1,0,1
BRDA:66,2,0,1
BRDA:97,3,0,1
BRDA:146,4,0,0
BRDA:146,5,0,0
BRDA:146,5,1,0
BRDA:154,6,0,0
BRDA:155,7,0,0
BRDA:155,7,1,0
BRDA:155,7,2,0
BRDA:155,7,3,0
BRDA:155,7,4,0
BRDA:155,7,5,0
BRDA:171,8,0,0
BRDA:171,8,1,0
BRDA:192,9,0,0
BRDA:192,10,0,2
BRDA:192,10,1,2
BRDA:200,11,0,1
BRDA:256,12,0,0
BRDA:256,13,0,2
BRDA:256,13,1,2
BRDA:264,14,0,1
BRDA:316,15,0,0
BRDA:316,16,0,2
BRDA:316,16,1,2
BRDA:324,17,0,1
BRF:28
BRH:13
end_of_record
TN:
SF:src/api/controllers/performance.controller.ts
FN:5,(anonymous_7)
FN:10,(anonymous_8)
FN:10,(anonymous_9)
FN:63,(anonymous_10)
FN:63,(anonymous_11)
FN:101,(anonymous_12)
FN:101,(anonymous_13)
FN:156,(anonymous_14)
FN:156,(anonymous_15)
FN:195,(anonymous_16)
FN:195,(anonymous_17)
FN:237,(anonymous_18)
FN:237,(anonymous_19)
FN:267,(anonymous_20)
FN:267,(anonymous_21)
FNF:15
FNH:1
FNDA:1,(anonymous_7)
FNDA:0,(anonymous_8)
FNDA:0,(anonymous_9)
FNDA:0,(anonymous_10)
FNDA:0,(anonymous_11)
FNDA:0,(anonymous_12)
FNDA:0,(anonymous_13)
FNDA:0,(anonymous_14)
FNDA:0,(anonymous_15)
FNDA:0,(anonymous_16)
FNDA:0,(anonymous_17)
FNDA:0,(anonymous_18)
FNDA:0,(anonymous_19)
FNDA:0,(anonymous_20)
FNDA:0,(anonymous_21)
DA:3,1
DA:5,1
DA:10,1
DA:11,0
DA:13,0
DA:18,0
DA:47,0
DA:54,0
DA:55,0
DA:63,1
DA:64,0
DA:66,0
DA:71,0
DA:85,0
DA:92,0
DA:93,0
DA:101,1
DA:102,0
DA:104,0
DA:106,0
DA:111,0
DA:140,0
DA:147,0
DA:148,0
DA:156,1
DA:157,0
DA:159,0
DA:162,0
DA:163,0
DA:172,0
DA:179,0
DA:186,0
DA:187,0
DA:195,1
DA:196,0
DA:198,0
DA:199,0
DA:202,0
DA:203,0
DA:212,0
DA:221,0
DA:228,0
DA:229,0
DA:237,1
DA:238,0
DA:240,0
DA:243,0
DA:244,0
DA:253,0
DA:258,0
DA:259,0
DA:267,1
DA:268,0
DA:270,0
DA:275,0
DA:290,0
DA:297,0
DA:298,0
LF:58
LH:9
BRDA:21,0,0,0
BRDA:21,0,1,0
BRDA:23,1,0,0
BRDA:23,1,1,0
BRDA:24,2,0,0
BRDA:24,2,1,0
BRDA:34,3,0,0
BRDA:34,3,1,0
BRDA:36,4,0,0
BRDA:36,4,1,0
BRDA:37,5,0,0
BRDA:37,5,1,0
BRDA:116,6,0,0
BRDA:116,6,1,0
BRDA:117,7,0,0
BRDA:117,7,1,0
BRDA:129,8,0,0
BRDA:129,8,1,0
BRDA:130,9,0,0
BRDA:130,9,1,0
BRDA:162,10,0,0
BRDA:162,11,0,0
BRDA:162,11,1,0
BRDA:202,12,0,0
BRDA:202,13,0,0
BRDA:202,13,1,0
BRDA:243,14,0,0
BRDA:243,15,0,0
BRDA:243,15,1,0
BRDA:276,16,0,0
BRDA:276,16,1,0
BRDA:277,17,0,0
BRDA:277,17,1,0
BRF:33
BRH:0
end_of_record
TN:
SF:src/api/controllers/player.controller.ts
FN:5,(anonymous_7)
FN:10,(anonymous_8)
FN:10,(anonymous_9)
FN:43,(anonymous_10)
FN:43,(anonymous_11)
FN:82,(anonymous_12)
FN:82,(anonymous_13)
FN:119,(anonymous_14)
FN:119,(anonymous_15)
FN:168,(anonymous_16)
FN:168,(anonymous_17)
FN:214,(anonymous_18)
FN:214,(anonymous_19)
FN:254,(anonymous_20)
FN:254,(anonymous_21)
FN:302,(anonymous_22)
FN:302,(anonymous_23)
FNF:17
FNH:1
FNDA:1,(anonymous_7)
FNDA:0,(anonymous_8)
FNDA:0,(anonymous_9)
FNDA:0,(anonymous_10)
FNDA:0,(anonymous_11)
FNDA:0,(anonymous_12)
FNDA:0,(anonymous_13)
FNDA:0,(anonymous_14)
FNDA:0,(anonymous_15)
FNDA:0,(anonymous_16)
FNDA:0,(anonymous_17)
FNDA:0,(anonymous_18)
FNDA:0,(anonymous_19)
FNDA:0,(anonymous_20)
FNDA:0,(anonymous_21)
FNDA:0,(anonymous_22)
FNDA:0,(anonymous_23)
DA:3,1
DA:5,1
DA:10,1
DA:11,0
DA:16,0
DA:17,0
DA:24,0
DA:29,0
DA:34,0
DA:35,0
DA:43,1
DA:44,0
DA:46,0
DA:49,0
DA:50,0
DA:60,0
DA:68,0
DA:73,0
DA:74,0
DA:82,1
DA:83,0
DA:85,0
DA:88,0
DA:89,0
DA:99,0
DA:105,0
DA:110,0
DA:111,0
DA:119,1
DA:120,0
DA:122,0
DA:123,0
DA:126,0
DA:127,0
DA:137,0
DA:138,0
DA:148,0
DA:154,0
DA:159,0
DA:160,0
DA:168,1
DA:169,0
DA:171,0
DA:174,0
DA:175,0
DA:182,0
DA:183,0
DA:190,0
DA:191,0
DA:200,0
DA:205,0
DA:206,0
DA:214,1
DA:215,0
DA:217,0
DA:220,0
DA:221,0
DA:231,0
DA:240,0
DA:245,0
DA:246,0
DA:254,1
DA:255,0
DA:257,0
DA:260,0
DA:261,0
DA:271,0
DA:288,0
DA:293,0
DA:294,0
DA:302,1
DA:303,0
DA:305,0
DA:308,0
DA:309,0
DA:319,0
DA:336,0
DA:341,0
DA:342,0
LF:79
LH:10
BRDA:16,0,0,0
BRDA:16,1,0,0
BRDA:16,1,1,0
BRDA:49,2,0,0
BRDA:65,3,0,0
BRDA:65,3,1,0
BRDA:65,4,0,0
BRDA:65,4,1,0
BRDA:88,5,0,0
BRDA:126,6,0,0
BRDA:137,7,0,0
BRDA:137,8,0,0
BRDA:137,8,1,0
BRDA:174,9,0,0
BRDA:182,10,0,0
BRDA:190,11,0,0
BRDA:190,12,0,0
BRDA:190,12,1,0
BRDA:220,13,0,0
BRDA:260,14,0,0
BRDA:308,15,0,0
BRF:21
BRH:0
end_of_record
TN:
SF:src/api/controllers/preference.controller.ts
FN:4,(anonymous_7)
FN:9,(anonymous_8)
FN:9,(anonymous_9)
FN:47,(anonymous_10)
FN:47,(anonymous_11)
FN:97,(anonymous_12)
FN:97,(anonymous_13)
FN:145,(anonymous_14)
FN:145,(anonymous_15)
FN:201,(anonymous_16)
FN:201,(anonymous_17)
FNF:11
FNH:1
FNDA:1,(anonymous_7)
FNDA:0,(anonymous_8)
FNDA:0,(anonymous_9)
FNDA:0,(anonymous_10)
FNDA:0,(anonymous_11)
FNDA:0,(anonymous_12)
FNDA:0,(anonymous_13)
FNDA:0,(anonymous_14)
FNDA:0,(anonymous_15)
FNDA:0,(anonymous_16)
FNDA:0,(anonymous_17)
DA:4,1
DA:9,1
DA:10,0
DA:12,0
DA:13,0
DA:22,0
DA:31,0
DA:38,0
DA:39,0
DA:47,1
DA:48,0
DA:50,0
DA:53,0
DA:54,0
DA:64,0
DA:74,0
DA:75,0
DA:81,0
DA:88,0
DA:89,0
DA:97,1
DA:98,0
DA:100,0
DA:103,0
DA:104,0
DA:111,0
DA:112,0
DA:121,0
DA:129,0
DA:136,0
DA:137,0
DA:145,1
DA:146,0
DA:148,0
DA:149,0
DA:152,0
DA:153,0
DA:161,0
DA:169,0
DA:170,0
DA:179,0
DA:185,0
DA:192,0
DA:193,0
DA:201,1
DA:202,0
DA:204,0
DA:207,0
DA:208,0
DA:218,0
DA:224,0
DA:232,0
DA:240,0
DA:241,0
LF:54
LH:6
BRDA:12,0,0,0
BRDA:53,1,0,0
BRDA:74,2,0,0
BRDA:103,3,0,0
BRDA:111,4,0,0
BRDA:111,5,0,0
BRDA:111,5,1,0
BRDA:152,6,0,0
BRDA:169,7,0,0
BRDA:207,8,0,0
BRDA:227,9,0,0
BRDA:227,9,1,0
BRDA:227,10,0,0
BRDA:227,10,1,0
BRDA:228,11,0,0
BRDA:228,11,1,0
BRDA:228,12,0,0
BRDA:228,12,1,0
BRF:18
BRH:0
end_of_record
TN:
SF:src/api/controllers/statistic.controller.ts
FN:7,(anonymous_7)
FN:12,(anonymous_8)
FN:12,(anonymous_9)
FN:63,(anonymous_10)
FN:63,(anonymous_11)
FN:100,(anonymous_12)
FN:100,(anonymous_13)
FN:139,(anonymous_14)
FN:139,(anonymous_15)
FN:180,(anonymous_16)
FN:180,(anonymous_17)
FN:210,(anonymous_18)
FN:210,(anonymous_19)
FN:259,(anonymous_20)
FN:259,(anonymous_21)
FN:305,(anonymous_22)
FN:326,(anonymous_23)
FN:326,(anonymous_24)
FN:374,(anonymous_25)
FN:374,(anonymous_26)
FN:307,(anonymous_27)
FN:308,(anonymous_28)
FNF:22
FNH:2
FNDA:1,(anonymous_7)
FNDA:0,(anonymous_8)
FNDA:0,(anonymous_9)
FNDA:0,(anonymous_10)
FNDA:0,(anonymous_11)
FNDA:0,(anonymous_12)
FNDA:0,(anonymous_13)
FNDA:0,(anonymous_14)
FNDA:0,(anonymous_15)
FNDA:0,(anonymous_16)
FNDA:0,(anonymous_17)
FNDA:0,(anonymous_18)
FNDA:0,(anonymous_19)
FNDA:0,(anonymous_20)
FNDA:0,(anonymous_21)
FNDA:2,(anonymous_22)
FNDA:0,(anonymous_23)
FNDA:0,(anonymous_24)
FNDA:0,(anonymous_25)
FNDA:0,(anonymous_26)
FNDA:0,(anonymous_27)
FNDA:0,(anonymous_28)
DA:3,1
DA:5,1
DA:7,1
DA:12,1
DA:13,0
DA:15,0
DA:20,0
DA:47,0
DA:54,0
DA:55,0
DA:63,1
DA:64,0
DA:66,0
DA:71,0
DA:84,0
DA:91,0
DA:92,0
DA:100,1
DA:101,0
DA:103,0
DA:106,0
DA:107,0
DA:116,0
DA:123,0
DA:130,0
DA:131,0
DA:139,1
DA:140,0
DA:142,0
DA:143,0
DA:146,0
DA:147,0
DA:156,0
DA:164,0
DA:171,0
DA:172,0
DA:180,1
DA:181,0
DA:183,0
DA:186,0
DA:187,0
DA:196,0
DA:201,0
DA:202,0
DA:210,1
DA:211,0
DA:213,0
DA:218,0
DA:243,0
DA:250,0
DA:251,0
DA:259,1
DA:260,0
DA:262,0
DA:267,0
DA:292,0
DA:299,0
DA:300,0
DA:305,1
DA:308,0
DA:309,0
DA:310,0
DA:312,0
DA:313,0
DA:315,0
DA:318,0
DA:326,2
DA:327,0
DA:329,0
DA:330,0
DA:333,0
DA:353,0
DA:355,0
DA:362,0
DA:363,0
DA:374,2
DA:375,0
DA:376,0
DA:377,0
DA:378,0
DA:381,0
DA:382,0
DA:389,0
DA:411,0
DA:413,0
DA:420,0
DA:421,0
LF:87
LH:13
BRDA:106,0,0,0
BRDA:106,1,0,0
BRDA:106,1,1,0
BRDA:146,2,0,0
BRDA:146,3,0,0
BRDA:146,3,1,0
BRDA:186,4,0,0
BRDA:186,5,0,0
BRDA:186,5,1,0
BRDA:329,6,0,0
BRDA:329,6,1,0
BRDA:330,7,0,0
BRDA:330,7,1,0
BRDA:377,8,0,0
BRDA:377,8,1,0
BRDA:378,9,0,0
BRDA:378,9,1,0
BRDA:381,10,0,0
BRDA:312,11,0,0
BRDA:312,11,1,0
BRF:20
BRH:0
end_of_record
TN:
SF:src/api/controllers/tournament.controller.ts
FN:5,(anonymous_7)
FN:10,(anonymous_8)
FN:10,(anonymous_9)
FN:40,(anonymous_10)
FN:44,(anonymous_11)
FN:63,(anonymous_12)
FN:63,(anonymous_13)
FN:112,(anonymous_14)
FN:112,(anonymous_15)
FN:153,(anonymous_16)
FN:153,(anonymous_17)
FN:201,(anonymous_18)
FN:201,(anonymous_19)
FN:239,(anonymous_20)
FN:239,(anonymous_21)
FN:299,(anonymous_22)
FN:299,(anonymous_23)
FN:339,(anonymous_24)
FN:339,(anonymous_25)
FN:392,(anonymous_26)
FN:392,(anonymous_27)
FNF:21
FNH:3
FNDA:1,(anonymous_7)
FNDA:0,(anonymous_8)
FNDA:0,(anonymous_9)
FNDA:0,(anonymous_10)
FNDA:0,(anonymous_11)
FNDA:0,(anonymous_12)
FNDA:0,(anonymous_13)
FNDA:0,(anonymous_14)
FNDA:0,(anonymous_15)
FNDA:0,(anonymous_16)
FNDA:0,(anonymous_17)
FNDA:0,(anonymous_18)
FNDA:0,(anonymous_19)
FNDA:0,(anonymous_20)
FNDA:0,(anonymous_21)
FNDA:0,(anonymous_22)
FNDA:0,(anonymous_23)
FNDA:2,(anonymous_24)
FNDA:2,(anonymous_25)
FNDA:0,(anonymous_26)
FNDA:0,(anonymous_27)
DA:3,1
DA:5,1
DA:10,1
DA:11,0
DA:13,0
DA:19,0
DA:39,0
DA:40,0
DA:43,0
DA:44,0
DA:47,0
DA:54,0
DA:55,0
DA:63,1
DA:64,0
DA:66,0
DA:69,0
DA:70,0
DA:80,0
DA:96,0
DA:103,0
DA:104,0
DA:112,1
DA:113,0
DA:115,0
DA:118,0
DA:119,0
DA:129,0
DA:137,0
DA:144,0
DA:145,0
DA:153,1
DA:154,0
DA:156,0
DA:157,0
DA:160,0
DA:161,0
DA:168,0
DA:169,0
DA:179,0
DA:185,0
DA:192,0
DA:193,0
DA:201,1
DA:202,0
DA:204,0
DA:207,0
DA:208,0
DA:215,0
DA:216,0
DA:225,0
DA:230,0
DA:231,0
DA:239,1
DA:240,0
DA:242,0
DA:243,0
DA:246,0
DA:247,0
DA:254,0
DA:255,0
DA:265,0
DA:266,0
DA:276,0
DA:283,0
DA:290,0
DA:291,0
DA:299,1
DA:300,0
DA:302,0
DA:305,0
DA:306,0
DA:316,0
DA:322,0
DA:330,0
DA:331,0
DA:339,2
DA:340,2
DA:342,2
DA:345,2
DA:346,1
DA:356,1
DA:375,1
DA:383,0
DA:384,0
DA:392,1
DA:393,0
DA:395,0
DA:398,0
DA:399,0
DA:409,0
DA:427,0
DA:435,0
DA:436,0
LF:94
LH:17
BRDA:39,0,0,0
BRDA:43,1,0,0
BRDA:69,2,0,0
BRDA:118,3,0,0
BRDA:118,4,0,0
BRDA:118,4,1,0
BRDA:160,5,0,0
BRDA:160,6,0,0
BRDA:160,6,1,0
BRDA:168,7,0,0
BRDA:207,8,0,0
BRDA:207,9,0,0
BRDA:207,9,1,0
BRDA:215,10,0,0
BRDA:246,11,0,0
BRDA:254,12,0,0
BRDA:265,13,0,0
BRDA:305,14,0,0
BRDA:345,15,0,1
BRDA:398,16,0,0
BRF:20
BRH:1
end_of_record
TN:
SF:src/api/controllers/user.controller.ts
FN:5,(anonymous_7)
FN:10,(anonymous_8)
FN:10,(anonymous_9)
FN:61,(anonymous_10)
FN:61,(anonymous_11)
FN:111,(anonymous_12)
FN:111,(anonymous_13)
FN:152,(anonymous_14)
FN:152,(anonymous_15)
FN:208,(anonymous_16)
FN:208,(anonymous_17)
FN:246,(anonymous_18)
FN:246,(anonymous_19)
FN:285,(anonymous_20)
FN:285,(anonymous_21)
FN:387,(anonymous_22)
FN:387,(anonymous_23)
FN:401,(anonymous_24)
FN:401,(anonymous_25)
FN:415,(anonymous_26)
FN:415,(anonymous_27)
FN:429,(anonymous_28)
FN:429,(anonymous_29)
FNF:23
FNH:1
FNDA:1,(anonymous_7)
FNDA:0,(anonymous_8)
FNDA:0,(anonymous_9)
FNDA:0,(anonymous_10)
FNDA:0,(anonymous_11)
FNDA:0,(anonymous_12)
FNDA:0,(anonymous_13)
FNDA:0,(anonymous_14)
FNDA:0,(anonymous_15)
FNDA:0,(anonymous_16)
FNDA:0,(anonymous_17)
FNDA:0,(anonymous_18)
FNDA:0,(anonymous_19)
FNDA:0,(anonymous_20)
FNDA:0,(anonymous_21)
FNDA:0,(anonymous_22)
FNDA:0,(anonymous_23)
FNDA:0,(anonymous_24)
FNDA:0,(anonymous_25)
FNDA:0,(anonymous_26)
FNDA:0,(anonymous_27)
FNDA:0,(anonymous_28)
FNDA:0,(anonymous_29)
DA:3,1
DA:5,1
DA:10,1
DA:11,0
DA:13,0
DA:14,0
DA:21,0
DA:26,0
DA:45,0
DA:52,0
DA:53,0
DA:61,1
DA:62,0
DA:64,0
DA:67,0
DA:68,0
DA:75,0
DA:76,0
DA:86,0
DA:95,0
DA:102,0
DA:103,0
DA:111,1
DA:112,0
DA:114,0
DA:117,0
DA:118,0
DA:128,0
DA:136,0
DA:143,0
DA:144,0
DA:152,1
DA:153,0
DA:155,0
DA:156,0
DA:159,0
DA:160,0
DA:167,0
DA:168,0
DA:175,0
DA:176,0
DA:186,0
DA:192,0
DA:199,0
DA:200,0
DA:208,1
DA:209,0
DA:211,0
DA:214,0
DA:215,0
DA:222,0
DA:223,0
DA:232,0
DA:237,0
DA:238,0
DA:246,1
DA:247,0
DA:249,0
DA:250,0
DA:253,0
DA:254,0
DA:261,0
DA:262,0
DA:271,0
DA:276,0
DA:277,0
DA:285,1
DA:286,0
DA:287,0
DA:293,0
DA:296,0
DA:297,0
DA:303,0
DA:306,0
DA:307,0
DA:314,0
DA:315,0
DA:324,0
DA:325,0
DA:326,0
DA:329,0
DA:330,0
DA:340,0
DA:349,0
DA:350,0
DA:360,0
DA:370,0
DA:376,0
DA:387,1
DA:388,0
DA:389,0
DA:390,0
DA:392,0
DA:393,0
DA:401,1
DA:402,0
DA:403,0
DA:404,0
DA:406,0
DA:407,0
DA:415,1
DA:416,0
DA:417,0
DA:418,0
DA:420,0
DA:421,0
DA:429,1
DA:430,0
DA:431,0
DA:432,0
DA:434,0
DA:435,0
LF:112
LH:13
BRDA:13,0,0,0
BRDA:13,1,0,0
BRDA:13,1,1,0
BRDA:67,2,0,0
BRDA:75,3,0,0
BRDA:75,4,0,0
BRDA:75,4,1,0
BRDA:117,5,0,0
BRDA:117,6,0,0
BRDA:117,6,1,0
BRDA:159,7,0,0
BRDA:167,8,0,0
BRDA:167,9,0,0
BRDA:167,9,1,0
BRDA:175,10,0,0
BRDA:175,11,0,0
BRDA:175,11,1,0
BRDA:214,12,0,0
BRDA:222,13,0,0
BRDA:222,14,0,0
BRDA:222,14,1,0
BRDA:253,15,0,0
BRDA:261,16,0,0
BRDA:296,17,0,0
BRDA:296,18,0,0
BRDA:296,18,1,0
BRDA:306,19,0,0
BRDA:314,20,0,0
BRDA:329,21,0,0
BRDA:329,21,1,0
BRDA:349,22,0,0
BRDA:349,22,1,0
BRDA:349,23,0,0
BRDA:349,23,1,0
BRF:34
BRH:0
end_of_record
TN:
SF:src/api/middlewares/auth.middleware.ts
FN:20,(anonymous_7)
FN:20,(anonymous_8)
FN:86,(anonymous_9)
FN:87,(anonymous_10)
FNF:4
FNH:4
FNDA:27,(anonymous_7)
FNDA:27,(anonymous_8)
FNDA:17,(anonymous_9)
FNDA:20,(anonymous_10)
DA:20,27
DA:21,27
DA:23,27
DA:25,27
DA:26,6
DA:32,21
DA:36,21
DA:37,1
DA:44,20
DA:45,20
DA:46,20
DA:47,20
DA:50,20
DA:51,15
DA:52,15
DA:53,15
DA:54,15
DA:58,20
DA:59,1
DA:60,1
DA:61,1
DA:66,20
DA:73,20
DA:75,0
DA:76,0
DA:86,1
DA:87,17
DA:88,20
DA:90,20
DA:91,0
DA:98,20
DA:99,4
DA:105,16
DA:107,0
DA:108,0
LF:35
LH:30
BRDA:25,0,0,6
BRDA:25,1,0,27
BRDA:25,1,1,22
BRDA:36,2,0,1
BRDA:50,3,0,15
BRDA:58,4,0,1
BRDA:58,5,0,20
BRDA:58,5,1,20
BRDA:60,6,0,1
BRDA:60,7,0,1
BRDA:60,7,1,0
BRDA:90,8,0,0
BRDA:98,9,0,4
BRF:13
BRH:11
end_of_record
TN:
SF:src/api/middlewares/validate.middleware.ts
FN:8,(anonymous_0)
FN:9,(anonymous_1)
FN:20,(anonymous_2)
FN:41,(anonymous_3)
FN:42,(anonymous_4)
FN:56,(anonymous_5)
FN:77,(anonymous_6)
FN:78,(anonymous_7)
FNF:8
FNH:8
FNDA:23,(anonymous_0)
FNDA:13,(anonymous_1)
FNDA:19,(anonymous_2)
FNDA:34,(anonymous_3)
FNDA:14,(anonymous_4)
FNDA:3,(anonymous_5)
FNDA:9,(anonymous_6)
FNDA:4,(anonymous_7)
DA:2,1
DA:8,1
DA:9,23
DA:10,13
DA:12,13
DA:13,4
DA:15,9
DA:17,9
DA:20,19
DA:28,0
DA:29,0
DA:41,1
DA:42,34
DA:43,14
DA:45,14
DA:46,11
DA:48,3
DA:50,3
DA:53,3
DA:56,3
DA:64,0
DA:65,0
DA:77,1
DA:78,9
DA:79,4
DA:80,4
DA:82,4
DA:83,3
DA:84,3
DA:87,1
DA:94,0
DA:95,0
LF:32
LH:26
BRDA:15,0,0,9
BRDA:48,1,0,3
BRDA:50,2,0,3
BRDA:50,2,1,0
BRDA:50,3,0,0
BRDA:50,3,1,3
BRDA:50,4,0,3
BRDA:50,4,1,3
BRDA:82,5,0,3
BRDA:82,5,1,1
BRF:10
BRH:8
end_of_record
TN:
SF:src/api/middlewares/validate.ts
FN:9,(anonymous_7)
FN:10,(anonymous_8)
FN:10,(anonymous_9)
FN:35,(anonymous_10)
FN:36,(anonymous_11)
FN:36,(anonymous_12)
FN:61,(anonymous_13)
FN:62,(anonymous_14)
FN:62,(anonymous_15)
FNF:9
FNH:0
FNDA:0,(anonymous_7)
FNDA:0,(anonymous_8)
FNDA:0,(anonymous_9)
FNDA:0,(anonymous_10)
FNDA:0,(anonymous_11)
FNDA:0,(anonymous_12)
FNDA:0,(anonymous_13)
FNDA:0,(anonymous_14)
FNDA:0,(anonymous_15)
DA:2,0
DA:9,0
DA:10,0
DA:11,0
DA:12,0
DA:13,0
DA:15,0
DA:16,0
DA:22,0
DA:35,0
DA:36,0
DA:37,0
DA:38,0
DA:39,0
DA:41,0
DA:42,0
DA:48,0
DA:61,0
DA:62,0
DA:63,0
DA:64,0
DA:65,0
DA:67,0
DA:68,0
DA:74,0
LF:25
LH:0
BRDA:15,0,0,0
BRDA:41,1,0,0
BRDA:67,2,0,0
BRF:3
BRH:0
end_of_record
TN:
SF:src/api/routes/auth.routes.ts
FNF:0
FNH:0
DA:1,1
DA:2,1
DA:3,1
DA:4,1
DA:5,1
DA:14,1
DA:15,1
DA:18,1
DA:25,1
DA:32,1
DA:39,1
DA:46,1
DA:53,1
DA:60,1
DA:67,1
DA:73,1
LF:16
LH:16
BRF:0
BRH:0
end_of_record
TN:
SF:src/api/routes/index.ts
FN:16,(anonymous_1)
FNF:1
FNH:0
FNDA:0,(anonymous_1)
DA:1,1
DA:2,1
DA:3,1
DA:4,1
DA:5,1
DA:6,1
DA:7,1
DA:8,1
DA:9,1
DA:10,1
DA:13,1
DA:16,1
DA:17,0
DA:21,1
DA:22,1
DA:23,1
DA:24,1
DA:25,1
DA:26,1
DA:27,1
DA:28,1
DA:29,1
DA:31,1
LF:23
LH:22
BRF:0
BRH:0
end_of_record
TN:
SF:src/api/routes/match.routes.ts
FNF:0
FNH:0
DA:1,1
DA:2,1
DA:3,1
DA:4,1
DA:5,1
DA:6,1
DA:14,1
DA:15,1
DA:22,1
DA:33,1
DA:44,1
DA:57,1
DA:71,1
DA:85,1
DA:93,1
LF:15
LH:15
BRF:0
BRH:0
end_of_record
TN:
SF:src/api/routes/performance.routes.ts
FNF:0
FNH:0
DA:1,1
DA:2,1
DA:3,1
DA:4,1
DA:5,1
DA:6,1
DA:14,1
DA:15,1
DA:22,1
DA:33,1
DA:44,1
DA:56,1
DA:69,1
DA:83,1
DA:96,1
DA:102,1
LF:16
LH:16
BRF:0
BRH:0
end_of_record
TN:
SF:src/api/routes/player.routes.ts
FNF:0
FNH:0
DA:1,1
DA:2,1
DA:3,1
DA:4,1
DA:5,1
DA:6,1
DA:13,1
DA:14,1
DA:21,1
DA:32,1
DA:43,1
DA:56,1
DA:69,1
DA:82,1
DA:93,1
DA:104,1
DA:110,1
LF:17
LH:17
BRF:0
BRH:0
end_of_record
TN:
SF:src/api/routes/preference.routes.ts
FNF:0
FNH:0
DA:1,1
DA:2,1
DA:3,1
DA:4,1
DA:6,1
DA:8,1
DA:9,1
DA:16,1
DA:27,1
DA:39,1
DA:45,1
LF:11
LH:11
BRF:0
BRH:0
end_of_record
TN:
SF:src/api/routes/ranking.routes.ts
FN:33,(anonymous_0)
FNF:1
FNH:0
FNDA:0,(anonymous_0)
DA:1,1
DA:2,1
DA:3,1
DA:4,1
DA:7,1
DA:8,1
DA:10,1
DA:11,1
DA:18,1
DA:29,1
DA:33,0
DA:39,1
LF:12
LH:11
BRF:0
BRH:0
end_of_record
TN:
SF:src/api/routes/statistic.routes.ts
FNF:0
FNH:0
DA:1,1
DA:2,1
DA:3,1
DA:4,1
DA:5,1
DA:6,1
DA:16,1
DA:17,1
DA:18,1
DA:25,1
DA:36,1
DA:47,1
DA:60,1
DA:74,1
DA:87,1
DA:98,1
DA:109,1
DA:115,1
LF:18
LH:18
BRF:0
BRH:0
end_of_record
TN:
SF:src/api/routes/tournament.routes.ts
FNF:0
FNH:0
DA:1,1
DA:2,1
DA:3,1
DA:4,1
DA:5,1
DA:12,1
DA:14,1
DA:15,1
DA:22,1
DA:33,1
DA:44,1
DA:57,1
DA:71,1
DA:84,1
DA:97,1
DA:108,1
DA:119,1
DA:125,1
LF:18
LH:18
BRF:0
BRH:0
end_of_record
TN:
SF:src/api/routes/user.routes.ts
FNF:0
FNH:0
DA:1,1
DA:2,1
DA:3,1
DA:4,1
DA:5,1
DA:6,1
DA:12,1
DA:14,1
DA:15,1
DA:22,1
DA:34,1
DA:46,1
DA:59,1
DA:72,1
DA:84,1
DA:96,1
DA:108,1
DA:121,1
DA:134,1
DA:145,1
DA:151,1
LF:21
LH:21
BRF:0
BRH:0
end_of_record
TN:
SF:src/api/validations/match.validation.ts
FN:29,(anonymous_0)
FN:51,(anonymous_1)
FN:64,(anonymous_2)
FN:83,(anonymous_3)
FNF:4
FNH:3
FNDA:1,(anonymous_0)
FNDA:0,(anonymous_1)
FNDA:1,(anonymous_2)
FNDA:1,(anonymous_3)
DA:1,1
DA:2,1
DA:5,1
DA:12,1
DA:29,1
DA:34,1
DA:51,0
DA:56,1
DA:64,1
DA:72,1
DA:83,1
LF:11
LH:10
BRF:0
BRH:0
end_of_record
TN:
SF:src/api/validations/performance.validation.ts
FNF:0
FNH:0
DA:1,1
DA:4,1
DA:9,1
DA:14,1
DA:25,1
DA:33,1
LF:6
LH:6
BRF:0
BRH:0
end_of_record
TN:
SF:src/api/validations/player.validation.ts
FN:20,(anonymous_0)
FN:36,(anonymous_1)
FN:51,(anonymous_2)
FNF:3
FNH:0
FNDA:0,(anonymous_0)
FNDA:0,(anonymous_1)
FNDA:0,(anonymous_2)
DA:1,1
DA:2,1
DA:5,1
DA:12,1
DA:20,0
DA:31,1
DA:36,0
DA:48,1
DA:51,0
LF:9
LH:6
BRF:0
BRH:0
end_of_record
TN:
SF:src/api/validations/preference.validation.ts
FN:11,(anonymous_0)
FN:21,(anonymous_1)
FNF:2
FNH:0
FNDA:0,(anonymous_0)
FNDA:0,(anonymous_1)
DA:1,1
DA:4,1
DA:9,1
DA:11,0
DA:18,1
DA:21,0
DA:28,1
LF:7
LH:5
BRF:0
BRH:0
end_of_record
TN:
SF:src/api/validations/statistic.validation.ts
FNF:0
FNH:0
DA:1,1
DA:4,1
DA:9,1
DA:14,1
DA:19,1
DA:30,1
DA:39,1
DA:48,1
LF:8
LH:8
BRF:0
BRH:0
end_of_record
TN:
SF:src/api/validations/tournament.validation.ts
FN:13,(anonymous_0)
FN:16,(anonymous_1)
FN:20,(anonymous_2)
FN:23,(anonymous_3)
FN:27,(anonymous_4)
FN:31,(anonymous_5)
FN:46,(anonymous_6)
FN:49,(anonymous_7)
FNF:8
FNH:0
FNDA:0,(anonymous_0)
FNDA:0,(anonymous_1)
FNDA:0,(anonymous_2)
FNDA:0,(anonymous_3)
FNDA:0,(anonymous_4)
FNDA:0,(anonymous_5)
FNDA:0,(anonymous_6)
FNDA:0,(anonymous_7)
DA:1,1
DA:2,1
DA:5,1
DA:10,1
DA:13,0
DA:16,0
DA:20,0
DA:23,0
DA:27,0
DA:31,0
DA:36,1
DA:39,1
DA:44,1
DA:46,0
DA:49,0
LF:15
LH:7
BRF:0
BRH:0
end_of_record
TN:
SF:src/api/validations/user.validation.ts
FN:23,(anonymous_0)
FN:36,(anonymous_1)
FNF:2
FNH:0
FNDA:0,(anonymous_0)
FNDA:0,(anonymous_1)
DA:1,1
DA:2,1
DA:5,1
DA:12,1
DA:23,0
DA:28,1
DA:36,0
DA:41,1
DA:51,1
DA:61,1
DA:74,1
DA:81,1
DA:91,1
DA:98,1
LF:14
LH:12
BRF:0
BRH:0
end_of_record
TN:
SF:src/config/di-container.ts
FNF:0
FNH:0
DA:1,1
DA:3,1
DA:6,1
DA:14,1
DA:15,1
DA:18,0
DA:19,0
LF:7
LH:5
BRDA:14,0,0,1
BRDA:14,0,1,0
BRF:2
BRH:1
end_of_record
TN:
SF:src/config/env.ts
FN:15,(anonymous_1)
FNF:1
FNH:0
FNDA:0,(anonymous_1)
DA:1,0
DA:2,0
DA:5,0
DA:8,0
DA:15,0
DA:44,0
DA:47,0
DA:48,0
DA:49,0
DA:53,0
LF:10
LH:0
BRDA:47,0,0,0
BRDA:47,1,0,0
BRDA:47,1,1,0
BRDA:53,2,0,0
BRDA:53,2,1,0
BRF:5
BRH:0
end_of_record
TN:
SF:src/config/logger.ts
FNF:0
FNH:0
DA:1,0
DA:2,0
DA:5,0
DA:13,0
DA:26,0
DA:27,0
DA:34,0
LF:7
LH:0
BRDA:26,0,0,0
BRF:1
BRH:0
end_of_record
TN:
SF:src/config/swagger.ts
FN:25,(anonymous_1)
FNF:1
FNH:0
FNDA:0,(anonymous_1)
DA:1,0
DA:2,0
DA:5,0
DA:23,0
DA:25,0
DA:26,0
LF:6
LH:0
BRF:0
BRH:0
end_of_record
TN:
SF:src/core/application/base/base.use-case.ts
FN:22,(anonymous_7)
FNF:1
FNH:0
FNDA:0,(anonymous_7)
DA:2,0
DA:3,0
DA:9,0
DA:23,0
DA:24,0
DA:26,0
DA:27,0
DA:29,0
LF:8
LH:0
BRDA:26,0,0,0
BRDA:30,1,0,0
BRDA:30,1,1,0
BRF:3
BRH:0
end_of_record
TN:
SF:src/infrastructure/auth/index.ts
FN:3,(anonymous_0)
FNF:1
FNH:0
FNDA:0,(anonymous_0)
DA:1,1
DA:3,1
LF:2
LH:2
BRF:0
BRH:0
end_of_record
TN:
SF:src/infrastructure/auth/supabase/index.ts
FN:3,(anonymous_0)
FNF:1
FNH:0
FNDA:0,(anonymous_0)
DA:1,1
DA:3,1
LF:2
LH:2
BRF:0
BRH:0
end_of_record
TN:
SF:src/infrastructure/auth/supabase/supabase-auth.service.ts
FN:28,(anonymous_9)
FN:44,(anonymous_10)
FN:84,(anonymous_12)
FN:152,(anonymous_14)
FN:206,(anonymous_16)
FN:237,(anonymous_18)
FN:288,(anonymous_20)
FNF:7
FNH:0
FNDA:0,(anonymous_9)
FNDA:0,(anonymous_10)
FNDA:0,(anonymous_12)
FNDA:0,(anonymous_14)
FNDA:0,(anonymous_16)
FNDA:0,(anonymous_18)
FNDA:0,(anonymous_20)
DA:1,1
DA:2,1
DA:11,1
DA:19,1
DA:25,1
DA:29,0
DA:30,0
DA:32,0
DA:33,0
DA:36,0
DA:45,0
DA:46,0
DA:51,0
DA:52,0
DA:56,0
DA:57,0
DA:58,0
DA:61,0
DA:63,0
DA:75,0
DA:85,0
DA:87,0
DA:93,0
DA:94,0
DA:98,0
DA:103,0
DA:104,0
DA:107,0
DA:108,0
DA:114,0
DA:125,0
DA:127,0
DA:128,0
DA:131,0
DA:143,0
DA:153,0
DA:155,0
DA:172,0
DA:174,0
DA:175,0
DA:179,0
DA:180,0
DA:181,0
DA:184,0
DA:186,0
DA:197,0
DA:207,0
DA:209,0
DA:215,0
DA:216,0
DA:219,0
DA:227,0
DA:238,0
DA:240,0
DA:241,0
DA:242,0
DA:246,0
DA:256,0
DA:257,0
DA:261,0
DA:262,0
DA:266,0
DA:267,0
DA:271,0
DA:279,0
DA:289,0
DA:290,0
DA:294,0
DA:295,0
DA:299,0
DA:300,0
DA:301,0
DA:304,0
DA:306,0
DA:318,0
LF:75
LH:5
BRDA:32,0,0,0
BRDA:32,1,0,0
BRDA:32,1,1,0
BRDA:51,2,0,0
BRDA:57,3,0,0
BRDA:68,4,0,0
BRDA:68,4,1,0
BRDA:68,5,0,0
BRDA:68,5,1,0
BRDA:93,6,0,0
BRDA:103,7,0,0
BRDA:107,8,0,0
BRDA:118,9,0,0
BRDA:118,9,1,0
BRDA:125,10,0,0
BRDA:132,11,0,0
BRDA:132,11,1,0
BRDA:132,12,0,0
BRDA:132,12,1,0
BRDA:132,13,0,0
BRDA:132,13,1,0
BRDA:132,14,0,0
BRDA:132,14,1,0
BRDA:133,15,0,0
BRDA:133,15,1,0
BRDA:133,16,0,0
BRDA:133,16,1,0
BRDA:133,17,0,0
BRDA:133,17,1,0
BRDA:133,18,0,0
BRDA:133,18,1,0
BRDA:136,19,0,0
BRDA:136,19,1,0
BRDA:136,20,0,0
BRDA:136,20,1,0
BRDA:138,21,0,0
BRDA:138,21,1,0
BRDA:174,22,0,0
BRDA:174,23,0,0
BRDA:174,23,1,0
BRDA:180,24,0,0
BRDA:190,25,0,0
BRDA:190,25,1,0
BRDA:190,26,0,0
BRDA:190,26,1,0
BRDA:215,27,0,0
BRDA:215,28,0,0
BRDA:215,28,1,0
BRDA:241,29,0,0
BRDA:256,30,0,0
BRDA:256,31,0,0
BRDA:256,31,1,0
BRDA:261,32,0,0
BRDA:266,33,0,0
BRDA:294,34,0,0
BRDA:294,35,0,0
BRDA:294,35,1,0
BRDA:300,36,0,0
BRDA:311,37,0,0
BRDA:311,37,1,0
BRDA:311,38,0,0
BRDA:311,38,1,0
BRF:62
BRH:0
end_of_record
TN:
SF:src/shared/result.ts
FN:6,(anonymous_0)
FN:15,(anonymous_1)
FN:22,(anonymous_2)
FN:30,(anonymous_3)
FN:41,(anonymous_4)
FN:52,(anonymous_5)
FN:60,(anonymous_6)
FNF:7
FNH:0
FNDA:0,(anonymous_0)
FNDA:0,(anonymous_1)
FNDA:0,(anonymous_2)
FNDA:0,(anonymous_3)
FNDA:0,(anonymous_4)
FNDA:0,(anonymous_5)
FNDA:0,(anonymous_6)
DA:5,1
DA:7,0
DA:8,0
DA:9,0
DA:16,0
DA:23,0
DA:31,0
DA:32,0
DA:34,0
DA:42,0
DA:43,0
DA:45,0
DA:53,0
DA:61,0
LF:14
LH:1
BRDA:8,0,0,0
BRDA:9,1,0,0
BRDA:31,2,0,0
BRDA:42,3,0,0
BRF:4
BRH:0
end_of_record
TN:
SF:src/shared/errors/auth.error.ts
FN:5,(anonymous_0)
FN:15,(anonymous_1)
FN:25,(anonymous_2)
FN:35,(anonymous_3)
FN:45,(anonymous_4)
FN:55,(anonymous_5)
FN:65,(anonymous_6)
FNF:7
FNH:0
FNDA:0,(anonymous_0)
FNDA:0,(anonymous_1)
FNDA:0,(anonymous_2)
FNDA:0,(anonymous_3)
FNDA:0,(anonymous_4)
FNDA:0,(anonymous_5)
FNDA:0,(anonymous_6)
DA:4,1
DA:6,0
DA:7,0
DA:14,1
DA:16,0
DA:17,0
DA:24,1
DA:26,0
DA:27,0
DA:34,1
DA:36,0
DA:37,0
DA:44,1
DA:46,0
DA:47,0
DA:54,1
DA:56,0
DA:57,0
DA:64,1
DA:66,0
DA:67,0
LF:21
LH:7
BRF:0
BRH:0
end_of_record
