TN:
SF:src/app.ts
FN:30,(anonymous_1)
FN:35,(anonymous_2)
FN:45,(anonymous_3)
FNF:3
FNH:0
FNDA:0,(anonymous_1)
FNDA:0,(anonymous_2)
FNDA:0,(anonymous_3)
DA:1,4
DA:2,4
DA:3,4
DA:4,4
DA:5,4
DA:6,4
DA:10,4
DA:13,4
DA:16,4
DA:17,4
DA:20,4
DA:21,4
DA:22,4
DA:23,4
DA:24,4
DA:27,4
DA:30,4
DA:31,0
DA:35,4
DA:36,0
DA:37,0
DA:44,4
DA:45,0
DA:46,0
DA:50,4
LF:25
LH:20
BRDA:17,0,0,4
BRDA:17,0,1,0
BRDA:39,1,0,0
BRDA:39,1,1,0
BRDA:44,2,0,0
BRF:5
BRH:1
end_of_record
TN:
SF:src/api/controllers/auth.controller.ts
FN:8,(anonymous_7)
FN:13,(anonymous_8)
FN:13,(anonymous_9)
FN:52,(anonymous_10)
FN:52,(anonymous_11)
FN:92,(anonymous_12)
FN:92,(anonymous_13)
FN:119,(anonymous_14)
FN:119,(anonymous_15)
FN:148,(anonymous_16)
FN:148,(anonymous_17)
FN:186,(anonymous_18)
FN:186,(anonymous_19)
FN:208,(anonymous_20)
FN:208,(anonymous_21)
FN:230,(anonymous_22)
FN:230,(anonymous_23)
FNF:17
FNH:1
FNDA:4,(anonymous_7)
FNDA:0,(anonymous_8)
FNDA:0,(anonymous_9)
FNDA:0,(anonymous_10)
FNDA:0,(anonymous_11)
FNDA:0,(anonymous_12)
FNDA:0,(anonymous_13)
FNDA:0,(anonymous_14)
FNDA:0,(anonymous_15)
FNDA:0,(anonymous_16)
FNDA:0,(anonymous_17)
FNDA:0,(anonymous_18)
FNDA:0,(anonymous_19)
FNDA:0,(anonymous_20)
FNDA:0,(anonymous_21)
FNDA:0,(anonymous_22)
FNDA:0,(anonymous_23)
DA:8,4
DA:13,4
DA:14,0
DA:16,0
DA:21,0
DA:31,0
DA:32,0
DA:34,0
DA:43,0
DA:44,0
DA:52,4
DA:53,0
DA:55,0
DA:61,0
DA:71,0
DA:72,0
DA:74,0
DA:83,0
DA:84,0
DA:92,4
DA:93,0
DA:95,0
DA:96,0
DA:105,0
DA:110,0
DA:111,0
DA:119,4
DA:120,0
DA:122,0
DA:128,0
DA:129,0
DA:131,0
DA:139,0
DA:140,0
DA:148,4
DA:149,0
DA:151,0
DA:152,0
DA:161,0
DA:170,0
DA:177,0
DA:178,0
DA:186,4
DA:187,0
DA:189,0
DA:194,0
DA:199,0
DA:200,0
DA:208,4
DA:209,0
DA:211,0
DA:216,0
DA:221,0
DA:222,0
DA:230,4
DA:231,0
DA:233,0
DA:238,0
DA:243,0
DA:244,0
LF:60
LH:9
BRDA:25,0,0,0
BRDA:25,0,1,0
BRDA:95,1,0,0
BRDA:151,2,0,0
BRF:4
BRH:0
end_of_record
TN:
SF:src/api/controllers/match.controller.ts
FN:8,(anonymous_7)
FN:13,(anonymous_8)
FN:13,(anonymous_9)
FN:59,(anonymous_10)
FN:63,(anonymous_11)
FN:91,(anonymous_12)
FN:91,(anonymous_13)
FN:140,(anonymous_14)
FN:140,(anonymous_15)
FN:185,(anonymous_16)
FN:185,(anonymous_17)
FN:249,(anonymous_18)
FN:249,(anonymous_19)
FN:310,(anonymous_20)
FN:310,(anonymous_21)
FNF:15
FNH:1
FNDA:4,(anonymous_7)
FNDA:0,(anonymous_8)
FNDA:0,(anonymous_9)
FNDA:0,(anonymous_10)
FNDA:0,(anonymous_11)
FNDA:0,(anonymous_12)
FNDA:0,(anonymous_13)
FNDA:0,(anonymous_14)
FNDA:0,(anonymous_15)
FNDA:0,(anonymous_16)
FNDA:0,(anonymous_17)
FNDA:0,(anonymous_18)
FNDA:0,(anonymous_19)
FNDA:0,(anonymous_20)
FNDA:0,(anonymous_21)
DA:3,4
DA:4,4
DA:6,4
DA:8,4
DA:13,4
DA:14,0
DA:16,0
DA:22,0
DA:58,0
DA:59,0
DA:62,0
DA:63,0
DA:66,0
DA:67,0
DA:75,0
DA:82,0
DA:83,0
DA:91,4
DA:92,0
DA:94,0
DA:97,0
DA:98,0
DA:108,0
DA:124,0
DA:131,0
DA:132,0
DA:140,4
DA:141,0
DA:143,0
DA:146,0
DA:147,0
DA:154,0
DA:162,0
DA:168,0
DA:174,0
DA:176,0
DA:177,0
DA:185,4
DA:186,0
DA:188,0
DA:189,0
DA:192,0
DA:193,0
DA:200,0
DA:201,0
DA:211,0
DA:227,0
DA:233,0
DA:240,0
DA:241,0
DA:249,4
DA:250,0
DA:252,0
DA:253,0
DA:256,0
DA:257,0
DA:264,0
DA:265,0
DA:275,0
DA:288,0
DA:294,0
DA:301,0
DA:302,0
DA:310,4
DA:311,0
DA:313,0
DA:316,0
DA:317,0
DA:324,0
DA:325,0
DA:334,0
DA:339,0
DA:340,0
LF:73
LH:10
BRDA:58,0,0,0
BRDA:62,1,0,0
BRDA:66,2,0,0
BRDA:97,3,0,0
BRDA:146,4,0,0
BRDA:146,5,0,0
BRDA:146,5,1,0
BRDA:154,6,0,0
BRDA:155,7,0,0
BRDA:155,7,1,0
BRDA:155,7,2,0
BRDA:155,7,3,0
BRDA:155,7,4,0
BRDA:155,7,5,0
BRDA:171,8,0,0
BRDA:171,8,1,0
BRDA:192,9,0,0
BRDA:192,10,0,0
BRDA:192,10,1,0
BRDA:200,11,0,0
BRDA:256,12,0,0
BRDA:256,13,0,0
BRDA:256,13,1,0
BRDA:264,14,0,0
BRDA:316,15,0,0
BRDA:316,16,0,0
BRDA:316,16,1,0
BRDA:324,17,0,0
BRF:28
BRH:0
end_of_record
TN:
SF:src/api/controllers/performance.controller.ts
FN:6,(anonymous_7)
FN:11,(anonymous_8)
FN:11,(anonymous_9)
FN:64,(anonymous_10)
FN:64,(anonymous_11)
FN:102,(anonymous_12)
FN:102,(anonymous_13)
FN:157,(anonymous_14)
FN:157,(anonymous_15)
FN:196,(anonymous_16)
FN:196,(anonymous_17)
FN:238,(anonymous_18)
FN:238,(anonymous_19)
FN:268,(anonymous_20)
FN:268,(anonymous_21)
FN:307,(anonymous_22)
FN:307,(anonymous_23)
FNF:17
FNH:1
FNDA:4,(anonymous_7)
FNDA:0,(anonymous_8)
FNDA:0,(anonymous_9)
FNDA:0,(anonymous_10)
FNDA:0,(anonymous_11)
FNDA:0,(anonymous_12)
FNDA:0,(anonymous_13)
FNDA:0,(anonymous_14)
FNDA:0,(anonymous_15)
FNDA:0,(anonymous_16)
FNDA:0,(anonymous_17)
FNDA:0,(anonymous_18)
FNDA:0,(anonymous_19)
FNDA:0,(anonymous_20)
FNDA:0,(anonymous_21)
FNDA:0,(anonymous_22)
FNDA:0,(anonymous_23)
DA:3,4
DA:6,4
DA:11,4
DA:12,0
DA:14,0
DA:19,0
DA:48,0
DA:55,0
DA:56,0
DA:64,4
DA:65,0
DA:67,0
DA:72,0
DA:86,0
DA:93,0
DA:94,0
DA:102,4
DA:103,0
DA:105,0
DA:107,0
DA:112,0
DA:141,0
DA:148,0
DA:149,0
DA:157,4
DA:158,0
DA:160,0
DA:163,0
DA:164,0
DA:173,0
DA:180,0
DA:187,0
DA:188,0
DA:196,4
DA:197,0
DA:199,0
DA:200,0
DA:203,0
DA:204,0
DA:213,0
DA:222,0
DA:229,0
DA:230,0
DA:238,4
DA:239,0
DA:241,0
DA:244,0
DA:245,0
DA:254,0
DA:259,0
DA:260,0
DA:268,4
DA:269,0
DA:271,0
DA:276,0
DA:291,0
DA:298,0
DA:299,0
DA:307,4
DA:308,0
DA:310,0
DA:313,0
DA:318,0
DA:323,0
DA:324,0
DA:330,0
DA:332,0
DA:339,0
DA:340,0
LF:69
LH:10
BRDA:22,0,0,0
BRDA:22,0,1,0
BRDA:24,1,0,0
BRDA:24,1,1,0
BRDA:25,2,0,0
BRDA:25,2,1,0
BRDA:35,3,0,0
BRDA:35,3,1,0
BRDA:37,4,0,0
BRDA:37,4,1,0
BRDA:38,5,0,0
BRDA:38,5,1,0
BRDA:117,6,0,0
BRDA:117,6,1,0
BRDA:118,7,0,0
BRDA:118,7,1,0
BRDA:130,8,0,0
BRDA:130,8,1,0
BRDA:131,9,0,0
BRDA:131,9,1,0
BRDA:163,10,0,0
BRDA:163,11,0,0
BRDA:163,11,1,0
BRDA:203,12,0,0
BRDA:203,13,0,0
BRDA:203,13,1,0
BRDA:244,14,0,0
BRDA:244,15,0,0
BRDA:244,15,1,0
BRDA:277,16,0,0
BRDA:277,16,1,0
BRDA:278,17,0,0
BRDA:278,17,1,0
BRDA:320,18,0,0
BRDA:320,18,1,0
BRDA:323,19,0,0
BRF:36
BRH:0
end_of_record
TN:
SF:src/api/controllers/player.controller.ts
FN:5,(anonymous_7)
FN:10,(anonymous_8)
FN:10,(anonymous_9)
FN:43,(anonymous_10)
FN:43,(anonymous_11)
FN:82,(anonymous_12)
FN:82,(anonymous_13)
FN:119,(anonymous_14)
FN:119,(anonymous_15)
FN:168,(anonymous_16)
FN:168,(anonymous_17)
FN:214,(anonymous_18)
FN:214,(anonymous_19)
FN:254,(anonymous_20)
FN:254,(anonymous_21)
FN:302,(anonymous_22)
FN:302,(anonymous_23)
FNF:17
FNH:1
FNDA:4,(anonymous_7)
FNDA:0,(anonymous_8)
FNDA:0,(anonymous_9)
FNDA:0,(anonymous_10)
FNDA:0,(anonymous_11)
FNDA:0,(anonymous_12)
FNDA:0,(anonymous_13)
FNDA:0,(anonymous_14)
FNDA:0,(anonymous_15)
FNDA:0,(anonymous_16)
FNDA:0,(anonymous_17)
FNDA:0,(anonymous_18)
FNDA:0,(anonymous_19)
FNDA:0,(anonymous_20)
FNDA:0,(anonymous_21)
FNDA:0,(anonymous_22)
FNDA:0,(anonymous_23)
DA:3,4
DA:5,4
DA:10,4
DA:11,0
DA:16,0
DA:17,0
DA:24,0
DA:29,0
DA:34,0
DA:35,0
DA:43,4
DA:44,0
DA:46,0
DA:49,0
DA:50,0
DA:60,0
DA:68,0
DA:73,0
DA:74,0
DA:82,4
DA:83,0
DA:85,0
DA:88,0
DA:89,0
DA:99,0
DA:105,0
DA:110,0
DA:111,0
DA:119,4
DA:120,0
DA:122,0
DA:123,0
DA:126,0
DA:127,0
DA:137,0
DA:138,0
DA:148,0
DA:154,0
DA:159,0
DA:160,0
DA:168,4
DA:169,0
DA:171,0
DA:174,0
DA:175,0
DA:182,0
DA:183,0
DA:190,0
DA:191,0
DA:200,0
DA:205,0
DA:206,0
DA:214,4
DA:215,0
DA:217,0
DA:220,0
DA:221,0
DA:231,0
DA:240,0
DA:245,0
DA:246,0
DA:254,4
DA:255,0
DA:257,0
DA:260,0
DA:261,0
DA:271,0
DA:288,0
DA:293,0
DA:294,0
DA:302,4
DA:303,0
DA:305,0
DA:308,0
DA:309,0
DA:319,0
DA:336,0
DA:341,0
DA:342,0
LF:79
LH:10
BRDA:16,0,0,0
BRDA:16,1,0,0
BRDA:16,1,1,0
BRDA:49,2,0,0
BRDA:65,3,0,0
BRDA:65,3,1,0
BRDA:65,4,0,0
BRDA:65,4,1,0
BRDA:88,5,0,0
BRDA:126,6,0,0
BRDA:137,7,0,0
BRDA:137,8,0,0
BRDA:137,8,1,0
BRDA:174,9,0,0
BRDA:182,10,0,0
BRDA:190,11,0,0
BRDA:190,12,0,0
BRDA:190,12,1,0
BRDA:220,13,0,0
BRDA:260,14,0,0
BRDA:308,15,0,0
BRF:21
BRH:0
end_of_record
TN:
SF:src/api/controllers/preference.controller.ts
FN:4,(anonymous_7)
FN:9,(anonymous_8)
FN:9,(anonymous_9)
FN:47,(anonymous_10)
FN:47,(anonymous_11)
FN:97,(anonymous_12)
FN:97,(anonymous_13)
FN:145,(anonymous_14)
FN:145,(anonymous_15)
FN:201,(anonymous_16)
FN:201,(anonymous_17)
FNF:11
FNH:1
FNDA:4,(anonymous_7)
FNDA:0,(anonymous_8)
FNDA:0,(anonymous_9)
FNDA:0,(anonymous_10)
FNDA:0,(anonymous_11)
FNDA:0,(anonymous_12)
FNDA:0,(anonymous_13)
FNDA:0,(anonymous_14)
FNDA:0,(anonymous_15)
FNDA:0,(anonymous_16)
FNDA:0,(anonymous_17)
DA:4,4
DA:9,4
DA:10,0
DA:12,0
DA:13,0
DA:22,0
DA:31,0
DA:38,0
DA:39,0
DA:47,4
DA:48,0
DA:50,0
DA:53,0
DA:54,0
DA:64,0
DA:74,0
DA:75,0
DA:81,0
DA:88,0
DA:89,0
DA:97,4
DA:98,0
DA:100,0
DA:103,0
DA:104,0
DA:111,0
DA:112,0
DA:121,0
DA:129,0
DA:136,0
DA:137,0
DA:145,4
DA:146,0
DA:148,0
DA:149,0
DA:152,0
DA:153,0
DA:161,0
DA:169,0
DA:170,0
DA:179,0
DA:185,0
DA:192,0
DA:193,0
DA:201,4
DA:202,0
DA:204,0
DA:207,0
DA:208,0
DA:218,0
DA:224,0
DA:232,0
DA:240,0
DA:241,0
LF:54
LH:6
BRDA:12,0,0,0
BRDA:53,1,0,0
BRDA:74,2,0,0
BRDA:103,3,0,0
BRDA:111,4,0,0
BRDA:111,5,0,0
BRDA:111,5,1,0
BRDA:152,6,0,0
BRDA:169,7,0,0
BRDA:207,8,0,0
BRDA:227,9,0,0
BRDA:227,9,1,0
BRDA:227,10,0,0
BRDA:227,10,1,0
BRDA:228,11,0,0
BRDA:228,11,1,0
BRDA:228,12,0,0
BRDA:228,12,1,0
BRF:18
BRH:0
end_of_record
TN:
SF:src/api/controllers/statistic.controller.ts
FN:7,(anonymous_7)
FN:12,(anonymous_8)
FN:12,(anonymous_9)
FN:63,(anonymous_10)
FN:63,(anonymous_11)
FN:100,(anonymous_12)
FN:100,(anonymous_13)
FN:139,(anonymous_14)
FN:139,(anonymous_15)
FN:180,(anonymous_16)
FN:180,(anonymous_17)
FN:210,(anonymous_18)
FN:210,(anonymous_19)
FN:259,(anonymous_20)
FN:259,(anonymous_21)
FN:305,(anonymous_22)
FN:326,(anonymous_23)
FN:326,(anonymous_24)
FN:374,(anonymous_25)
FN:374,(anonymous_26)
FN:307,(anonymous_27)
FN:308,(anonymous_28)
FNF:22
FNH:2
FNDA:4,(anonymous_7)
FNDA:0,(anonymous_8)
FNDA:0,(anonymous_9)
FNDA:0,(anonymous_10)
FNDA:0,(anonymous_11)
FNDA:0,(anonymous_12)
FNDA:0,(anonymous_13)
FNDA:0,(anonymous_14)
FNDA:0,(anonymous_15)
FNDA:0,(anonymous_16)
FNDA:0,(anonymous_17)
FNDA:0,(anonymous_18)
FNDA:0,(anonymous_19)
FNDA:0,(anonymous_20)
FNDA:0,(anonymous_21)
FNDA:8,(anonymous_22)
FNDA:0,(anonymous_23)
FNDA:0,(anonymous_24)
FNDA:0,(anonymous_25)
FNDA:0,(anonymous_26)
FNDA:0,(anonymous_27)
FNDA:0,(anonymous_28)
DA:3,4
DA:5,4
DA:7,4
DA:12,4
DA:13,0
DA:15,0
DA:20,0
DA:47,0
DA:54,0
DA:55,0
DA:63,4
DA:64,0
DA:66,0
DA:71,0
DA:84,0
DA:91,0
DA:92,0
DA:100,4
DA:101,0
DA:103,0
DA:106,0
DA:107,0
DA:116,0
DA:123,0
DA:130,0
DA:131,0
DA:139,4
DA:140,0
DA:142,0
DA:143,0
DA:146,0
DA:147,0
DA:156,0
DA:164,0
DA:171,0
DA:172,0
DA:180,4
DA:181,0
DA:183,0
DA:186,0
DA:187,0
DA:196,0
DA:201,0
DA:202,0
DA:210,4
DA:211,0
DA:213,0
DA:218,0
DA:243,0
DA:250,0
DA:251,0
DA:259,4
DA:260,0
DA:262,0
DA:267,0
DA:292,0
DA:299,0
DA:300,0
DA:305,4
DA:308,0
DA:309,0
DA:310,0
DA:312,0
DA:313,0
DA:315,0
DA:318,0
DA:326,8
DA:327,0
DA:329,0
DA:330,0
DA:333,0
DA:353,0
DA:355,0
DA:362,0
DA:363,0
DA:374,8
DA:375,0
DA:376,0
DA:377,0
DA:378,0
DA:381,0
DA:382,0
DA:389,0
DA:411,0
DA:413,0
DA:420,0
DA:421,0
LF:87
LH:13
BRDA:106,0,0,0
BRDA:106,1,0,0
BRDA:106,1,1,0
BRDA:146,2,0,0
BRDA:146,3,0,0
BRDA:146,3,1,0
BRDA:186,4,0,0
BRDA:186,5,0,0
BRDA:186,5,1,0
BRDA:329,6,0,0
BRDA:329,6,1,0
BRDA:330,7,0,0
BRDA:330,7,1,0
BRDA:377,8,0,0
BRDA:377,8,1,0
BRDA:378,9,0,0
BRDA:378,9,1,0
BRDA:381,10,0,0
BRDA:312,11,0,0
BRDA:312,11,1,0
BRF:20
BRH:0
end_of_record
TN:
SF:src/api/controllers/tournament.controller.ts
FN:5,(anonymous_7)
FN:10,(anonymous_8)
FN:10,(anonymous_9)
FN:40,(anonymous_10)
FN:44,(anonymous_11)
FN:63,(anonymous_12)
FN:63,(anonymous_13)
FN:112,(anonymous_14)
FN:112,(anonymous_15)
FN:153,(anonymous_16)
FN:153,(anonymous_17)
FN:201,(anonymous_18)
FN:201,(anonymous_19)
FN:239,(anonymous_20)
FN:239,(anonymous_21)
FN:299,(anonymous_22)
FN:299,(anonymous_23)
FN:339,(anonymous_24)
FN:339,(anonymous_25)
FN:392,(anonymous_26)
FN:392,(anonymous_27)
FNF:21
FNH:1
FNDA:4,(anonymous_7)
FNDA:0,(anonymous_8)
FNDA:0,(anonymous_9)
FNDA:0,(anonymous_10)
FNDA:0,(anonymous_11)
FNDA:0,(anonymous_12)
FNDA:0,(anonymous_13)
FNDA:0,(anonymous_14)
FNDA:0,(anonymous_15)
FNDA:0,(anonymous_16)
FNDA:0,(anonymous_17)
FNDA:0,(anonymous_18)
FNDA:0,(anonymous_19)
FNDA:0,(anonymous_20)
FNDA:0,(anonymous_21)
FNDA:0,(anonymous_22)
FNDA:0,(anonymous_23)
FNDA:0,(anonymous_24)
FNDA:0,(anonymous_25)
FNDA:0,(anonymous_26)
FNDA:0,(anonymous_27)
DA:3,4
DA:5,4
DA:10,4
DA:11,0
DA:13,0
DA:19,0
DA:39,0
DA:40,0
DA:43,0
DA:44,0
DA:47,0
DA:54,0
DA:55,0
DA:63,4
DA:64,0
DA:66,0
DA:69,0
DA:70,0
DA:80,0
DA:96,0
DA:103,0
DA:104,0
DA:112,4
DA:113,0
DA:115,0
DA:118,0
DA:119,0
DA:129,0
DA:137,0
DA:144,0
DA:145,0
DA:153,4
DA:154,0
DA:156,0
DA:157,0
DA:160,0
DA:161,0
DA:168,0
DA:169,0
DA:179,0
DA:185,0
DA:192,0
DA:193,0
DA:201,4
DA:202,0
DA:204,0
DA:207,0
DA:208,0
DA:215,0
DA:216,0
DA:225,0
DA:230,0
DA:231,0
DA:239,4
DA:240,0
DA:242,0
DA:243,0
DA:246,0
DA:247,0
DA:254,0
DA:255,0
DA:265,0
DA:266,0
DA:276,0
DA:283,0
DA:290,0
DA:291,0
DA:299,4
DA:300,0
DA:302,0
DA:305,0
DA:306,0
DA:316,0
DA:322,0
DA:330,0
DA:331,0
DA:339,4
DA:340,0
DA:342,0
DA:345,0
DA:346,0
DA:356,0
DA:375,0
DA:383,0
DA:384,0
DA:392,4
DA:393,0
DA:395,0
DA:398,0
DA:399,0
DA:409,0
DA:427,0
DA:435,0
DA:436,0
LF:94
LH:11
BRDA:39,0,0,0
BRDA:43,1,0,0
BRDA:69,2,0,0
BRDA:118,3,0,0
BRDA:118,4,0,0
BRDA:118,4,1,0
BRDA:160,5,0,0
BRDA:160,6,0,0
BRDA:160,6,1,0
BRDA:168,7,0,0
BRDA:207,8,0,0
BRDA:207,9,0,0
BRDA:207,9,1,0
BRDA:215,10,0,0
BRDA:246,11,0,0
BRDA:254,12,0,0
BRDA:265,13,0,0
BRDA:305,14,0,0
BRDA:345,15,0,0
BRDA:398,16,0,0
BRF:20
BRH:0
end_of_record
TN:
SF:src/api/controllers/user.controller.ts
FN:5,(anonymous_7)
FN:10,(anonymous_8)
FN:10,(anonymous_9)
FN:61,(anonymous_10)
FN:61,(anonymous_11)
FN:111,(anonymous_12)
FN:111,(anonymous_13)
FN:152,(anonymous_14)
FN:152,(anonymous_15)
FN:208,(anonymous_16)
FN:208,(anonymous_17)
FN:246,(anonymous_18)
FN:246,(anonymous_19)
FN:285,(anonymous_20)
FN:285,(anonymous_21)
FN:387,(anonymous_22)
FN:387,(anonymous_23)
FN:401,(anonymous_24)
FN:401,(anonymous_25)
FN:415,(anonymous_26)
FN:415,(anonymous_27)
FN:429,(anonymous_28)
FN:429,(anonymous_29)
FNF:23
FNH:1
FNDA:4,(anonymous_7)
FNDA:0,(anonymous_8)
FNDA:0,(anonymous_9)
FNDA:0,(anonymous_10)
FNDA:0,(anonymous_11)
FNDA:0,(anonymous_12)
FNDA:0,(anonymous_13)
FNDA:0,(anonymous_14)
FNDA:0,(anonymous_15)
FNDA:0,(anonymous_16)
FNDA:0,(anonymous_17)
FNDA:0,(anonymous_18)
FNDA:0,(anonymous_19)
FNDA:0,(anonymous_20)
FNDA:0,(anonymous_21)
FNDA:0,(anonymous_22)
FNDA:0,(anonymous_23)
FNDA:0,(anonymous_24)
FNDA:0,(anonymous_25)
FNDA:0,(anonymous_26)
FNDA:0,(anonymous_27)
FNDA:0,(anonymous_28)
FNDA:0,(anonymous_29)
DA:3,4
DA:5,4
DA:10,4
DA:11,0
DA:13,0
DA:14,0
DA:21,0
DA:26,0
DA:45,0
DA:52,0
DA:53,0
DA:61,4
DA:62,0
DA:64,0
DA:67,0
DA:68,0
DA:75,0
DA:76,0
DA:86,0
DA:95,0
DA:102,0
DA:103,0
DA:111,4
DA:112,0
DA:114,0
DA:117,0
DA:118,0
DA:128,0
DA:136,0
DA:143,0
DA:144,0
DA:152,4
DA:153,0
DA:155,0
DA:156,0
DA:159,0
DA:160,0
DA:167,0
DA:168,0
DA:175,0
DA:176,0
DA:186,0
DA:192,0
DA:199,0
DA:200,0
DA:208,4
DA:209,0
DA:211,0
DA:214,0
DA:215,0
DA:222,0
DA:223,0
DA:232,0
DA:237,0
DA:238,0
DA:246,4
DA:247,0
DA:249,0
DA:250,0
DA:253,0
DA:254,0
DA:261,0
DA:262,0
DA:271,0
DA:276,0
DA:277,0
DA:285,4
DA:286,0
DA:287,0
DA:293,0
DA:296,0
DA:297,0
DA:303,0
DA:306,0
DA:307,0
DA:314,0
DA:315,0
DA:324,0
DA:325,0
DA:326,0
DA:329,0
DA:330,0
DA:340,0
DA:349,0
DA:350,0
DA:360,0
DA:370,0
DA:376,0
DA:387,4
DA:388,0
DA:389,0
DA:390,0
DA:392,0
DA:393,0
DA:401,4
DA:402,0
DA:403,0
DA:404,0
DA:406,0
DA:407,0
DA:415,4
DA:416,0
DA:417,0
DA:418,0
DA:420,0
DA:421,0
DA:429,4
DA:430,0
DA:431,0
DA:432,0
DA:434,0
DA:435,0
LF:112
LH:13
BRDA:13,0,0,0
BRDA:13,1,0,0
BRDA:13,1,1,0
BRDA:67,2,0,0
BRDA:75,3,0,0
BRDA:75,4,0,0
BRDA:75,4,1,0
BRDA:117,5,0,0
BRDA:117,6,0,0
BRDA:117,6,1,0
BRDA:159,7,0,0
BRDA:167,8,0,0
BRDA:167,9,0,0
BRDA:167,9,1,0
BRDA:175,10,0,0
BRDA:175,11,0,0
BRDA:175,11,1,0
BRDA:214,12,0,0
BRDA:222,13,0,0
BRDA:222,14,0,0
BRDA:222,14,1,0
BRDA:253,15,0,0
BRDA:261,16,0,0
BRDA:296,17,0,0
BRDA:296,18,0,0
BRDA:296,18,1,0
BRDA:306,19,0,0
BRDA:314,20,0,0
BRDA:329,21,0,0
BRDA:329,21,1,0
BRDA:349,22,0,0
BRDA:349,22,1,0
BRDA:349,23,0,0
BRDA:349,23,1,0
BRF:34
BRH:0
end_of_record
TN:
SF:src/api/middlewares/auth.middleware.ts
FN:20,(anonymous_7)
FN:20,(anonymous_8)
FN:86,(anonymous_9)
FN:87,(anonymous_10)
FNF:4
FNH:1
FNDA:0,(anonymous_7)
FNDA:0,(anonymous_8)
FNDA:68,(anonymous_9)
FNDA:0,(anonymous_10)
DA:20,4
DA:21,0
DA:23,0
DA:25,0
DA:26,0
DA:32,0
DA:36,0
DA:37,0
DA:44,0
DA:45,0
DA:46,0
DA:47,0
DA:50,0
DA:51,0
DA:52,0
DA:53,0
DA:54,0
DA:58,0
DA:59,0
DA:60,0
DA:61,0
DA:66,0
DA:73,0
DA:75,0
DA:76,0
DA:86,4
DA:87,68
DA:88,0
DA:90,0
DA:91,0
DA:98,0
DA:99,0
DA:105,0
DA:107,0
DA:108,0
LF:35
LH:3
BRDA:25,0,0,0
BRDA:25,1,0,0
BRDA:25,1,1,0
BRDA:36,2,0,0
BRDA:50,3,0,0
BRDA:58,4,0,0
BRDA:58,5,0,0
BRDA:58,5,1,0
BRDA:60,6,0,0
BRDA:60,7,0,0
BRDA:60,7,1,0
BRDA:90,8,0,0
BRDA:98,9,0,0
BRF:13
BRH:0
end_of_record
TN:
SF:src/api/middlewares/validate.middleware.ts
FN:8,(anonymous_0)
FN:9,(anonymous_1)
FN:20,(anonymous_2)
FN:41,(anonymous_3)
FN:42,(anonymous_4)
FN:56,(anonymous_5)
FN:77,(anonymous_6)
FN:78,(anonymous_7)
FNF:8
FNH:3
FNDA:92,(anonymous_0)
FNDA:0,(anonymous_1)
FNDA:0,(anonymous_2)
FNDA:136,(anonymous_3)
FNDA:0,(anonymous_4)
FNDA:0,(anonymous_5)
FNDA:40,(anonymous_6)
FNDA:0,(anonymous_7)
DA:2,4
DA:8,4
DA:9,92
DA:10,0
DA:12,0
DA:13,0
DA:15,0
DA:17,0
DA:20,0
DA:28,0
DA:29,0
DA:41,4
DA:42,136
DA:43,0
DA:45,0
DA:46,0
DA:48,0
DA:50,0
DA:53,0
DA:56,0
DA:64,0
DA:65,0
DA:77,4
DA:78,40
DA:79,0
DA:80,0
DA:82,0
DA:83,0
DA:84,0
DA:87,0
DA:94,0
DA:95,0
LF:32
LH:7
BRDA:15,0,0,0
BRDA:48,1,0,0
BRDA:50,2,0,0
BRDA:50,2,1,0
BRDA:50,3,0,0
BRDA:50,3,1,0
BRDA:50,4,0,0
BRDA:50,4,1,0
BRDA:82,5,0,0
BRDA:82,5,1,0
BRF:10
BRH:0
end_of_record
TN:
SF:src/api/middlewares/validate.ts
FN:9,(anonymous_7)
FN:10,(anonymous_8)
FN:10,(anonymous_9)
FN:35,(anonymous_10)
FN:36,(anonymous_11)
FN:36,(anonymous_12)
FN:61,(anonymous_13)
FN:62,(anonymous_14)
FN:62,(anonymous_15)
FNF:9
FNH:0
FNDA:0,(anonymous_7)
FNDA:0,(anonymous_8)
FNDA:0,(anonymous_9)
FNDA:0,(anonymous_10)
FNDA:0,(anonymous_11)
FNDA:0,(anonymous_12)
FNDA:0,(anonymous_13)
FNDA:0,(anonymous_14)
FNDA:0,(anonymous_15)
DA:2,0
DA:9,0
DA:10,0
DA:11,0
DA:12,0
DA:13,0
DA:15,0
DA:16,0
DA:22,0
DA:35,0
DA:36,0
DA:37,0
DA:38,0
DA:39,0
DA:41,0
DA:42,0
DA:48,0
DA:61,0
DA:62,0
DA:63,0
DA:64,0
DA:65,0
DA:67,0
DA:68,0
DA:74,0
LF:25
LH:0
BRDA:15,0,0,0
BRDA:41,1,0,0
BRDA:67,2,0,0
BRF:3
BRH:0
end_of_record
TN:
SF:src/api/routes/auth.routes.ts
FNF:0
FNH:0
DA:1,4
DA:2,4
DA:3,4
DA:4,4
DA:5,4
DA:14,4
DA:15,4
DA:18,4
DA:25,4
DA:32,4
DA:39,4
DA:46,4
DA:53,4
DA:60,4
DA:67,4
DA:73,4
LF:16
LH:16
BRF:0
BRH:0
end_of_record
TN:
SF:src/api/routes/index.ts
FN:16,(anonymous_1)
FNF:1
FNH:0
FNDA:0,(anonymous_1)
DA:1,4
DA:2,4
DA:3,4
DA:4,4
DA:5,4
DA:6,4
DA:7,4
DA:8,4
DA:9,4
DA:10,4
DA:13,4
DA:16,4
DA:17,0
DA:21,4
DA:22,4
DA:23,4
DA:24,4
DA:25,4
DA:26,4
DA:27,4
DA:28,4
DA:29,4
DA:31,4
LF:23
LH:22
BRF:0
BRH:0
end_of_record
TN:
SF:src/api/routes/match.routes.ts
FNF:0
FNH:0
DA:1,4
DA:2,4
DA:3,4
DA:4,4
DA:5,4
DA:6,4
DA:14,4
DA:15,4
DA:22,4
DA:33,4
DA:44,4
DA:57,4
DA:71,4
DA:85,4
DA:93,4
LF:15
LH:15
BRF:0
BRH:0
end_of_record
TN:
SF:src/api/routes/performance.routes.ts
FNF:0
FNH:0
DA:1,4
DA:2,4
DA:3,4
DA:4,4
DA:5,4
DA:6,4
DA:15,4
DA:16,4
DA:23,4
DA:34,4
DA:45,4
DA:57,4
DA:70,4
DA:84,4
DA:97,4
DA:108,4
DA:114,4
LF:17
LH:17
BRF:0
BRH:0
end_of_record
TN:
SF:src/api/routes/player.routes.ts
FNF:0
FNH:0
DA:1,4
DA:2,4
DA:3,4
DA:4,4
DA:5,4
DA:6,4
DA:13,4
DA:14,4
DA:21,4
DA:32,4
DA:43,4
DA:56,4
DA:69,4
DA:82,4
DA:93,4
DA:104,4
DA:110,4
LF:17
LH:17
BRF:0
BRH:0
end_of_record
TN:
SF:src/api/routes/preference.routes.ts
FNF:0
FNH:0
DA:1,4
DA:2,4
DA:3,4
DA:4,4
DA:6,4
DA:8,4
DA:9,4
DA:16,4
DA:27,4
DA:39,4
DA:45,4
LF:11
LH:11
BRF:0
BRH:0
end_of_record
TN:
SF:src/api/routes/ranking.routes.ts
FN:33,(anonymous_0)
FNF:1
FNH:0
FNDA:0,(anonymous_0)
DA:1,4
DA:2,4
DA:3,4
DA:4,4
DA:7,4
DA:8,4
DA:10,4
DA:11,4
DA:18,4
DA:29,4
DA:33,0
DA:39,4
LF:12
LH:11
BRF:0
BRH:0
end_of_record
TN:
SF:src/api/routes/statistic.routes.ts
FNF:0
FNH:0
DA:1,4
DA:2,4
DA:3,4
DA:4,4
DA:5,4
DA:6,4
DA:16,4
DA:17,4
DA:18,4
DA:25,4
DA:36,4
DA:47,4
DA:60,4
DA:74,4
DA:87,4
DA:98,4
DA:109,4
DA:115,4
LF:18
LH:18
BRF:0
BRH:0
end_of_record
TN:
SF:src/api/routes/tournament.routes.ts
FNF:0
FNH:0
DA:1,4
DA:2,4
DA:3,4
DA:4,4
DA:5,4
DA:12,4
DA:14,4
DA:15,4
DA:22,4
DA:33,4
DA:44,4
DA:57,4
DA:71,4
DA:84,4
DA:97,4
DA:108,4
DA:119,4
DA:125,4
LF:18
LH:18
BRF:0
BRH:0
end_of_record
TN:
SF:src/api/routes/user.routes.ts
FNF:0
FNH:0
DA:1,4
DA:2,4
DA:3,4
DA:4,4
DA:5,4
DA:6,4
DA:12,4
DA:14,4
DA:15,4
DA:22,4
DA:34,4
DA:46,4
DA:59,4
DA:72,4
DA:84,4
DA:96,4
DA:108,4
DA:121,4
DA:134,4
DA:145,4
DA:151,4
LF:21
LH:21
BRF:0
BRH:0
end_of_record
TN:
SF:src/api/validations/match.validation.ts
FN:29,(anonymous_0)
FN:51,(anonymous_1)
FN:64,(anonymous_2)
FN:83,(anonymous_3)
FNF:4
FNH:0
FNDA:0,(anonymous_0)
FNDA:0,(anonymous_1)
FNDA:0,(anonymous_2)
FNDA:0,(anonymous_3)
DA:1,4
DA:2,4
DA:5,4
DA:12,4
DA:29,0
DA:34,4
DA:51,0
DA:56,4
DA:64,0
DA:72,4
DA:83,0
LF:11
LH:7
BRF:0
BRH:0
end_of_record
TN:
SF:src/api/validations/performance.validation.ts
FN:45,(anonymous_0)
FNF:1
FNH:0
FNDA:0,(anonymous_0)
DA:1,4
DA:4,4
DA:9,4
DA:14,4
DA:25,4
DA:33,4
DA:42,4
DA:45,0
LF:8
LH:7
BRF:0
BRH:0
end_of_record
TN:
SF:src/api/validations/player.validation.ts
FN:20,(anonymous_0)
FN:36,(anonymous_1)
FN:51,(anonymous_2)
FNF:3
FNH:0
FNDA:0,(anonymous_0)
FNDA:0,(anonymous_1)
FNDA:0,(anonymous_2)
DA:1,4
DA:2,4
DA:5,4
DA:12,4
DA:20,0
DA:31,4
DA:36,0
DA:48,4
DA:51,0
LF:9
LH:6
BRF:0
BRH:0
end_of_record
TN:
SF:src/api/validations/preference.validation.ts
FN:11,(anonymous_0)
FN:21,(anonymous_1)
FNF:2
FNH:0
FNDA:0,(anonymous_0)
FNDA:0,(anonymous_1)
DA:1,4
DA:4,4
DA:9,4
DA:11,0
DA:18,4
DA:21,0
DA:28,4
LF:7
LH:5
BRF:0
BRH:0
end_of_record
TN:
SF:src/api/validations/statistic.validation.ts
FNF:0
FNH:0
DA:1,4
DA:4,4
DA:9,4
DA:14,4
DA:19,4
DA:30,4
DA:39,4
DA:48,4
LF:8
LH:8
BRF:0
BRH:0
end_of_record
TN:
SF:src/api/validations/tournament.validation.ts
FN:13,(anonymous_0)
FN:16,(anonymous_1)
FN:20,(anonymous_2)
FN:23,(anonymous_3)
FN:27,(anonymous_4)
FN:31,(anonymous_5)
FN:46,(anonymous_6)
FN:49,(anonymous_7)
FNF:8
FNH:0
FNDA:0,(anonymous_0)
FNDA:0,(anonymous_1)
FNDA:0,(anonymous_2)
FNDA:0,(anonymous_3)
FNDA:0,(anonymous_4)
FNDA:0,(anonymous_5)
FNDA:0,(anonymous_6)
FNDA:0,(anonymous_7)
DA:1,4
DA:2,4
DA:5,4
DA:10,4
DA:13,0
DA:16,0
DA:20,0
DA:23,0
DA:27,0
DA:31,0
DA:36,4
DA:39,4
DA:44,4
DA:46,0
DA:49,0
LF:15
LH:7
BRF:0
BRH:0
end_of_record
TN:
SF:src/api/validations/user.validation.ts
FN:23,(anonymous_0)
FN:36,(anonymous_1)
FNF:2
FNH:0
FNDA:0,(anonymous_0)
FNDA:0,(anonymous_1)
DA:1,4
DA:2,4
DA:5,4
DA:12,4
DA:23,0
DA:28,4
DA:36,0
DA:41,4
DA:51,4
DA:61,4
DA:74,4
DA:81,4
DA:91,4
DA:98,4
LF:14
LH:12
BRF:0
BRH:0
end_of_record
TN:
SF:src/config/di-container.ts
FN:25,(anonymous_0)
FNF:1
FNH:0
FNDA:0,(anonymous_0)
DA:1,4
DA:3,4
DA:4,4
DA:8,4
DA:17,4
DA:18,4
DA:21,0
DA:22,0
DA:25,0
DA:26,0
DA:27,0
LF:11
LH:6
BRDA:17,0,0,4
BRDA:17,0,1,0
BRF:2
BRH:1
end_of_record
TN:
SF:src/config/env.ts
FN:15,(anonymous_1)
FNF:1
FNH:0
FNDA:0,(anonymous_1)
DA:1,0
DA:2,0
DA:5,0
DA:8,0
DA:15,0
DA:44,0
DA:47,0
DA:48,0
DA:49,0
DA:53,0
LF:10
LH:0
BRDA:47,0,0,0
BRDA:47,1,0,0
BRDA:47,1,1,0
BRDA:53,2,0,0
BRDA:53,2,1,0
BRF:5
BRH:0
end_of_record
TN:
SF:src/config/logger.ts
FNF:0
FNH:0
DA:1,0
DA:2,0
DA:5,0
DA:13,0
DA:26,0
DA:27,0
DA:34,0
LF:7
LH:0
BRDA:26,0,0,0
BRF:1
BRH:0
end_of_record
TN:
SF:src/config/swagger.ts
FN:25,(anonymous_1)
FNF:1
FNH:0
FNDA:0,(anonymous_1)
DA:1,0
DA:2,0
DA:5,0
DA:23,0
DA:25,0
DA:26,0
LF:6
LH:0
BRF:0
BRH:0
end_of_record
TN:
SF:src/core/application/base/base.use-case.ts
FN:22,(anonymous_7)
FNF:1
FNH:1
FNDA:31,(anonymous_7)
DA:2,4
DA:3,4
DA:9,4
DA:23,31
DA:24,31
DA:26,0
DA:27,0
DA:29,0
LF:8
LH:5
BRDA:26,0,0,0
BRDA:30,1,0,0
BRDA:30,1,1,0
BRF:3
BRH:0
end_of_record
TN:
SF:src/core/application/use-cases/match/create-match.use-case.ts
FN:28,(anonymous_7)
FN:33,(anonymous_8)
FN:40,(anonymous_9)
FN:47,(anonymous_10)
FNF:4
FNH:0
FNDA:0,(anonymous_7)
FNDA:0,(anonymous_8)
FNDA:0,(anonymous_9)
FNDA:0,(anonymous_10)
DA:1,0
DA:2,0
DA:3,0
DA:4,0
DA:9,0
DA:28,0
DA:33,0
DA:39,0
DA:41,0
DA:42,0
DA:44,0
DA:48,0
DA:50,0
DA:51,0
DA:52,0
DA:55,0
DA:58,0
DA:61,0
DA:62,0
DA:63,0
DA:68,0
DA:69,0
DA:73,0
DA:80,0
DA:81,0
DA:82,0
DA:86,0
DA:102,0
DA:104,0
DA:106,0
LF:30
LH:0
BRDA:51,0,0,0
BRDA:58,1,0,0
BRDA:58,1,1,0
BRDA:62,2,0,0
BRDA:68,3,0,0
BRDA:68,4,0,0
BRDA:68,4,1,0
BRDA:81,5,0,0
BRDA:95,6,0,0
BRDA:95,6,1,0
BRDA:107,7,0,0
BRDA:107,7,1,0
BRF:12
BRH:0
end_of_record
TN:
SF:src/core/application/use-cases/match/delete-match.use-case.ts
FN:26,(anonymous_7)
FN:33,(anonymous_8)
FNF:2
FNH:0
FNDA:0,(anonymous_7)
FNDA:0,(anonymous_8)
DA:1,0
DA:2,0
DA:3,0
DA:6,0
DA:7,0
DA:10,0
DA:25,0
DA:27,0
DA:28,0
DA:30,0
DA:34,0
DA:36,0
DA:37,0
DA:38,0
DA:43,0
DA:46,0
DA:47,0
DA:48,0
DA:52,0
DA:53,0
DA:54,0
DA:58,0
DA:59,0
DA:63,0
DA:64,0
DA:70,0
DA:71,0
DA:77,0
DA:78,0
DA:79,0
DA:82,0
DA:84,0
LF:32
LH:0
BRDA:37,0,0,0
BRDA:47,1,0,0
BRDA:53,2,0,0
BRDA:58,3,0,0
BRDA:63,4,0,0
BRDA:63,5,0,0
BRDA:63,5,1,0
BRDA:70,6,0,0
BRDA:70,7,0,0
BRDA:70,7,1,0
BRDA:78,8,0,0
BRDA:85,9,0,0
BRDA:85,9,1,0
BRF:13
BRH:0
end_of_record
TN:
SF:src/core/application/use-cases/match/get-match-by-id.use-case.ts
FN:17,(anonymous_7)
FN:23,(anonymous_8)
FNF:2
FNH:0
FNDA:0,(anonymous_7)
FNDA:0,(anonymous_8)
DA:1,0
DA:2,0
DA:3,0
DA:8,0
DA:16,0
DA:18,0
DA:20,0
DA:24,0
DA:26,0
DA:27,0
DA:28,0
DA:31,0
DA:34,0
DA:35,0
DA:36,0
DA:39,0
DA:42,0
LF:17
LH:0
BRDA:27,0,0,0
BRDA:35,1,0,0
BRDA:42,2,0,0
BRDA:42,2,1,0
BRF:4
BRH:0
end_of_record
TN:
SF:src/core/application/use-cases/match/list-tournament-matches.use-case.ts
FN:50,(anonymous_7)
FN:57,(anonymous_8)
FNF:2
FNH:0
FNDA:0,(anonymous_7)
FNDA:0,(anonymous_8)
DA:1,0
DA:2,0
DA:3,0
DA:4,0
DA:9,0
DA:46,0
DA:51,0
DA:52,0
DA:54,0
DA:60,0
DA:62,0
DA:63,0
DA:64,0
DA:69,0
DA:72,0
DA:73,0
DA:74,0
DA:78,0
DA:82,0
DA:83,0
DA:86,0
DA:87,0
DA:91,0
DA:92,0
DA:93,0
DA:96,0
DA:101,0
DA:102,0
DA:103,0
DA:104,0
DA:105,0
DA:108,0
DA:109,0
DA:118,0
DA:123,0
LF:35
LH:0
BRDA:63,0,0,0
BRDA:73,1,0,0
BRDA:82,2,0,0
BRDA:86,3,0,0
BRDA:124,4,0,0
BRDA:124,4,1,0
BRF:6
BRH:0
end_of_record
TN:
SF:src/core/application/use-cases/match/list-user-matches.use-case.ts
FN:9,(anonymous_7)
FN:31,(anonymous_8)
FN:35,(anonymous_9)
FN:38,(anonymous_10)
FN:70,(anonymous_11)
FN:77,(anonymous_12)
FN:128,(anonymous_14)
FN:147,(anonymous_15)
FN:154,(anonymous_16)
FN:161,(anonymous_17)
FNF:10
FNH:0
FNDA:0,(anonymous_7)
FNDA:0,(anonymous_8)
FNDA:0,(anonymous_9)
FNDA:0,(anonymous_10)
FNDA:0,(anonymous_11)
FNDA:0,(anonymous_12)
FNDA:0,(anonymous_14)
FNDA:0,(anonymous_15)
FNDA:0,(anonymous_16)
FNDA:0,(anonymous_17)
DA:1,0
DA:2,0
DA:3,0
DA:4,0
DA:9,0
DA:10,0
DA:11,0
DA:15,0
DA:31,0
DA:35,0
DA:38,0
DA:66,0
DA:71,0
DA:72,0
DA:74,0
DA:80,0
DA:82,0
DA:83,0
DA:84,0
DA:89,0
DA:92,0
DA:93,0
DA:94,0
DA:98,0
DA:102,0
DA:103,0
DA:107,0
DA:108,0
DA:109,0
DA:111,0
DA:112,0
DA:117,0
DA:118,0
DA:119,0
DA:122,0
DA:125,0
DA:127,0
DA:128,0
DA:129,0
DA:130,0
DA:133,0
DA:134,0
DA:135,0
DA:138,0
DA:140,0
DA:146,0
DA:147,0
DA:151,0
DA:152,0
DA:153,0
DA:154,0
DA:155,0
DA:159,0
DA:160,0
DA:161,0
DA:162,0
DA:168,0
DA:171,0
DA:174,0
DA:175,0
DA:184,0
DA:189,0
LF:62
LH:0
BRDA:9,0,0,0
BRDA:9,0,1,0
BRDA:83,1,0,0
BRDA:93,2,0,0
BRDA:102,3,0,0
BRDA:107,4,0,0
BRDA:108,5,0,0
BRDA:111,6,0,0
BRDA:127,7,0,0
BRDA:129,8,0,0
BRDA:134,9,0,0
BRDA:140,10,0,0
BRDA:140,10,1,0
BRDA:140,10,2,0
BRDA:140,10,3,0
BRDA:146,11,0,0
BRDA:151,12,0,0
BRDA:152,13,0,0
BRDA:155,14,0,0
BRDA:155,14,1,0
BRDA:159,15,0,0
BRDA:162,16,0,0
BRDA:162,16,1,0
BRDA:174,17,0,0
BRDA:174,17,1,0
BRDA:190,18,0,0
BRDA:190,18,1,0
BRF:27
BRH:0
end_of_record
TN:
SF:src/core/application/use-cases/match/record-match-result.use-case.ts
FN:18,(anonymous_7)
FN:26,(anonymous_8)
FN:32,(anonymous_9)
FNF:3
FNH:0
FNDA:0,(anonymous_7)
FNDA:0,(anonymous_8)
FNDA:0,(anonymous_9)
DA:1,0
DA:2,0
DA:3,0
DA:4,0
DA:8,0
DA:18,0
DA:25,0
DA:27,0
DA:29,0
DA:33,0
DA:35,0
DA:36,0
DA:37,0
DA:40,0
DA:43,0
DA:44,0
DA:45,0
DA:49,0
DA:50,0
DA:54,0
DA:55,0
DA:57,0
DA:63,0
DA:65,0
DA:67,0
LF:25
LH:0
BRDA:36,0,0,0
BRDA:44,1,0,0
BRDA:49,2,0,0
BRDA:58,3,0,0
BRDA:58,3,1,0
BRDA:68,4,0,0
BRDA:68,4,1,0
BRF:7
BRH:0
end_of_record
TN:
SF:src/core/application/use-cases/match/update-match-details.use-case.ts
FN:27,(anonymous_7)
FN:32,(anonymous_8)
FN:39,(anonymous_9)
FN:45,(anonymous_10)
FNF:4
FNH:0
FNDA:0,(anonymous_7)
FNDA:0,(anonymous_8)
FNDA:0,(anonymous_9)
FNDA:0,(anonymous_10)
DA:1,0
DA:2,0
DA:3,0
DA:4,0
DA:8,0
DA:27,0
DA:32,0
DA:38,0
DA:40,0
DA:42,0
DA:46,0
DA:48,0
DA:49,0
DA:50,0
DA:53,0
DA:56,0
DA:57,0
DA:58,0
DA:62,0
DA:63,0
DA:67,0
DA:68,0
DA:69,0
DA:70,0
DA:71,0
DA:73,0
DA:74,0
DA:75,0
DA:76,0
DA:78,0
DA:79,0
DA:83,0
DA:90,0
DA:102,0
DA:104,0
DA:106,0
LF:36
LH:0
BRDA:49,0,0,0
BRDA:57,1,0,0
BRDA:62,2,0,0
BRDA:68,3,0,0
BRDA:68,3,1,0
BRDA:69,4,0,0
BRDA:69,4,1,0
BRDA:70,5,0,0
BRDA:70,5,1,0
BRDA:71,6,0,0
BRDA:71,6,1,0
BRDA:78,7,0,0
BRDA:83,8,0,0
BRDA:83,8,1,0
BRDA:85,9,0,0
BRDA:85,9,1,0
BRDA:107,10,0,0
BRDA:107,10,1,0
BRF:18
BRH:0
end_of_record
TN:
SF:src/core/application/use-cases/performance-history/get-performance-summary.use-case.ts
FN:11,(anonymous_7)
FN:22,(anonymous_8)
FN:33,(anonymous_9)
FNF:3
FNH:3
FNDA:1,(anonymous_7)
FNDA:7,(anonymous_8)
FNDA:7,(anonymous_9)
DA:1,1
DA:2,1
DA:4,1
DA:7,1
DA:11,1
DA:21,1
DA:23,7
DA:25,7
DA:34,7
DA:36,7
DA:37,7
DA:38,3
DA:39,3
DA:43,4
DA:46,4
DA:49,4
DA:54,3
DA:56,1
LF:18
LH:18
BRDA:37,0,0,3
BRDA:38,1,0,3
BRDA:38,1,1,0
BRDA:38,2,0,0
BRDA:38,2,1,3
BRDA:38,3,0,3
BRDA:38,3,1,3
BRDA:46,4,0,2
BRDA:46,4,1,2
BRDA:57,5,0,1
BRDA:57,5,1,0
BRF:11
BRH:8
end_of_record
TN:
SF:src/core/application/use-cases/performance-history/get-player-performance-history.use-case.ts
FN:12,(anonymous_7)
FN:16,(anonymous_8)
FN:20,(anonymous_9)
FN:24,(anonymous_10)
FN:35,(anonymous_11)
FN:46,(anonymous_12)
FNF:6
FNH:2
FNDA:0,(anonymous_7)
FNDA:0,(anonymous_8)
FNDA:0,(anonymous_9)
FNDA:0,(anonymous_10)
FNDA:10,(anonymous_11)
FNDA:10,(anonymous_12)
DA:2,1
DA:3,1
DA:5,1
DA:8,1
DA:12,0
DA:16,0
DA:20,0
DA:24,0
DA:34,1
DA:36,10
DA:38,10
DA:47,10
DA:49,10
DA:50,10
DA:51,4
DA:52,4
DA:56,6
DA:59,6
DA:67,6
DA:69,5
DA:71,1
LF:21
LH:17
BRDA:50,0,0,4
BRDA:51,1,0,4
BRDA:51,1,1,0
BRDA:51,2,0,0
BRDA:51,2,1,4
BRDA:51,3,0,4
BRDA:51,3,1,4
BRDA:60,4,0,2
BRDA:60,4,1,4
BRDA:61,5,0,1
BRDA:61,5,1,5
BRDA:62,6,0,6
BRDA:62,6,1,0
BRDA:63,7,0,1
BRDA:63,7,1,5
BRDA:72,8,0,1
BRDA:72,8,1,0
BRF:17
BRH:13
end_of_record
TN:
SF:src/core/application/use-cases/performance-history/record-performance-entry.use-case.ts
FN:25,(anonymous_7)
FN:36,(anonymous_8)
FNF:2
FNH:2
FNDA:8,(anonymous_7)
FNDA:8,(anonymous_8)
DA:2,1
DA:3,1
DA:5,1
DA:8,1
DA:24,1
DA:26,8
DA:28,8
DA:37,8
DA:39,8
DA:40,8
DA:41,4
DA:42,4
DA:46,4
DA:53,3
DA:55,1
DA:56,1
DA:63,1
DA:66,2
DA:77,3
DA:79,1
LF:20
LH:20
BRDA:40,0,0,4
BRDA:41,1,0,4
BRDA:41,1,1,0
BRDA:41,2,0,0
BRDA:41,2,1,4
BRDA:41,3,0,4
BRDA:41,3,1,4
BRDA:53,4,0,1
BRDA:53,4,1,2
BRDA:57,5,0,1
BRDA:57,5,1,0
BRDA:58,6,0,1
BRDA:58,6,1,0
BRDA:59,7,0,1
BRDA:59,7,1,0
BRDA:60,8,0,1
BRDA:60,8,1,0
BRDA:70,9,0,2
BRDA:70,9,1,1
BRDA:71,10,0,2
BRDA:71,10,1,1
BRDA:72,11,0,2
BRDA:72,11,1,1
BRDA:73,12,0,2
BRDA:73,12,1,1
BRDA:80,13,0,1
BRDA:80,13,1,0
BRF:27
BRH:20
end_of_record
TN:
SF:src/core/application/use-cases/performance-history/track-performance-trends.use-case.ts
FN:19,(anonymous_7)
FN:30,(anonymous_8)
FNF:2
FNH:2
FNDA:6,(anonymous_7)
FNDA:6,(anonymous_8)
DA:1,4
DA:2,4
DA:4,4
DA:7,4
DA:18,4
DA:20,6
DA:22,6
DA:31,6
DA:33,6
DA:34,6
DA:35,2
DA:36,2
DA:40,4
DA:43,4
DA:48,3
DA:50,1
LF:16
LH:16
BRDA:34,0,0,2
BRDA:35,1,0,2
BRDA:35,1,1,0
BRDA:35,2,0,0
BRDA:35,2,1,2
BRDA:35,3,0,2
BRDA:35,3,1,2
BRDA:51,4,0,1
BRDA:51,4,1,0
BRF:9
BRH:6
end_of_record
TN:
SF:src/core/application/use-cases/player/create-player-profile.use-case.ts
FN:15,(anonymous_7)
FN:41,(anonymous_8)
FN:48,(anonymous_9)
FNF:3
FNH:0
FNDA:0,(anonymous_7)
FNDA:0,(anonymous_8)
FNDA:0,(anonymous_9)
DA:1,0
DA:2,0
DA:3,0
DA:4,0
DA:7,0
DA:10,0
DA:15,0
DA:37,0
DA:42,0
DA:43,0
DA:45,0
DA:49,0
DA:52,0
DA:53,0
DA:55,0
DA:56,0
DA:60,0
DA:64,0
DA:65,0
DA:66,0
DA:72,0
DA:73,0
DA:74,0
DA:80,0
DA:90,0
DA:92,0
DA:94,0
LF:27
LH:0
BRDA:55,0,0,0
BRDA:65,1,0,0
BRDA:73,2,0,0
BRDA:95,3,0,0
BRDA:95,3,1,0
BRF:5
BRH:0
end_of_record
TN:
SF:src/core/application/use-cases/player/get-player-by-id.use-case.ts
FN:29,(anonymous_7)
FN:35,(anonymous_8)
FNF:2
FNH:0
FNDA:0,(anonymous_7)
FNDA:0,(anonymous_8)
DA:1,0
DA:2,0
DA:3,0
DA:8,0
DA:25,0
DA:30,0
DA:32,0
DA:36,0
DA:39,0
DA:40,0
DA:42,0
DA:43,0
DA:47,0
DA:51,0
DA:52,0
DA:53,0
DA:58,0
DA:60,0
LF:18
LH:0
BRDA:42,0,0,0
BRDA:52,1,0,0
BRDA:61,2,0,0
BRDA:61,2,1,0
BRF:4
BRH:0
end_of_record
TN:
SF:src/core/application/use-cases/player/get-player-matches.use-case.ts
FN:14,(anonymous_7)
FN:43,(anonymous_8)
FN:50,(anonymous_9)
FNF:3
FNH:0
FNDA:0,(anonymous_7)
FNDA:0,(anonymous_8)
FNDA:0,(anonymous_9)
DA:1,0
DA:2,0
DA:3,0
DA:4,0
DA:9,0
DA:14,0
DA:39,0
DA:44,0
DA:45,0
DA:47,0
DA:51,0
DA:54,0
DA:55,0
DA:57,0
DA:58,0
DA:62,0
DA:66,0
DA:67,0
DA:68,0
DA:74,0
DA:85,0
DA:86,0
DA:88,0
DA:95,0
LF:24
LH:0
BRDA:57,0,0,0
BRDA:67,1,0,0
BRDA:96,2,0,0
BRDA:96,2,1,0
BRF:4
BRH:0
end_of_record
TN:
SF:src/core/application/use-cases/player/get-player-tournaments.use-case.ts
FN:39,(anonymous_7)
FN:47,(anonymous_8)
FN:56,(anonymous_10)
FN:88,(anonymous_11)
FN:93,(anonymous_12)
FN:100,(anonymous_13)
FN:102,(anonymous_14)
FN:109,(anonymous_15)
FN:115,(anonymous_16)
FN:128,(anonymous_17)
FNF:10
FNH:0
FNDA:0,(anonymous_7)
FNDA:0,(anonymous_8)
FNDA:0,(anonymous_10)
FNDA:0,(anonymous_11)
FNDA:0,(anonymous_12)
FNDA:0,(anonymous_13)
FNDA:0,(anonymous_14)
FNDA:0,(anonymous_15)
FNDA:0,(anonymous_16)
FNDA:0,(anonymous_17)
DA:1,0
DA:2,0
DA:3,0
DA:4,0
DA:9,0
DA:35,0
DA:40,0
DA:41,0
DA:43,0
DA:48,0
DA:50,0
DA:52,0
DA:53,0
DA:55,0
DA:56,0
DA:57,0
DA:59,0
DA:63,0
DA:64,0
DA:66,0
DA:67,0
DA:71,0
DA:72,0
DA:75,0
DA:77,0
DA:78,0
DA:79,0
DA:80,0
DA:82,0
DA:83,0
DA:87,0
DA:88,0
DA:91,0
DA:92,0
DA:93,0
DA:94,0
DA:97,0
DA:98,0
DA:99,0
DA:100,0
DA:102,0
DA:104,0
DA:107,0
DA:108,0
DA:109,0
DA:110,0
DA:113,0
DA:114,0
DA:115,0
DA:116,0
DA:120,0
DA:121,0
DA:124,0
DA:125,0
DA:126,0
DA:128,0
DA:129,0
DA:130,0
DA:131,0
DA:136,0
DA:137,0
DA:139,0
DA:140,0
DA:142,0
DA:149,0
LF:65
LH:0
BRDA:55,0,0,0
BRDA:66,1,0,0
BRDA:82,2,0,0
BRDA:91,3,0,0
BRDA:97,4,0,0
BRDA:99,5,0,0
BRDA:99,5,1,0
BRDA:107,6,0,0
BRDA:113,7,0,0
BRDA:124,8,0,0
BRDA:124,9,0,0
BRDA:124,9,1,0
BRDA:129,10,0,0
BRDA:129,11,0,0
BRDA:129,11,1,0
BRDA:130,12,0,0
BRDA:130,13,0,0
BRDA:130,13,1,0
BRDA:136,14,0,0
BRDA:136,14,1,0
BRDA:137,15,0,0
BRDA:137,15,1,0
BRF:22
BRH:0
end_of_record
TN:
SF:src/core/application/use-cases/player/list-players.use-case.ts
FN:11,(anonymous_7)
FN:39,(anonymous_8)
FN:45,(anonymous_9)
FNF:3
FNH:0
FNDA:0,(anonymous_7)
FNDA:0,(anonymous_8)
FNDA:0,(anonymous_9)
DA:1,0
DA:2,0
DA:3,0
DA:6,0
DA:9,0
DA:11,0
DA:35,0
DA:40,0
DA:42,0
DA:46,0
DA:49,0
DA:50,0
DA:52,0
DA:53,0
DA:57,0
DA:61,0
DA:62,0
DA:63,0
DA:65,0
DA:66,0
DA:68,0
DA:69,0
DA:73,0
DA:79,0
DA:80,0
DA:87,0
DA:88,0
DA:90,0
DA:97,0
LF:29
LH:0
BRDA:52,0,0,0
BRDA:62,1,0,0
BRDA:65,2,0,0
BRDA:68,3,0,0
BRDA:79,4,0,0
BRDA:79,5,0,0
BRDA:79,5,1,0
BRDA:98,6,0,0
BRDA:98,6,1,0
BRF:9
BRH:0
end_of_record
TN:
SF:src/core/application/use-cases/player/update-player-level.use-case.ts
FN:13,(anonymous_7)
FN:32,(anonymous_8)
FN:38,(anonymous_9)
FN:45,(anonymous_11)
FNF:4
FNH:0
FNDA:0,(anonymous_7)
FNDA:0,(anonymous_8)
FNDA:0,(anonymous_9)
FNDA:0,(anonymous_11)
DA:1,0
DA:2,0
DA:3,0
DA:4,0
DA:8,0
DA:13,0
DA:28,0
DA:33,0
DA:35,0
DA:39,0
DA:41,0
DA:42,0
DA:44,0
DA:45,0
DA:46,0
DA:48,0
DA:52,0
DA:53,0
DA:54,0
DA:58,0
DA:61,0
DA:63,0
DA:67,0
LF:23
LH:0
BRDA:44,0,0,0
BRDA:53,1,0,0
BRDA:67,2,0,0
BRDA:67,2,1,0
BRF:4
BRH:0
end_of_record
TN:
SF:src/core/application/use-cases/player/update-player-profile.use-case.ts
FN:19,(anonymous_7)
FN:45,(anonymous_8)
FN:52,(anonymous_9)
FNF:3
FNH:0
FNDA:0,(anonymous_7)
FNDA:0,(anonymous_8)
FNDA:0,(anonymous_9)
DA:1,0
DA:2,0
DA:3,0
DA:7,0
DA:8,0
DA:11,0
DA:19,0
DA:41,0
DA:46,0
DA:47,0
DA:49,0
DA:53,0
DA:56,0
DA:57,0
DA:59,0
DA:60,0
DA:64,0
DA:68,0
DA:69,0
DA:70,0
DA:76,0
DA:77,0
DA:78,0
DA:85,0
DA:89,0
DA:95,0
DA:103,0
DA:105,0
DA:107,0
LF:29
LH:0
BRDA:59,0,0,0
BRDA:69,1,0,0
BRDA:77,2,0,0
BRDA:85,3,0,0
BRDA:86,4,0,0
BRDA:86,4,1,0
BRDA:108,5,0,0
BRDA:108,5,1,0
BRF:8
BRH:0
end_of_record
TN:
SF:src/core/application/use-cases/preference/get-user-preferences.use-case.ts
FN:19,(anonymous_7)
FN:30,(anonymous_8)
FNF:2
FNH:0
FNDA:0,(anonymous_7)
FNDA:0,(anonymous_8)
DA:1,0
DA:2,0
DA:3,0
DA:8,0
DA:18,0
DA:20,0
DA:22,0
DA:31,0
DA:33,0
DA:34,0
DA:35,0
DA:36,0
DA:37,0
DA:42,0
DA:44,0
DA:46,0
LF:16
LH:0
BRDA:33,0,0,0
BRDA:35,1,0,0
BRDA:36,2,0,0
BRDA:36,2,1,0
BRDA:36,3,0,0
BRDA:36,3,1,0
BRDA:36,4,0,0
BRDA:36,4,1,0
BRDA:47,5,0,0
BRDA:47,5,1,0
BRF:10
BRH:0
end_of_record
TN:
SF:src/core/application/use-cases/preference/reset-preferences.use-case.ts
FN:19,(anonymous_7)
FN:30,(anonymous_8)
FNF:2
FNH:0
FNDA:0,(anonymous_7)
FNDA:0,(anonymous_8)
DA:1,0
DA:2,0
DA:3,0
DA:8,0
DA:18,0
DA:20,0
DA:22,0
DA:31,0
DA:33,0
DA:35,0
DA:36,0
DA:37,0
DA:38,0
DA:43,0
DA:45,0
DA:47,0
LF:16
LH:0
BRDA:33,0,0,0
BRDA:36,1,0,0
BRDA:37,2,0,0
BRDA:37,2,1,0
BRDA:37,3,0,0
BRDA:37,3,1,0
BRDA:37,4,0,0
BRDA:37,4,1,0
BRDA:48,5,0,0
BRDA:48,5,1,0
BRF:10
BRH:0
end_of_record
TN:
SF:src/core/application/use-cases/preference/update-user-preferences.use-case.ts
FN:11,(anonymous_8)
FN:15,(anonymous_9)
FN:26,(anonymous_10)
FN:37,(anonymous_11)
FNF:4
FNH:0
FNDA:0,(anonymous_8)
FNDA:0,(anonymous_9)
FNDA:0,(anonymous_10)
FNDA:0,(anonymous_11)
DA:1,0
DA:2,0
DA:3,0
DA:8,0
DA:11,0
DA:15,0
DA:25,0
DA:27,0
DA:29,0
DA:38,0
DA:40,0
DA:42,0
DA:43,0
DA:44,0
DA:45,0
DA:48,0
DA:51,0
DA:52,0
DA:56,0
DA:61,0
DA:64,0
DA:65,0
DA:70,0
DA:73,0
LF:24
LH:0
BRDA:40,0,0,0
BRDA:40,0,1,0
BRDA:43,1,0,0
BRDA:44,2,0,0
BRDA:44,2,1,0
BRDA:44,3,0,0
BRDA:44,3,1,0
BRDA:44,4,0,0
BRDA:44,4,1,0
BRDA:51,5,0,0
BRDA:74,6,0,0
BRDA:74,6,1,0
BRF:12
BRH:0
end_of_record
TN:
SF:src/core/application/use-cases/ranking/calculate-player-rankings.use-case.ts
FN:33,(anonymous_7)
FN:41,(anonymous_8)
FN:79,(anonymous_10)
FN:89,(anonymous_11)
FN:92,(anonymous_12)
FN:96,(anonymous_13)
FN:100,(anonymous_14)
FN:101,(anonymous_15)
FN:104,(anonymous_16)
FN:144,(anonymous_17)
FN:158,(anonymous_18)
FN:162,(anonymous_19)
FN:165,(anonymous_20)
FN:179,(anonymous_21)
FN:180,(anonymous_22)
FN:184,(anonymous_23)
FNF:16
FNH:0
FNDA:0,(anonymous_7)
FNDA:0,(anonymous_8)
FNDA:0,(anonymous_10)
FNDA:0,(anonymous_11)
FNDA:0,(anonymous_12)
FNDA:0,(anonymous_13)
FNDA:0,(anonymous_14)
FNDA:0,(anonymous_15)
FNDA:0,(anonymous_16)
FNDA:0,(anonymous_17)
FNDA:0,(anonymous_18)
FNDA:0,(anonymous_19)
FNDA:0,(anonymous_20)
FNDA:0,(anonymous_21)
FNDA:0,(anonymous_22)
FNDA:0,(anonymous_23)
DA:1,0
DA:2,0
DA:3,0
DA:4,0
DA:8,0
DA:12,0
DA:29,0
DA:34,0
DA:35,0
DA:36,0
DA:38,0
DA:44,0
DA:46,0
DA:49,0
DA:52,0
DA:53,0
DA:54,0
DA:55,0
DA:60,0
DA:61,0
DA:62,0
DA:68,0
DA:73,0
DA:79,0
DA:81,0
DA:85,0
DA:89,0
DA:92,0
DA:95,0
DA:96,0
DA:99,0
DA:100,0
DA:101,0
DA:104,0
DA:107,0
DA:109,0
DA:111,0
DA:112,0
DA:113,0
DA:114,0
DA:116,0
DA:119,0
DA:133,0
DA:136,0
DA:141,0
DA:144,0
DA:146,0
DA:151,0
DA:158,0
DA:161,0
DA:162,0
DA:165,0
DA:166,0
DA:167,0
DA:169,0
DA:170,0
DA:174,0
DA:176,0
DA:178,0
DA:179,0
DA:180,0
DA:183,0
DA:184,0
DA:185,0
DA:190,0
DA:191,0
DA:192,0
DA:195,0
DA:197,0
DA:198,0
DA:201,0
DA:204,0
DA:206,0
DA:208,0
DA:209,0
DA:210,0
DA:211,0
DA:213,0
DA:216,0
DA:230,0
DA:233,0
DA:237,0
DA:239,0
LF:83
LH:0
BRDA:52,0,0,0
BRDA:52,0,1,0
BRDA:54,1,0,0
BRDA:61,2,0,0
BRDA:109,3,0,0
BRDA:109,3,1,0
BRDA:166,4,0,0
BRDA:197,5,0,0
BRDA:206,6,0,0
BRDA:206,6,1,0
BRDA:240,7,0,0
BRDA:240,7,1,0
BRF:12
BRH:0
end_of_record
TN:
SF:src/core/application/use-cases/ranking/get-category-based-ranking.use-case.ts
FN:13,(anonymous_7)
FN:44,(anonymous_8)
FN:51,(anonymous_9)
FN:73,(anonymous_11)
FN:75,(anonymous_12)
FN:75,(anonymous_13)
FN:78,(anonymous_14)
FNF:7
FNH:0
FNDA:0,(anonymous_7)
FNDA:0,(anonymous_8)
FNDA:0,(anonymous_9)
FNDA:0,(anonymous_11)
FNDA:0,(anonymous_12)
FNDA:0,(anonymous_13)
FNDA:0,(anonymous_14)
DA:1,0
DA:2,0
DA:3,0
DA:8,0
DA:11,0
DA:13,0
DA:40,0
DA:45,0
DA:46,0
DA:48,0
DA:54,0
DA:56,0
DA:59,0
DA:62,0
DA:73,0
DA:74,0
DA:75,0
DA:78,0
DA:80,0
DA:82,0
DA:84,0
DA:85,0
DA:89,0
DA:96,0
DA:102,0
LF:25
LH:0
BRDA:103,0,0,0
BRDA:103,0,1,0
BRF:2
BRH:0
end_of_record
TN:
SF:src/core/application/use-cases/ranking/get-global-ranking-list.use-case.ts
FN:41,(anonymous_7)
FN:48,(anonymous_8)
FN:70,(anonymous_10)
FN:72,(anonymous_11)
FN:72,(anonymous_12)
FN:75,(anonymous_13)
FNF:6
FNH:0
FNDA:0,(anonymous_7)
FNDA:0,(anonymous_8)
FNDA:0,(anonymous_10)
FNDA:0,(anonymous_11)
FNDA:0,(anonymous_12)
FNDA:0,(anonymous_13)
DA:1,0
DA:2,0
DA:3,0
DA:8,0
DA:11,0
DA:37,0
DA:42,0
DA:43,0
DA:45,0
DA:51,0
DA:53,0
DA:56,0
DA:61,0
DA:70,0
DA:71,0
DA:72,0
DA:75,0
DA:77,0
DA:79,0
DA:81,0
DA:82,0
DA:86,0
DA:93,0
DA:98,0
LF:24
LH:0
BRDA:99,0,0,0
BRDA:99,0,1,0
BRF:2
BRH:0
end_of_record
TN:
SF:src/core/application/use-cases/ranking/update-rankings-after-match.use-case.ts
FN:33,(anonymous_7)
FN:41,(anonymous_8)
FN:95,(anonymous_10)
FNF:3
FNH:0
FNDA:0,(anonymous_7)
FNDA:0,(anonymous_8)
FNDA:0,(anonymous_10)
DA:1,0
DA:2,0
DA:3,0
DA:7,0
DA:10,0
DA:29,0
DA:34,0
DA:35,0
DA:36,0
DA:38,0
DA:44,0
DA:46,0
DA:49,0
DA:51,0
DA:52,0
DA:58,0
DA:59,0
DA:65,0
DA:68,0
DA:70,0
DA:71,0
DA:75,0
DA:76,0
DA:80,0
DA:85,0
DA:96,0
DA:99,0
DA:100,0
DA:103,0
DA:104,0
DA:108,0
DA:109,0
DA:112,0
DA:113,0
DA:117,0
LF:35
LH:0
BRDA:51,0,0,0
BRDA:58,1,0,0
BRDA:75,2,0,0
BRDA:86,3,0,0
BRDA:86,3,1,0
BRDA:99,4,0,0
BRDA:103,5,0,0
BRDA:108,6,0,0
BRDA:112,7,0,0
BRF:9
BRH:0
end_of_record
TN:
SF:src/core/application/use-cases/statistic/calculate-player-statistics.use-case.ts
FN:32,(anonymous_7)
FN:40,(anonymous_8)
FN:65,(anonymous_10)
FN:102,(anonymous_11)
FNF:4
FNH:0
FNDA:0,(anonymous_7)
FNDA:0,(anonymous_8)
FNDA:0,(anonymous_10)
FNDA:0,(anonymous_11)
DA:1,0
DA:2,0
DA:3,0
DA:4,0
DA:8,0
DA:11,0
DA:28,0
DA:33,0
DA:34,0
DA:35,0
DA:37,0
DA:41,0
DA:44,0
DA:45,0
DA:47,0
DA:48,0
DA:52,0
DA:56,0
DA:57,0
DA:58,0
DA:64,0
DA:65,0
DA:68,0
DA:70,0
DA:72,0
DA:78,0
DA:82,0
DA:85,0
DA:86,0
DA:88,0
DA:91,0
DA:93,0
DA:107,0
DA:108,0
DA:112,0
DA:113,0
DA:116,0
DA:117,0
DA:120,0
DA:121,0
DA:123,0
DA:124,0
DA:128,0
DA:129,0
DA:131,0
DA:132,0
DA:136,0
DA:139,0
DA:143,0
DA:144,0
DA:149,0
DA:150,0
LF:52
LH:0
BRDA:47,0,0,0
BRDA:57,1,0,0
BRDA:70,2,0,0
BRDA:70,2,1,0
BRDA:85,3,0,0
BRDA:85,3,1,0
BRDA:94,4,0,0
BRDA:94,4,1,0
BRDA:107,5,0,0
BRDA:120,6,0,0
BRDA:120,6,1,0
BRDA:121,7,0,0
BRDA:121,7,1,0
BRDA:123,8,0,0
BRDA:123,9,0,0
BRDA:123,9,1,0
BRDA:128,10,0,0
BRDA:128,10,1,0
BRDA:129,11,0,0
BRDA:129,11,1,0
BRDA:131,12,0,0
BRDA:131,13,0,0
BRDA:131,13,1,0
BRDA:143,14,0,0
BRF:24
BRH:0
end_of_record
TN:
SF:src/core/application/use-cases/statistic/get-player-statistics.use-case.ts
FN:36,(anonymous_7)
FN:43,(anonymous_8)
FNF:2
FNH:0
FNDA:0,(anonymous_7)
FNDA:0,(anonymous_8)
DA:1,0
DA:2,0
DA:3,0
DA:9,0
DA:32,0
DA:37,0
DA:38,0
DA:40,0
DA:44,0
DA:47,0
DA:48,0
DA:50,0
DA:51,0
DA:55,0
DA:59,0
DA:60,0
DA:61,0
DA:67,0
DA:69,0
DA:70,0
DA:78,0
DA:80,0
LF:22
LH:0
BRDA:50,0,0,0
BRDA:60,1,0,0
BRDA:69,2,0,0
BRDA:81,3,0,0
BRDA:81,3,1,0
BRF:5
BRH:0
end_of_record
TN:
SF:src/core/application/use-cases/statistic/get-tournament-statistics.use-case.ts
FN:65,(anonymous_7)
FN:73,(anonymous_8)
FN:176,(anonymous_10)
FN:181,(anonymous_11)
FN:211,(anonymous_12)
FN:221,(anonymous_13)
FN:265,(anonymous_14)
FN:282,(anonymous_15)
FNF:8
FNH:0
FNDA:0,(anonymous_7)
FNDA:0,(anonymous_8)
FNDA:0,(anonymous_10)
FNDA:0,(anonymous_11)
FNDA:0,(anonymous_12)
FNDA:0,(anonymous_13)
FNDA:0,(anonymous_14)
FNDA:0,(anonymous_15)
DA:1,0
DA:2,0
DA:3,0
DA:10,0
DA:18,0
DA:61,0
DA:66,0
DA:67,0
DA:68,0
DA:70,0
DA:74,0
DA:77,0
DA:78,0
DA:80,0
DA:81,0
DA:85,0
DA:89,0
DA:90,0
DA:91,0
DA:97,0
DA:105,0
DA:109,0
DA:110,0
DA:116,0
DA:119,0
DA:121,0
DA:122,0
DA:123,0
DA:124,0
DA:129,0
DA:130,0
DA:136,0
DA:143,0
DA:144,0
DA:150,0
DA:153,0
DA:156,0
DA:167,0
DA:181,0
DA:182,0
DA:184,0
DA:186,0
DA:187,0
DA:189,0
DA:190,0
DA:192,0
DA:193,0
DA:195,0
DA:196,0
DA:198,0
DA:199,0
DA:201,0
DA:204,0
DA:213,0
DA:214,0
DA:215,0
DA:218,0
DA:219,0
DA:221,0
DA:223,0
DA:227,0
DA:234,0
DA:238,0
DA:245,0
DA:249,0
DA:256,0
DA:259,0
DA:260,0
DA:265,0
DA:266,0
DA:270,0
DA:284,0
DA:285,0
DA:286,0
DA:287,0
DA:291,0
DA:292,0
DA:293,0
DA:294,0
DA:298,0
DA:299,0
DA:300,0
DA:301,0
LF:83
LH:0
BRDA:80,0,0,0
BRDA:90,1,0,0
BRDA:97,2,0,0
BRDA:97,2,1,0
BRDA:109,3,0,0
BRDA:123,4,0,0
BRDA:129,5,0,0
BRDA:168,6,0,0
BRDA:168,6,1,0
BRDA:184,7,0,0
BRDA:184,7,1,0
BRDA:184,7,2,0
BRDA:184,7,3,0
BRDA:184,7,4,0
BRDA:184,7,5,0
BRDA:204,8,0,0
BRDA:204,8,1,0
BRDA:223,9,0,0
BRDA:224,10,0,0
BRDA:224,10,1,0
BRDA:234,11,0,0
BRDA:235,12,0,0
BRDA:235,12,1,0
BRDA:235,12,2,0
BRDA:245,13,0,0
BRDA:246,14,0,0
BRDA:246,14,1,0
BRDA:259,15,0,0
BRDA:266,16,0,0
BRDA:266,16,1,0
BRDA:284,17,0,0
BRDA:286,18,0,0
BRDA:287,19,0,0
BRDA:287,19,1,0
BRDA:291,20,0,0
BRDA:293,21,0,0
BRDA:294,22,0,0
BRDA:294,22,1,0
BRDA:298,23,0,0
BRDA:300,24,0,0
BRDA:301,25,0,0
BRDA:301,25,1,0
BRF:42
BRH:0
end_of_record
TN:
SF:src/core/application/use-cases/statistic/list-global-statistics.use-case.ts
FN:84,(anonymous_7)
FN:91,(anonymous_8)
FN:131,(anonymous_10)
FN:134,(anonymous_11)
FN:137,(anonymous_12)
FN:191,(anonymous_13)
FN:200,(anonymous_14)
FN:235,(anonymous_15)
FN:239,(anonymous_16)
FN:240,(anonymous_17)
FN:261,(anonymous_18)
FN:293,(anonymous_19)
FNF:12
FNH:0
FNDA:0,(anonymous_7)
FNDA:0,(anonymous_8)
FNDA:0,(anonymous_10)
FNDA:0,(anonymous_11)
FNDA:0,(anonymous_12)
FNDA:0,(anonymous_13)
FNDA:0,(anonymous_14)
FNDA:0,(anonymous_15)
FNDA:0,(anonymous_16)
FNDA:0,(anonymous_17)
FNDA:0,(anonymous_18)
FNDA:0,(anonymous_19)
DA:1,0
DA:2,0
DA:3,0
DA:7,0
DA:10,0
DA:18,0
DA:80,0
DA:85,0
DA:86,0
DA:88,0
DA:92,0
DA:95,0
DA:96,0
DA:98,0
DA:99,0
DA:103,0
DA:107,0
DA:115,0
DA:117,0
DA:118,0
DA:124,0
DA:127,0
DA:129,0
DA:130,0
DA:131,0
DA:134,0
DA:136,0
DA:137,0
DA:140,0
DA:141,0
DA:148,0
DA:155,0
DA:161,0
DA:162,0
DA:168,0
DA:171,0
DA:182,0
DA:197,0
DA:200,0
DA:201,0
DA:203,0
DA:205,0
DA:206,0
DA:208,0
DA:209,0
DA:211,0
DA:212,0
DA:214,0
DA:215,0
DA:217,0
DA:218,0
DA:220,0
DA:223,0
DA:226,0
DA:239,0
DA:240,0
DA:243,0
DA:254,0
DA:271,0
DA:278,0
DA:285,0
DA:288,0
DA:289,0
DA:290,0
DA:293,0
DA:295,0
DA:297,0
DA:298,0
DA:299,0
DA:303,0
DA:307,0
DA:316,0
DA:320,0
DA:329,0
DA:333,0
DA:343,0
DA:347,0
LF:77
LH:0
BRDA:98,0,0,0
BRDA:107,1,0,0
BRDA:107,1,1,0
BRDA:117,2,0,0
BRDA:129,3,0,0
BRDA:140,4,0,0
BRDA:183,5,0,0
BRDA:183,5,1,0
BRDA:203,6,0,0
BRDA:203,6,1,0
BRDA:203,6,2,0
BRDA:203,6,3,0
BRDA:203,6,4,0
BRDA:203,6,5,0
BRDA:223,7,0,0
BRDA:223,7,1,0
BRDA:245,8,0,0
BRDA:245,8,1,0
BRDA:245,9,0,0
BRDA:245,9,1,0
BRDA:245,10,0,0
BRDA:245,10,1,0
BRDA:246,11,0,0
BRDA:246,11,1,0
BRDA:246,12,0,0
BRDA:246,12,1,0
BRDA:246,13,0,0
BRDA:246,13,1,0
BRDA:247,14,0,0
BRDA:247,14,1,0
BRDA:247,15,0,0
BRDA:247,15,1,0
BRDA:247,16,0,0
BRDA:247,16,1,0
BRDA:297,17,0,0
BRDA:303,18,0,0
BRDA:304,19,0,0
BRDA:304,19,1,0
BRDA:316,20,0,0
BRDA:317,21,0,0
BRDA:317,21,1,0
BRDA:317,21,2,0
BRDA:329,22,0,0
BRDA:330,23,0,0
BRDA:330,23,1,0
BRDA:343,24,0,0
BRDA:343,24,1,0
BRF:47
BRH:0
end_of_record
TN:
SF:src/core/application/use-cases/statistic/update-statistics-after-match.use-case.ts
FN:34,(anonymous_7)
FN:41,(anonymous_8)
FN:125,(anonymous_10)
FNF:3
FNH:0
FNDA:0,(anonymous_7)
FNDA:0,(anonymous_8)
FNDA:0,(anonymous_10)
DA:1,0
DA:2,0
DA:3,0
DA:4,0
DA:7,0
DA:10,0
DA:30,0
DA:35,0
DA:36,0
DA:38,0
DA:42,0
DA:45,0
DA:46,0
DA:48,0
DA:49,0
DA:53,0
DA:57,0
DA:58,0
DA:59,0
DA:65,0
DA:66,0
DA:72,0
DA:73,0
DA:79,0
DA:80,0
DA:83,0
DA:89,0
DA:96,0
DA:102,0
DA:109,0
DA:116,0
DA:131,0
DA:133,0
DA:135,0
DA:142,0
DA:145,0
DA:146,0
DA:148,0
DA:151,0
LF:39
LH:0
BRDA:48,0,0,0
BRDA:58,1,0,0
BRDA:65,2,0,0
BRDA:72,3,0,0
BRDA:72,4,0,0
BRDA:72,4,1,0
BRDA:117,5,0,0
BRDA:117,5,1,0
BRDA:133,6,0,0
BRDA:145,7,0,0
BRDA:145,7,1,0
BRF:11
BRH:0
end_of_record
TN:
SF:src/core/application/use-cases/tournament/cancel-tournament.use-case.ts
FN:33,(anonymous_7)
FN:40,(anonymous_8)
FNF:2
FNH:0
FNDA:0,(anonymous_7)
FNDA:0,(anonymous_8)
DA:1,0
DA:2,0
DA:3,0
DA:4,0
DA:6,0
DA:10,0
DA:29,0
DA:34,0
DA:35,0
DA:37,0
DA:43,0
DA:45,0
DA:46,0
DA:47,0
DA:52,0
DA:55,0
DA:56,0
DA:57,0
DA:63,0
DA:64,0
DA:69,0
DA:70,0
DA:75,0
DA:76,0
DA:82,0
DA:83,0
DA:84,0
DA:90,0
DA:91,0
DA:93,0
DA:94,0
DA:100,0
DA:101,0
DA:104,0
DA:107,0
DA:112,0
LF:36
LH:0
BRDA:46,0,0,0
BRDA:56,1,0,0
BRDA:63,2,0,0
BRDA:69,3,0,0
BRDA:75,4,0,0
BRDA:83,5,0,0
BRDA:93,6,0,0
BRDA:93,7,0,0
BRDA:93,7,1,0
BRDA:113,8,0,0
BRDA:113,8,1,0
BRF:11
BRH:0
end_of_record
TN:
SF:src/core/application/use-cases/tournament/complete-tournament.use-case.ts
FN:33,(anonymous_7)
FN:40,(anonymous_8)
FNF:2
FNH:0
FNDA:0,(anonymous_7)
FNDA:0,(anonymous_8)
DA:1,0
DA:2,0
DA:3,0
DA:4,0
DA:6,0
DA:10,0
DA:29,0
DA:34,0
DA:35,0
DA:37,0
DA:43,0
DA:45,0
DA:46,0
DA:47,0
DA:52,0
DA:55,0
DA:56,0
DA:57,0
DA:63,0
DA:64,0
DA:70,0
DA:71,0
DA:72,0
DA:78,0
DA:79,0
DA:81,0
DA:82,0
DA:88,0
DA:89,0
DA:92,0
DA:95,0
DA:100,0
LF:32
LH:0
BRDA:46,0,0,0
BRDA:56,1,0,0
BRDA:63,2,0,0
BRDA:71,3,0,0
BRDA:81,4,0,0
BRDA:81,5,0,0
BRDA:81,5,1,0
BRDA:101,6,0,0
BRDA:101,6,1,0
BRF:9
BRH:0
end_of_record
TN:
SF:src/core/application/use-cases/tournament/create-tournament.use-case.ts
FN:11,(anonymous_7)
FN:14,(anonymous_8)
FN:18,(anonymous_9)
FN:21,(anonymous_10)
FN:25,(anonymous_11)
FN:29,(anonymous_12)
FN:37,(anonymous_13)
FN:41,(anonymous_14)
FNF:8
FNH:0
FNDA:0,(anonymous_7)
FNDA:0,(anonymous_8)
FNDA:0,(anonymous_9)
FNDA:0,(anonymous_10)
FNDA:0,(anonymous_11)
FNDA:0,(anonymous_12)
FNDA:0,(anonymous_13)
FNDA:0,(anonymous_14)
DA:1,0
DA:2,0
DA:3,0
DA:4,0
DA:8,0
DA:11,0
DA:14,0
DA:18,0
DA:21,0
DA:25,0
DA:29,0
DA:36,0
DA:37,0
DA:38,0
DA:42,0
DA:44,0
DA:45,0
DA:46,0
DA:49,0
DA:52,0
DA:53,0
DA:54,0
DA:59,0
DA:60,0
DA:63,0
DA:64,0
DA:68,0
DA:84,0
DA:86,0
DA:88,0
LF:30
LH:0
BRDA:45,0,0,0
BRDA:53,1,0,0
BRDA:53,1,1,0
BRDA:54,2,0,0
BRDA:54,2,1,0
BRDA:59,3,0,0
BRDA:59,4,0,0
BRDA:59,4,1,0
BRDA:63,5,0,0
BRDA:63,6,0,0
BRDA:63,6,1,0
BRDA:76,7,0,0
BRDA:76,7,1,0
BRDA:76,8,0,0
BRDA:76,8,1,0
BRDA:77,9,0,0
BRDA:77,9,1,0
BRDA:77,10,0,0
BRDA:77,10,1,0
BRDA:79,11,0,0
BRDA:79,11,1,0
BRDA:79,12,0,0
BRDA:79,12,1,0
BRDA:89,13,0,0
BRDA:89,13,1,0
BRF:25
BRH:0
end_of_record
TN:
SF:src/core/application/use-cases/tournament/generate-tournament-bracket.use-case.ts
FN:38,(anonymous_7)
FN:46,(anonymous_8)
FN:130,(anonymous_10)
FN:201,(anonymous_12)
FNF:4
FNH:0
FNDA:0,(anonymous_7)
FNDA:0,(anonymous_8)
FNDA:0,(anonymous_10)
FNDA:0,(anonymous_12)
DA:1,0
DA:2,0
DA:3,0
DA:4,0
DA:7,0
DA:8,0
DA:9,0
DA:13,0
DA:34,0
DA:39,0
DA:40,0
DA:41,0
DA:43,0
DA:49,0
DA:51,0
DA:52,0
DA:53,0
DA:58,0
DA:61,0
DA:62,0
DA:63,0
DA:69,0
DA:70,0
DA:71,0
DA:74,0
DA:75,0
DA:77,0
DA:78,0
DA:84,0
DA:85,0
DA:86,0
DA:92,0
DA:93,0
DA:94,0
DA:100,0
DA:101,0
DA:102,0
DA:108,0
DA:109,0
DA:110,0
DA:112,0
DA:117,0
DA:135,0
DA:138,0
DA:139,0
DA:142,0
DA:145,0
DA:146,0
DA:149,0
DA:150,0
DA:152,0
DA:154,0
DA:156,0
DA:158,0
DA:161,0
DA:162,0
DA:166,0
DA:181,0
DA:186,0
DA:187,0
DA:190,0
DA:202,0
DA:203,0
DA:204,0
DA:206,0
LF:65
LH:0
BRDA:52,0,0,0
BRDA:62,1,0,0
BRDA:70,2,0,0
BRDA:77,3,0,0
BRDA:77,4,0,0
BRDA:77,4,1,0
BRDA:85,5,0,0
BRDA:93,6,0,0
BRDA:101,7,0,0
BRDA:108,8,0,0
BRDA:108,8,1,0
BRDA:118,9,0,0
BRDA:118,9,1,0
BRDA:156,10,0,0
BRDA:156,10,1,0
BRF:15
BRH:0
end_of_record
TN:
SF:src/core/application/use-cases/tournament/get-tournament-bracket.use-case.ts
FN:38,(anonymous_7)
FN:45,(anonymous_8)
FN:84,(anonymous_10)
FN:106,(anonymous_11)
FN:123,(anonymous_12)
FN:130,(anonymous_13)
FNF:6
FNH:0
FNDA:0,(anonymous_7)
FNDA:0,(anonymous_8)
FNDA:0,(anonymous_10)
FNDA:0,(anonymous_11)
FNDA:0,(anonymous_12)
FNDA:0,(anonymous_13)
DA:1,0
DA:2,0
DA:3,0
DA:9,0
DA:34,0
DA:39,0
DA:40,0
DA:42,0
DA:48,0
DA:50,0
DA:51,0
DA:52,0
DA:57,0
DA:60,0
DA:61,0
DA:62,0
DA:68,0
DA:71,0
DA:72,0
DA:81,0
DA:84,0
DA:86,0
DA:93,0
DA:108,0
DA:111,0
DA:112,0
DA:113,0
DA:114,0
DA:116,0
DA:120,0
DA:123,0
DA:125,0
DA:126,0
DA:130,0
DA:132,0
DA:138,0
LF:36
LH:0
BRDA:51,0,0,0
BRDA:61,1,0,0
BRDA:71,2,0,0
BRDA:94,3,0,0
BRDA:94,3,1,0
BRDA:113,4,0,0
BRDA:116,5,0,0
BRDA:116,5,1,0
BRDA:116,6,0,0
BRDA:116,6,1,0
BRDA:126,7,0,0
BRDA:126,7,1,0
BRF:12
BRH:0
end_of_record
TN:
SF:src/core/application/use-cases/tournament/get-tournament-details.use-case.ts
FN:30,(anonymous_7)
FN:34,(anonymous_8)
FNF:2
FNH:0
FNDA:0,(anonymous_7)
FNDA:0,(anonymous_8)
DA:1,0
DA:2,0
DA:3,0
DA:8,0
DA:26,0
DA:30,0
DA:31,0
DA:37,0
DA:39,0
DA:40,0
DA:41,0
DA:46,0
DA:49,0
DA:52,0
DA:53,0
DA:59,0
DA:64,0
DA:66,0
DA:69,0
DA:75,0
DA:77,0
LF:21
LH:0
BRDA:40,0,0,0
BRDA:52,1,0,0
BRDA:64,2,0,0
BRDA:78,3,0,0
BRDA:78,3,1,0
BRF:5
BRH:0
end_of_record
TN:
SF:src/core/application/use-cases/tournament/get-tournament-participants.use-case.ts
FN:36,(anonymous_7)
FN:40,(anonymous_8)
FNF:2
FNH:0
FNDA:0,(anonymous_7)
FNDA:0,(anonymous_8)
DA:1,0
DA:2,0
DA:3,0
DA:7,0
DA:32,0
DA:36,0
DA:37,0
DA:43,0
DA:45,0
DA:46,0
DA:47,0
DA:52,0
DA:55,0
DA:56,0
DA:57,0
DA:63,0
DA:66,0
DA:69,0
DA:72,0
DA:77,0
DA:83,0
DA:95,0
DA:97,0
LF:23
LH:0
BRDA:46,0,0,0
BRDA:56,1,0,0
BRDA:98,2,0,0
BRDA:98,2,1,0
BRF:4
BRH:0
end_of_record
TN:
SF:src/core/application/use-cases/tournament/list-tournaments.use-case.ts
FN:16,(anonymous_7)
FN:20,(anonymous_8)
FN:57,(anonymous_9)
FN:61,(anonymous_10)
FNF:4
FNH:0
FNDA:0,(anonymous_7)
FNDA:0,(anonymous_8)
FNDA:0,(anonymous_9)
FNDA:0,(anonymous_10)
DA:1,0
DA:2,0
DA:3,0
DA:4,0
DA:8,0
DA:17,0
DA:18,0
DA:21,0
DA:22,0
DA:53,0
DA:57,0
DA:58,0
DA:64,0
DA:66,0
DA:67,0
DA:68,0
DA:83,0
DA:86,0
DA:88,0
DA:89,0
DA:92,0
DA:93,0
DA:96,0
DA:97,0
DA:99,0
DA:100,0
DA:103,0
DA:104,0
DA:108,0
DA:109,0
DA:113,0
DA:116,0
DA:122,0
DA:125,0
DA:132,0
DA:133,0
DA:142,0
DA:147,0
LF:38
LH:0
BRDA:17,0,0,0
BRDA:21,1,0,0
BRDA:67,2,0,0
BRDA:88,3,0,0
BRDA:92,4,0,0
BRDA:96,5,0,0
BRDA:96,6,0,0
BRDA:96,6,1,0
BRDA:99,7,0,0
BRDA:103,8,0,0
BRDA:108,9,0,0
BRDA:148,10,0,0
BRDA:148,10,1,0
BRF:13
BRH:0
end_of_record
TN:
SF:src/core/application/use-cases/tournament/register-to-tournament.use-case.ts
FN:25,(anonymous_7)
FN:32,(anonymous_8)
FNF:2
FNH:0
FNDA:0,(anonymous_7)
FNDA:0,(anonymous_8)
DA:1,0
DA:2,0
DA:3,0
DA:4,0
DA:7,0
DA:10,0
DA:21,0
DA:26,0
DA:27,0
DA:29,0
DA:36,0
DA:37,0
DA:38,0
DA:42,0
DA:43,0
DA:44,0
DA:48,0
DA:49,0
DA:50,0
DA:54,0
DA:55,0
DA:59,0
DA:63,0
DA:64,0
DA:68,0
DA:69,0
DA:75,0
DA:76,0
DA:80,0
DA:81,0
DA:84,0
DA:85,0
DA:90,0
DA:92,0
LF:34
LH:0
BRDA:37,0,0,0
BRDA:43,1,0,0
BRDA:49,2,0,0
BRDA:54,3,0,0
BRDA:63,4,0,0
BRDA:68,5,0,0
BRDA:75,6,0,0
BRDA:75,7,0,0
BRDA:75,7,1,0
BRDA:80,8,0,0
BRDA:84,9,0,0
BRF:11
BRH:0
end_of_record
TN:
SF:src/core/application/use-cases/tournament/start-tournament.use-case.ts
FN:35,(anonymous_7)
FN:43,(anonymous_8)
FNF:2
FNH:0
FNDA:0,(anonymous_7)
FNDA:0,(anonymous_8)
DA:1,0
DA:2,0
DA:3,0
DA:4,0
DA:6,0
DA:11,0
DA:31,0
DA:36,0
DA:37,0
DA:38,0
DA:40,0
DA:46,0
DA:48,0
DA:49,0
DA:50,0
DA:55,0
DA:58,0
DA:59,0
DA:60,0
DA:66,0
DA:67,0
DA:73,0
DA:74,0
DA:75,0
DA:81,0
DA:82,0
DA:84,0
DA:85,0
DA:91,0
DA:92,0
DA:93,0
DA:99,0
DA:100,0
DA:103,0
DA:106,0
DA:111,0
DA:113,0
DA:115,0
DA:116,0
DA:118,0
DA:124,0
DA:129,0
LF:42
LH:0
BRDA:49,0,0,0
BRDA:59,1,0,0
BRDA:66,2,0,0
BRDA:74,3,0,0
BRDA:84,4,0,0
BRDA:84,5,0,0
BRDA:84,5,1,0
BRDA:92,6,0,0
BRDA:113,7,0,0
BRDA:130,8,0,0
BRDA:130,8,1,0
BRF:11
BRH:0
end_of_record
TN:
SF:src/core/application/use-cases/tournament/unregister-from-tournament.use-case.ts
FN:23,(anonymous_7)
FN:27,(anonymous_8)
FNF:2
FNH:0
FNDA:0,(anonymous_7)
FNDA:0,(anonymous_8)
DA:1,0
DA:2,0
DA:3,0
DA:4,0
DA:8,0
DA:19,0
DA:23,0
DA:24,0
DA:31,0
DA:32,0
DA:33,0
DA:39,0
DA:40,0
DA:41,0
DA:47,0
DA:51,0
DA:52,0
DA:58,0
DA:59,0
DA:65,0
DA:66,0
DA:67,0
DA:73,0
DA:78,0
LF:24
LH:0
BRDA:32,0,0,0
BRDA:40,1,0,0
BRDA:51,2,0,0
BRDA:58,3,0,0
BRDA:58,4,0,0
BRDA:58,4,1,0
BRDA:66,5,0,0
BRDA:66,6,0,0
BRDA:66,6,1,0
BRF:9
BRH:0
end_of_record
TN:
SF:src/core/application/use-cases/tournament/update-tournament-matches-and-standings.use-case.ts
FN:35,(anonymous_7)
FN:42,(anonymous_8)
FN:90,(anonymous_10)
FN:146,(anonymous_11)
FN:162,(anonymous_12)
FN:167,(anonymous_13)
FN:172,(anonymous_14)
FN:190,(anonymous_15)
FN:216,(anonymous_16)
FNF:9
FNH:0
FNDA:0,(anonymous_7)
FNDA:0,(anonymous_8)
FNDA:0,(anonymous_10)
FNDA:0,(anonymous_11)
FNDA:0,(anonymous_12)
FNDA:0,(anonymous_13)
FNDA:0,(anonymous_14)
FNDA:0,(anonymous_15)
FNDA:0,(anonymous_16)
DA:1,0
DA:2,0
DA:3,0
DA:4,0
DA:7,0
DA:10,0
DA:31,0
DA:36,0
DA:37,0
DA:39,0
DA:45,0
DA:47,0
DA:48,0
DA:49,0
DA:54,0
DA:57,0
DA:58,0
DA:59,0
DA:65,0
DA:66,0
DA:72,0
DA:73,0
DA:74,0
DA:80,0
DA:83,0
DA:86,0
DA:89,0
DA:90,0
DA:93,0
DA:94,0
DA:100,0
DA:103,0
DA:105,0
DA:107,0
DA:109,0
DA:110,0
DA:112,0
DA:121,0
DA:127,0
DA:135,0
DA:147,0
DA:149,0
DA:150,0
DA:151,0
DA:153,0
DA:156,0
DA:164,0
DA:167,0
DA:169,0
DA:170,0
DA:172,0
DA:174,0
DA:175,0
DA:178,0
DA:181,0
DA:184,0
DA:191,0
DA:193,0
DA:195,0
DA:197,0
DA:198,0
DA:202,0
DA:206,0
DA:210,0
DA:221,0
DA:224,0
DA:226,0
DA:227,0
DA:232,0
DA:247,0
DA:248,0
DA:252,0
DA:253,0
DA:254,0
DA:256,0
DA:271,0
DA:272,0
DA:275,0
LF:78
LH:0
BRDA:48,0,0,0
BRDA:58,1,0,0
BRDA:65,2,0,0
BRDA:73,3,0,0
BRDA:86,4,0,0
BRDA:86,4,1,0
BRDA:93,5,0,0
BRDA:103,6,0,0
BRDA:103,6,1,0
BRDA:107,7,0,0
BRDA:107,7,1,0
BRDA:136,8,0,0
BRDA:136,8,1,0
BRDA:150,9,0,0
BRDA:153,10,0,0
BRDA:153,10,1,0
BRDA:153,11,0,0
BRDA:153,11,1,0
BRDA:170,12,0,0
BRDA:170,12,1,0
BRDA:172,13,0,0
BRDA:174,14,0,0
BRDA:195,15,0,0
BRDA:197,16,0,0
BRDA:197,17,0,0
BRDA:197,17,1,0
BRDA:202,18,0,0
BRDA:202,18,1,0
BRDA:224,19,0,0
BRDA:224,20,0,0
BRDA:224,20,1,0
BRF:31
BRH:0
end_of_record
TN:
SF:src/core/application/use-cases/tournament/update-tournament.use-case.ts
FN:12,(anonymous_7)
FN:15,(anonymous_8)
FN:19,(anonymous_9)
FN:22,(anonymous_10)
FN:26,(anonymous_11)
FN:30,(anonymous_12)
FN:37,(anonymous_13)
FN:41,(anonymous_14)
FNF:8
FNH:0
FNDA:0,(anonymous_7)
FNDA:0,(anonymous_8)
FNDA:0,(anonymous_9)
FNDA:0,(anonymous_10)
FNDA:0,(anonymous_11)
FNDA:0,(anonymous_12)
FNDA:0,(anonymous_13)
FNDA:0,(anonymous_14)
DA:1,0
DA:2,0
DA:3,0
DA:4,0
DA:8,0
DA:12,0
DA:15,0
DA:19,0
DA:22,0
DA:26,0
DA:30,0
DA:36,0
DA:37,0
DA:38,0
DA:42,0
DA:44,0
DA:45,0
DA:46,0
DA:49,0
DA:52,0
DA:53,0
DA:54,0
DA:62,0
DA:63,0
DA:66,0
DA:67,0
DA:70,0
DA:71,0
DA:77,0
DA:79,0
DA:80,0
DA:83,0
DA:85,0
DA:89,0
DA:103,0
DA:105,0
DA:107,0
LF:37
LH:0
BRDA:45,0,0,0
BRDA:53,1,0,0
BRDA:62,2,0,0
BRDA:66,3,0,0
BRDA:67,4,0,0
BRDA:67,4,1,0
BRDA:70,5,0,0
BRDA:71,6,0,0
BRDA:71,6,1,0
BRDA:77,7,0,0
BRDA:77,7,1,0
BRDA:79,8,0,0
BRDA:79,9,0,0
BRDA:79,9,1,0
BRDA:79,9,2,0
BRDA:83,10,0,0
BRDA:83,11,0,0
BRDA:83,11,1,0
BRDA:83,11,2,0
BRDA:108,12,0,0
BRDA:108,12,1,0
BRF:21
BRH:0
end_of_record
TN:
SF:src/core/application/use-cases/user/login-user.use-case.ts
FN:16,(anonymous_7)
FN:20,(anonymous_8)
FNF:2
FNH:0
FNDA:0,(anonymous_7)
FNDA:0,(anonymous_8)
DA:1,0
DA:2,0
DA:3,0
DA:8,0
DA:15,0
DA:16,0
DA:17,0
DA:22,0
DA:23,0
DA:24,0
DA:27,0
DA:29,0
DA:35,0
DA:36,0
DA:38,0
LF:15
LH:0
BRDA:23,0,0,0
BRDA:39,1,0,0
BRDA:39,1,1,0
BRF:3
BRH:0
end_of_record
TN:
SF:src/core/application/use-cases/user/logout-user.use-case.ts
FN:15,(anonymous_7)
FN:19,(anonymous_8)
FNF:2
FNH:0
FNDA:0,(anonymous_7)
FNDA:0,(anonymous_8)
DA:1,0
DA:3,0
DA:4,0
DA:8,0
DA:14,0
DA:15,0
DA:16,0
DA:20,0
DA:21,0
DA:22,0
DA:25,0
DA:27,0
DA:29,0
DA:31,0
DA:32,0
DA:38,0
DA:40,0
LF:17
LH:0
BRDA:21,0,0,0
BRDA:31,1,0,0
BRDA:41,2,0,0
BRDA:41,2,1,0
BRF:4
BRH:0
end_of_record
TN:
SF:src/core/application/use-cases/user/refresh-token.use-case.ts
FN:18,(anonymous_7)
FN:22,(anonymous_8)
FNF:2
FNH:0
FNDA:0,(anonymous_7)
FNDA:0,(anonymous_8)
DA:1,0
DA:3,0
DA:4,0
DA:9,0
DA:17,0
DA:18,0
DA:19,0
DA:23,0
DA:24,0
DA:25,0
DA:28,0
DA:29,0
DA:30,0
DA:31,0
DA:33,0
LF:15
LH:0
BRDA:24,0,0,0
BRDA:34,1,0,0
BRDA:34,1,1,0
BRF:3
BRH:0
end_of_record
TN:
SF:src/core/application/use-cases/user/register-user.use-case.ts
FN:15,(anonymous_7)
FN:19,(anonymous_8)
FNF:2
FNH:0
FNDA:0,(anonymous_7)
FNDA:0,(anonymous_8)
DA:1,0
DA:2,0
DA:3,0
DA:5,0
DA:14,0
DA:15,0
DA:16,0
DA:20,0
DA:27,0
DA:28,0
DA:30,0
DA:31,0
DA:35,0
DA:36,0
DA:37,0
DA:40,0
DA:48,0
DA:49,0
LF:18
LH:0
BRDA:30,0,0,0
BRDA:36,1,0,0
BRF:2
BRH:0
end_of_record
TN:
SF:src/core/domain/match/match.entity.ts
FN:1,(anonymous_0)
FN:10,(anonymous_1)
FN:32,(anonymous_2)
FN:46,(anonymous_3)
FN:62,(anonymous_4)
FN:74,(anonymous_5)
FN:86,(anonymous_6)
FN:120,(anonymous_7)
FN:127,(anonymous_8)
FNF:9
FNH:0
FNDA:0,(anonymous_0)
FNDA:0,(anonymous_1)
FNDA:0,(anonymous_2)
FNDA:0,(anonymous_3)
FNDA:0,(anonymous_4)
FNDA:0,(anonymous_5)
FNDA:0,(anonymous_6)
FNDA:0,(anonymous_7)
FNDA:0,(anonymous_8)
DA:1,0
DA:2,0
DA:3,0
DA:4,0
DA:5,0
DA:6,0
DA:9,0
DA:11,0
DA:12,0
DA:13,0
DA:14,0
DA:15,0
DA:16,0
DA:17,0
DA:18,0
DA:19,0
DA:20,0
DA:21,0
DA:22,0
DA:23,0
DA:24,0
DA:33,0
DA:34,0
DA:37,0
DA:38,0
DA:39,0
DA:40,0
DA:47,0
DA:48,0
DA:51,0
DA:52,0
DA:53,0
DA:55,0
DA:56,0
DA:63,0
DA:64,0
DA:67,0
DA:68,0
DA:75,0
DA:76,0
DA:79,0
DA:80,0
DA:97,0
DA:102,0
DA:105,0
DA:106,0
DA:107,0
DA:108,0
DA:109,0
DA:110,0
DA:111,0
DA:112,0
DA:114,0
DA:121,0
DA:128,0
DA:129,0
DA:132,0
DA:133,0
DA:134,0
DA:135,0
DA:138,0
LF:61
LH:0
BRDA:1,0,0,0
BRDA:1,0,1,0
BRDA:23,1,0,0
BRDA:24,2,0,0
BRDA:33,3,0,0
BRDA:46,4,0,0
BRDA:47,5,0,0
BRDA:47,6,0,0
BRDA:47,6,1,0
BRDA:52,7,0,0
BRDA:63,8,0,0
BRDA:75,9,0,0
BRDA:97,10,0,0
BRDA:98,11,0,0
BRDA:98,11,1,0
BRDA:98,11,2,0
BRDA:105,12,0,0
BRDA:106,13,0,0
BRDA:107,14,0,0
BRDA:108,15,0,0
BRDA:109,16,0,0
BRDA:110,17,0,0
BRDA:111,18,0,0
BRDA:112,19,0,0
BRDA:121,20,0,0
BRDA:121,20,1,0
BRDA:128,21,0,0
BRDA:128,22,0,0
BRDA:128,22,1,0
BRDA:128,22,2,0
BRDA:132,23,0,0
BRDA:132,23,1,0
BRDA:134,24,0,0
BRF:33
BRH:0
end_of_record
TN:
SF:src/core/domain/player/player.entity.ts
FN:8,(anonymous_0)
FN:23,(anonymous_1)
FN:32,(anonymous_2)
FNF:3
FNH:0
FNDA:0,(anonymous_0)
FNDA:0,(anonymous_1)
FNDA:0,(anonymous_2)
DA:7,0
DA:9,0
DA:10,0
DA:11,0
DA:12,0
DA:13,0
DA:14,0
DA:15,0
DA:16,0
DA:24,0
DA:25,0
DA:38,0
DA:39,0
DA:42,0
DA:43,0
DA:46,0
DA:47,0
DA:50,0
DA:51,0
DA:54,0
LF:20
LH:0
BRDA:12,0,0,0
BRDA:13,1,0,0
BRDA:14,2,0,0
BRDA:15,3,0,0
BRDA:16,4,0,0
BRDA:38,5,0,0
BRDA:42,6,0,0
BRDA:46,7,0,0
BRDA:50,8,0,0
BRF:9
BRH:0
end_of_record
TN:
SF:src/core/domain/ranking/ranking.entity.ts
FN:6,(anonymous_0)
FN:24,(anonymous_1)
FN:34,(anonymous_2)
FN:48,(anonymous_3)
FN:58,(anonymous_4)
FNF:5
FNH:0
FNDA:0,(anonymous_0)
FNDA:0,(anonymous_1)
FNDA:0,(anonymous_2)
FNDA:0,(anonymous_3)
FNDA:0,(anonymous_4)
DA:5,0
DA:7,0
DA:8,0
DA:9,0
DA:10,0
DA:11,0
DA:12,0
DA:13,0
DA:14,0
DA:15,0
DA:16,0
DA:17,0
DA:25,0
DA:26,0
DA:27,0
DA:35,0
DA:36,0
DA:37,0
DA:40,0
DA:41,0
DA:49,0
DA:50,0
DA:51,0
DA:59,0
DA:60,0
LF:25
LH:0
BRDA:9,0,0,0
BRDA:10,1,0,0
BRDA:11,2,0,0
BRDA:13,3,0,0
BRDA:14,4,0,0
BRDA:15,5,0,0
BRDA:16,6,0,0
BRDA:17,7,0,0
BRDA:37,8,0,0
BRDA:37,8,1,0
BRF:10
BRH:0
end_of_record
TN:
SF:src/core/domain/statistic/statistic.entity.ts
FN:6,(anonymous_0)
FN:36,(anonymous_1)
FN:56,(anonymous_2)
FN:70,(anonymous_3)
FNF:4
FNH:0
FNDA:0,(anonymous_0)
FNDA:0,(anonymous_1)
FNDA:0,(anonymous_2)
FNDA:0,(anonymous_3)
DA:5,0
DA:7,0
DA:8,0
DA:9,0
DA:10,0
DA:11,0
DA:12,0
DA:13,0
DA:14,0
DA:15,0
DA:16,0
DA:17,0
DA:18,0
DA:19,0
DA:22,0
DA:23,0
DA:26,0
DA:27,0
DA:37,0
DA:39,0
DA:40,0
DA:42,0
DA:45,0
DA:46,0
DA:47,0
DA:48,0
DA:49,0
DA:57,0
DA:59,0
DA:60,0
DA:63,0
DA:64,0
DA:71,0
DA:72,0
DA:73,0
DA:74,0
DA:75,0
DA:76,0
DA:77,0
DA:78,0
DA:79,0
DA:80,0
LF:42
LH:0
BRDA:9,0,0,0
BRDA:10,1,0,0
BRDA:11,2,0,0
BRDA:12,3,0,0
BRDA:13,4,0,0
BRDA:14,5,0,0
BRDA:15,6,0,0
BRDA:16,7,0,0
BRDA:17,8,0,0
BRDA:18,9,0,0
BRDA:19,10,0,0
BRDA:22,11,0,0
BRDA:22,12,0,0
BRDA:22,12,1,0
BRDA:26,13,0,0
BRDA:26,14,0,0
BRDA:26,14,1,0
BRDA:26,14,2,0
BRDA:39,15,0,0
BRDA:39,15,1,0
BRDA:59,16,0,0
BRF:21
BRH:0
end_of_record
TN:
SF:src/core/domain/tournament/tournament.entity.ts
FN:1,(anonymous_0)
FN:8,(anonymous_1)
FN:16,(anonymous_2)
FN:25,(anonymous_3)
FN:43,(anonymous_4)
FN:59,(anonymous_5)
FN:68,(anonymous_6)
FN:77,(anonymous_7)
FN:86,(anonymous_8)
FNF:9
FNH:0
FNDA:0,(anonymous_0)
FNDA:0,(anonymous_1)
FNDA:0,(anonymous_2)
FNDA:0,(anonymous_3)
FNDA:0,(anonymous_4)
FNDA:0,(anonymous_5)
FNDA:0,(anonymous_6)
FNDA:0,(anonymous_7)
FNDA:0,(anonymous_8)
DA:1,0
DA:2,0
DA:3,0
DA:4,0
DA:5,0
DA:8,0
DA:9,0
DA:10,0
DA:11,0
DA:12,0
DA:13,0
DA:16,0
DA:17,0
DA:18,0
DA:19,0
DA:20,0
DA:21,0
DA:24,0
DA:26,0
DA:27,0
DA:28,0
DA:29,0
DA:30,0
DA:31,0
DA:32,0
DA:33,0
DA:34,0
DA:35,0
DA:36,0
DA:37,0
DA:38,0
DA:39,0
DA:44,0
DA:45,0
DA:48,0
DA:49,0
DA:52,0
DA:53,0
DA:56,0
DA:60,0
DA:61,0
DA:64,0
DA:65,0
DA:69,0
DA:70,0
DA:73,0
DA:74,0
DA:78,0
DA:79,0
DA:82,0
DA:83,0
DA:99,0
DA:100,0
DA:103,0
DA:104,0
DA:105,0
DA:106,0
DA:107,0
DA:108,0
DA:109,0
DA:110,0
DA:111,0
DA:112,0
DA:114,0
LF:64
LH:0
BRDA:1,0,0,0
BRDA:1,0,1,0
BRDA:8,1,0,0
BRDA:8,1,1,0
BRDA:16,2,0,0
BRDA:16,2,1,0
BRDA:38,3,0,0
BRDA:39,4,0,0
BRDA:44,5,0,0
BRDA:48,6,0,0
BRDA:48,7,0,0
BRDA:48,7,1,0
BRDA:52,8,0,0
BRDA:52,9,0,0
BRDA:52,9,1,0
BRDA:60,10,0,0
BRDA:69,11,0,0
BRDA:78,12,0,0
BRDA:99,13,0,0
BRDA:99,14,0,0
BRDA:99,14,1,0
BRDA:103,15,0,0
BRDA:104,16,0,0
BRDA:105,17,0,0
BRDA:106,18,0,0
BRDA:107,19,0,0
BRDA:108,20,0,0
BRDA:109,21,0,0
BRDA:110,22,0,0
BRDA:111,23,0,0
BRDA:112,24,0,0
BRF:31
BRH:0
end_of_record
TN:
SF:src/core/domain/user/user.entity.ts
FN:2,(anonymous_0)
FN:14,(anonymous_1)
FN:19,(anonymous_2)
FNF:3
FNH:1
FNDA:0,(anonymous_0)
FNDA:0,(anonymous_1)
FNDA:4,(anonymous_2)
DA:1,4
DA:3,0
DA:4,0
DA:5,0
DA:6,0
DA:7,0
DA:8,0
DA:9,0
DA:10,0
DA:15,0
DA:19,4
DA:20,4
DA:21,4
LF:13
LH:4
BRDA:8,0,0,0
BRDA:9,1,0,0
BRDA:10,2,0,0
BRDA:19,3,0,4
BRDA:19,3,1,4
BRF:5
BRH:2
end_of_record
TN:
SF:src/infrastructure/auth/index.ts
FN:3,(anonymous_0)
FNF:1
FNH:0
FNDA:0,(anonymous_0)
DA:1,4
DA:3,4
LF:2
LH:2
BRF:0
BRH:0
end_of_record
TN:
SF:src/infrastructure/auth/supabase/index.ts
FN:3,(anonymous_0)
FNF:1
FNH:0
FNDA:0,(anonymous_0)
DA:1,4
DA:3,4
LF:2
LH:2
BRF:0
BRH:0
end_of_record
TN:
SF:src/infrastructure/auth/supabase/supabase-auth.service.ts
FN:29,(anonymous_9)
FN:45,(anonymous_10)
FN:85,(anonymous_12)
FN:153,(anonymous_14)
FN:207,(anonymous_16)
FN:238,(anonymous_18)
FN:289,(anonymous_20)
FN:323,(anonymous_22)
FN:328,(anonymous_24)
FNF:9
FNH:0
FNDA:0,(anonymous_9)
FNDA:0,(anonymous_10)
FNDA:0,(anonymous_12)
FNDA:0,(anonymous_14)
FNDA:0,(anonymous_16)
FNDA:0,(anonymous_18)
FNDA:0,(anonymous_20)
FNDA:0,(anonymous_22)
FNDA:0,(anonymous_24)
DA:1,4
DA:2,4
DA:12,4
DA:20,4
DA:26,4
DA:30,0
DA:31,0
DA:33,0
DA:34,0
DA:37,0
DA:46,0
DA:47,0
DA:52,0
DA:53,0
DA:57,0
DA:58,0
DA:59,0
DA:62,0
DA:64,0
DA:76,0
DA:86,0
DA:88,0
DA:94,0
DA:95,0
DA:99,0
DA:104,0
DA:105,0
DA:108,0
DA:109,0
DA:115,0
DA:126,0
DA:128,0
DA:129,0
DA:132,0
DA:144,0
DA:154,0
DA:156,0
DA:173,0
DA:175,0
DA:176,0
DA:180,0
DA:181,0
DA:182,0
DA:185,0
DA:187,0
DA:198,0
DA:208,0
DA:210,0
DA:216,0
DA:217,0
DA:220,0
DA:228,0
DA:239,0
DA:241,0
DA:242,0
DA:243,0
DA:247,0
DA:257,0
DA:258,0
DA:262,0
DA:263,0
DA:267,0
DA:268,0
DA:272,0
DA:280,0
DA:290,0
DA:291,0
DA:295,0
DA:296,0
DA:300,0
DA:301,0
DA:302,0
DA:305,0
DA:307,0
DA:319,0
DA:325,0
DA:330,0
LF:77
LH:5
BRDA:33,0,0,0
BRDA:33,1,0,0
BRDA:33,1,1,0
BRDA:52,2,0,0
BRDA:58,3,0,0
BRDA:69,4,0,0
BRDA:69,4,1,0
BRDA:69,5,0,0
BRDA:69,5,1,0
BRDA:94,6,0,0
BRDA:104,7,0,0
BRDA:108,8,0,0
BRDA:119,9,0,0
BRDA:119,9,1,0
BRDA:126,10,0,0
BRDA:133,11,0,0
BRDA:133,11,1,0
BRDA:133,12,0,0
BRDA:133,12,1,0
BRDA:133,13,0,0
BRDA:133,13,1,0
BRDA:133,14,0,0
BRDA:133,14,1,0
BRDA:134,15,0,0
BRDA:134,15,1,0
BRDA:134,16,0,0
BRDA:134,16,1,0
BRDA:134,17,0,0
BRDA:134,17,1,0
BRDA:134,18,0,0
BRDA:134,18,1,0
BRDA:137,19,0,0
BRDA:137,19,1,0
BRDA:137,20,0,0
BRDA:137,20,1,0
BRDA:139,21,0,0
BRDA:139,21,1,0
BRDA:175,22,0,0
BRDA:175,23,0,0
BRDA:175,23,1,0
BRDA:181,24,0,0
BRDA:191,25,0,0
BRDA:191,25,1,0
BRDA:191,26,0,0
BRDA:191,26,1,0
BRDA:216,27,0,0
BRDA:216,28,0,0
BRDA:216,28,1,0
BRDA:242,29,0,0
BRDA:257,30,0,0
BRDA:257,31,0,0
BRDA:257,31,1,0
BRDA:262,32,0,0
BRDA:267,33,0,0
BRDA:295,34,0,0
BRDA:295,35,0,0
BRDA:295,35,1,0
BRDA:301,36,0,0
BRDA:312,37,0,0
BRDA:312,37,1,0
BRDA:312,38,0,0
BRDA:312,38,1,0
BRF:62
BRH:0
end_of_record
TN:
SF:src/shared/result.ts
FN:6,(anonymous_0)
FN:15,(anonymous_1)
FN:22,(anonymous_2)
FN:30,(anonymous_3)
FN:41,(anonymous_4)
FN:52,(anonymous_5)
FN:60,(anonymous_6)
FNF:7
FNH:7
FNDA:31,(anonymous_0)
FNDA:28,(anonymous_1)
FNDA:17,(anonymous_2)
FNDA:14,(anonymous_3)
FNDA:8,(anonymous_4)
FNDA:14,(anonymous_5)
FNDA:17,(anonymous_6)
DA:5,4
DA:7,31
DA:8,31
DA:9,31
DA:16,28
DA:23,17
DA:31,14
DA:32,0
DA:34,14
DA:42,8
DA:43,0
DA:45,8
DA:53,14
DA:61,17
LF:14
LH:12
BRDA:8,0,0,0
BRDA:9,1,0,17
BRDA:31,2,0,0
BRDA:42,3,0,0
BRF:4
BRH:1
end_of_record
TN:
SF:src/shared/errors/auth.error.ts
FN:5,(anonymous_0)
FN:15,(anonymous_1)
FN:25,(anonymous_2)
FN:35,(anonymous_3)
FN:45,(anonymous_4)
FN:55,(anonymous_5)
FN:65,(anonymous_6)
FNF:7
FNH:0
FNDA:0,(anonymous_0)
FNDA:0,(anonymous_1)
FNDA:0,(anonymous_2)
FNDA:0,(anonymous_3)
FNDA:0,(anonymous_4)
FNDA:0,(anonymous_5)
FNDA:0,(anonymous_6)
DA:4,4
DA:6,0
DA:7,0
DA:14,4
DA:16,0
DA:17,0
DA:24,4
DA:26,0
DA:27,0
DA:34,4
DA:36,0
DA:37,0
DA:44,4
DA:46,0
DA:47,0
DA:54,4
DA:56,0
DA:57,0
DA:64,4
DA:66,0
DA:67,0
LF:21
LH:7
BRF:0
BRH:0
end_of_record
